=== SCENARIO: STRESS TEST WITH FAILURE ===
Time(s) | RPM | Temp(C) | OutFan | Beep | Overload
----------------------------------------------------
0.0 | 0.0 | 0 | 0 | OFF | OFF
[CLEAR]
[SET CURSOR 10,1][COLOR 34]=== OIL FURNACE DASHBOARD ===[COLOR 37][SET CURSOR 2,4]INPUT FAN RPM:  [COLOR 31]90.00[COLOR 37][SET CURSOR 2,6]COMBUSTION LVL: 613[SET CURSOR 22,4]OUTPUT FAN: 202[SET CURSOR 22,6]TEMP (C):   [COLOR 33]59[COLOR 37][SET CURSOR 2,10]------------------------------------[SET CURSOR 5,12]BEEP:     [COLOR 31][ ACTIVE ][COLOR 37][SET CURSOR 5,14]OVERLOAD: [COLOR 32][ NORMAL ][COLOR 34][SET CURSOR 2,16]------------------------------------1.0 | 90.0 | 59 | 202 | ON | OFF
[CLEAR]
[SET CURSOR 10,1][COLOR 34]=== OIL FURNACE DASHBOARD ===[COLOR 37][SET CURSOR 2,4]INPUT FAN RPM:  [COLOR 32]120.00[COLOR 37][SET CURSOR 2,6]COMBUSTION LVL: 614[SET CURSOR 22,4]OUTPUT FAN: 203[SET CURSOR 22,6]TEMP (C):   [COLOR 33]59[COLOR 37][SET CURSOR 2,10]------------------------------------[SET CURSOR 5,12]BEEP:     [COLOR 32][ SILENT ][COLOR 37][SET CURSOR 5,14]OVERLOAD: [COLOR 32][ NORMAL ][COLOR 34][SET CURSOR 2,16]------------------------------------2.0 | 120.0 | 59 | 203 | OFF | OFF
[CLEAR]
[SET CURSOR 10,1][COLOR 34]=== OIL FURNACE DASHBOARD ===[COLOR 37][SET CURSOR 2,4]INPUT FAN RPM:  [COLOR 32]180.00[COLOR 37][SET CURSOR 2,6]COMBUSTION LVL: 614[SET CURSOR 22,4]OUTPUT FAN: 203[SET CURSOR 22,6]TEMP (C):   [COLOR 33]59[COLOR 37][SET CURSOR 2,10]------------------------------------[SET CURSOR 5,12]BEEP:     [COLOR 32][ SILENT ][COLOR 37][SET CURSOR 5,14]OVERLOAD: [COLOR 32][ NORMAL ][COLOR 34][SET CURSOR 2,16]------------------------------------3.0 | 180.0 | 59 | 203 | OFF | OFF
[CLEAR]
[SET CURSOR 10,1][COLOR 34]=== OIL FURNACE DASHBOARD ===[COLOR 37][SET CURSOR 2,4]INPUT FAN RPM:  [COLOR 32]210.00[COLOR 37][SET CURSOR 2,6]COMBUSTION LVL: 615[SET CURSOR 22,4]OUTPUT FAN: 203[SET CURSOR 22,6]TEMP (C):   [COLOR 33]59[COLOR 37][SET CURSOR 2,10]------------------------------------[SET CURSOR 5,12]BEEP:     [COLOR 32][ SILENT ][COLOR 37][SET CURSOR 5,14]OVERLOAD: [COLOR 32][ NORMAL ][COLOR 34][SET CURSOR 2,16]------------------------------------4.0 | 210.0 | 59 | 203 | OFF | OFF
[CLEAR]
[SET CURSOR 10,1][COLOR 34]=== OIL FURNACE DASHBOARD ===[COLOR 37][SET CURSOR 2,4]INPUT FAN RPM:  [COLOR 32]210.00[COLOR 37][SET CURSOR 2,6]COMBUSTION LVL: 615[SET CURSOR 22,4]OUTPUT FAN: 203[SET CURSOR 22,6]TEMP (C):   [COLOR 33]59[COLOR 37][SET CURSOR 2,10]------------------------------------[SET CURSOR 5,12]BEEP:     [COLOR 32][ SILENT ][COLOR 37][SET CURSOR 5,14]OVERLOAD: [COLOR 32][ NORMAL ][COLOR 34][SET CURSOR 2,16]------------------------------------5.0 | 210.0 | 59 | 203 | OFF | OFF
[CLEAR]
[SET CURSOR 10,1][COLOR 34]=== OIL FURNACE DASHBOARD ===[COLOR 37][SET CURSOR 2,4]INPUT FAN RPM:  [COLOR 32]240.00[COLOR 37][SET CURSOR 2,6]COMBUSTION LVL: 615[SET CURSOR 22,4]OUTPUT FAN: 203[SET CURSOR 22,6]TEMP (C):   [COLOR 33]59[COLOR 37][SET CURSOR 2,10]------------------------------------[SET CURSOR 5,12]BEEP:     [COLOR 32][ SILENT ][COLOR 37][SET CURSOR 5,14]OVERLOAD: [COLOR 32][ NORMAL ][COLOR 34][SET CURSOR 2,16]------------------------------------6.0 | 240.0 | 59 | 203 | OFF | OFF
[CLEAR]
[SET CURSOR 10,1][COLOR 34]=== OIL FURNACE DASHBOARD ===[COLOR 37][SET CURSOR 2,4]INPUT FAN RPM:  [COLOR 32]210.00[COLOR 37][SET CURSOR 2,6]COMBUSTION LVL: 613[SET CURSOR 22,4]OUTPUT FAN: 202[SET CURSOR 22,6]TEMP (C):   [COLOR 33]59[COLOR 37][SET CURSOR 2,10]------------------------------------[SET CURSOR 5,12]BEEP:     [COLOR 32][ SILENT ][COLOR 37][SET CURSOR 5,14]OVERLOAD: [COLOR 32][ NORMAL ][COLOR 34][SET CURSOR 2,16]------------------------------------7.0 | 210.0 | 59 | 202 | OFF | OFF
[CLEAR]
[SET CURSOR 10,1][COLOR 34]=== OIL FURNACE DASHBOARD ===[COLOR 37][SET CURSOR 2,4]INPUT FAN RPM:  [COLOR 32]240.00[COLOR 37][SET CURSOR 2,6]COMBUSTION LVL: 613[SET CURSOR 22,4]OUTPUT FAN: 202[SET CURSOR 22,6]TEMP (C):   [COLOR 33]59[COLOR 37][SET CURSOR 2,10]------------------------------------[SET CURSOR 5,12]BEEP:     [COLOR 32][ SILENT ][COLOR 37][SET CURSOR 5,14]OVERLOAD: [COLOR 32][ NORMAL ][COLOR 34][SET CURSOR 2,16]------------------------------------8.0 | 240.0 | 59 | 202 | OFF | OFF
[CLEAR]
[SET CURSOR 10,1][COLOR 34]=== OIL FURNACE DASHBOARD ===[COLOR 37][SET CURSOR 2,4]INPUT FAN RPM:  [COLOR 32]210.00[COLOR 37][SET CURSOR 2,6]COMBUSTION LVL: 615[SET CURSOR 22,4]OUTPUT FAN: 203[SET CURSOR 22,6]TEMP (C):   [COLOR 33]60[COLOR 37][SET CURSOR 2,10]------------------------------------[SET CURSOR 5,12]BEEP:     [COLOR 32][ SILENT ][COLOR 37][SET CURSOR 5,14]OVERLOAD: [COLOR 32][ NORMAL ][COLOR 34][SET CURSOR 2,16]------------------------------------9.0 | 210.0 | 60 | 203 | OFF | OFF
[CLEAR]
[SET CURSOR 10,1][COLOR 34]=== OIL FURNACE DASHBOARD ===[COLOR 37][SET CURSOR 2,4]INPUT FAN RPM:  [COLOR 32]240.00[COLOR 37][SET CURSOR 2,6]COMBUSTION LVL: 613[SET CURSOR 22,4]OUTPUT FAN: 202[SET CURSOR 22,6]TEMP (C):   [COLOR 33]59[COLOR 37][SET CURSOR 2,10]------------------------------------[SET CURSOR 5,12]BEEP:     [COLOR 32][ SILENT ][COLOR 37][SET CURSOR 5,14]OVERLOAD: [COLOR 32][ NORMAL ][COLOR 34][SET CURSOR 2,16]------------------------------------10.0 | 240.0 | 59 | 202 | OFF | OFF
[CLEAR]
[SET CURSOR 10,1][COLOR 34]=== OIL FURNACE DASHBOARD ===[COLOR 37][SET CURSOR 2,4]INPUT FAN RPM:  [COLOR 32]210.00[COLOR 37][SET CURSOR 2,6]COMBUSTION LVL: 614[SET CURSOR 22,4]OUTPUT FAN: 203[SET CURSOR 22,6]TEMP (C):   [COLOR 33]59[COLOR 37][SET CURSOR 2,10]------------------------------------[SET CURSOR 5,12]BEEP:     [COLOR 32][ SILENT ][COLOR 37][SET CURSOR 5,14]OVERLOAD: [COLOR 32][ NORMAL ][COLOR 34][SET CURSOR 2,16]------------------------------------11.0 | 210.0 | 59 | 203 | OFF | OFF
[CLEAR]
[SET CURSOR 10,1][COLOR 34]=== OIL FURNACE DASHBOARD ===[COLOR 37][SET CURSOR 2,4]INPUT FAN RPM:  [COLOR 32]240.00[COLOR 37][SET CURSOR 2,6]COMBUSTION LVL: 613[SET CURSOR 22,4]OUTPUT FAN: 202[SET CURSOR 22,6]TEMP (C):   [COLOR 33]59[COLOR 37][SET CURSOR 2,10]------------------------------------[SET CURSOR 5,12]BEEP:     [COLOR 32][ SILENT ][COLOR 37][SET CURSOR 5,14]OVERLOAD: [COLOR 32][ NORMAL ][COLOR 34][SET CURSOR 2,16]------------------------------------12.0 | 240.0 | 59 | 202 | OFF | OFF
[CLEAR]
[SET CURSOR 10,1][COLOR 34]=== OIL FURNACE DASHBOARD ===[COLOR 37][SET CURSOR 2,4]INPUT FAN RPM:  [COLOR 32]240.00[COLOR 37][SET CURSOR 2,6]COMBUSTION LVL: 613[SET CURSOR 22,4]OUTPUT FAN: 202[SET CURSOR 22,6]TEMP (C):   [COLOR 33]60[COLOR 37][SET CURSOR 2,10]------------------------------------[SET CURSOR 5,12]BEEP:     [COLOR 32][ SILENT ][COLOR 37][SET CURSOR 5,14]OVERLOAD: [COLOR 32][ NORMAL ][COLOR 34][SET CURSOR 2,16]------------------------------------13.0 | 240.0 | 60 | 202 | OFF | OFF
[CLEAR]
[SET CURSOR 10,1][COLOR 34]=== OIL FURNACE DASHBOARD ===[COLOR 37][SET CURSOR 2,4]INPUT FAN RPM:  [COLOR 32]240.00[COLOR 37][SET CURSOR 2,6]COMBUSTION LVL: 614[SET CURSOR 22,4]OUTPUT FAN: 203[SET CURSOR 22,6]TEMP (C):   [COLOR 33]59[COLOR 37][SET CURSOR 2,10]------------------------------------[SET CURSOR 5,12]BEEP:     [COLOR 32][ SILENT ][COLOR 37][SET CURSOR 5,14]OVERLOAD: [COLOR 32][ NORMAL ][COLOR 34][SET CURSOR 2,16]------------------------------------14.0 | 240.0 | 59 | 203 | OFF | OFF
[SIM] Triggering critical sensor failure on pin 1
[CLEAR]
[SET CURSOR 10,1][COLOR 34]=== OIL FURNACE DASHBOARD ===[COLOR 37][SET CURSOR 2,4]INPUT FAN RPM:  [COLOR 32]240.00[COLOR 37][SET CURSOR 2,6]COMBUSTION LVL: 614[SET CURSOR 22,4]OUTPUT FAN: 153[SET CURSOR 22,6]TEMP (C):   [COLOR 32]0[COLOR 37][SET CURSOR 2,10]------------------------------------[SET CURSOR 5,12]BEEP:     [COLOR 32][ SILENT ][COLOR 37][SET CURSOR 5,14]OVERLOAD: [COLOR 32][ NORMAL ][COLOR 34][SET CURSOR 2,16]------------------------------------15.0 | 240.0 | 0 | 153 | OFF | OFF
[CLEAR]
[SET CURSOR 10,1][COLOR 34]=== OIL FURNACE DASHBOARD ===[COLOR 37][SET CURSOR 2,4]INPUT FAN RPM:  [COLOR 32]240.00[COLOR 37][SET CURSOR 2,6]COMBUSTION LVL: 615[SET CURSOR 22,4]OUTPUT FAN: 153[SET CURSOR 22,6]TEMP (C):   [COLOR 32]0[COLOR 37][SET CURSOR 2,10]------------------------------------[SET CURSOR 5,12]BEEP:     [COLOR 32][ SILENT ][COLOR 37][SET CURSOR 5,14]OVERLOAD: [COLOR 32][ NORMAL ][COLOR 34][SET CURSOR 2,16]------------------------------------16.0 | 240.0 | 0 | 153 | OFF | OFF
[CLEAR]
[SET CURSOR 10,1][COLOR 34]=== OIL FURNACE DASHBOARD ===[COLOR 37][SET CURSOR 2,4]INPUT FAN RPM:  [COLOR 32]210.00[COLOR 37][SET CURSOR 2,6]COMBUSTION LVL: 615[SET CURSOR 22,4]OUTPUT FAN: 153[SET CURSOR 22,6]TEMP (C):   [COLOR 32]0[COLOR 37][SET CURSOR 2,10]------------------------------------[SET CURSOR 5,12]BEEP:     [COLOR 32][ SILENT ][COLOR 37][SET CURSOR 5,14]OVERLOAD: [COLOR 32][ NORMAL ][COLOR 34][SET CURSOR 2,16]------------------------------------17.0 | 210.0 | 0 | 153 | OFF | OFF
[CLEAR]
[SET CURSOR 10,1][COLOR 34]=== OIL FURNACE DASHBOARD ===[COLOR 37][SET CURSOR 2,4]INPUT FAN RPM:  [COLOR 32]210.00[COLOR 37][SET CURSOR 2,6]COMBUSTION LVL: 613[SET CURSOR 22,4]OUTPUT FAN: 152[SET CURSOR 22,6]TEMP (C):   [COLOR 32]0[COLOR 37][SET CURSOR 2,10]------------------------------------[SET CURSOR 5,12]BEEP:     [COLOR 32][ SILENT ][COLOR 37][SET CURSOR 5,14]OVERLOAD: [COLOR 32][ NORMAL ][COLOR 34][SET CURSOR 2,16]------------------------------------18.0 | 210.0 | 0 | 152 | OFF | OFF
[CLEAR]
[SET CURSOR 10,1][COLOR 34]=== OIL FURNACE DASHBOARD ===[COLOR 37][SET CURSOR 2,4]INPUT FAN RPM:  [COLOR 32]210.00[COLOR 37][SET CURSOR 2,6]COMBUSTION LVL: 615[SET CURSOR 22,4]OUTPUT FAN: 153[SET CURSOR 22,6]TEMP (C):   [COLOR 32]0[COLOR 37][SET CURSOR 2,10]------------------------------------[SET CURSOR 5,12]BEEP:     [COLOR 32][ SILENT ][COLOR 37][SET CURSOR 5,14]OVERLOAD: [COLOR 32][ NORMAL ][COLOR 34][SET CURSOR 2,16]------------------------------------19.0 | 210.0 | 0 | 153 | OFF | OFF
