=== SCENARIO: DYNAMIC LOAD TEST ===
Time(s) | Tin | Tout | Fin | Fout | Power | FanDuty | PumpDuty
-------------------------------------------------------------------
Input exhaust temperature: 399.41 C
Output exhaust temperature: 399.41 C
Scrubber fluid input temperature: 24.90 C
Scrubber fluid output temperature: 49.32 C
Fan duty cycle: 0.00 %
Pump duty cycle: 20.26 %
Function parameter: 0.83 Score: -2.03
Function parameter: 0.86 Score: -2.03
Function parameter: 0.77 Score: -2.03
Function parameter: 0.15 Score: -2.03
Function parameter: 0.93 Score: -2.03
Function parameter: 0.35 Score: -2.03
Function parameter: 0.86 Score: -2.03
Function parameter: 0.92 Score: -2.03
Function parameter: 0.49 Score: -2.03
Function parameter: 0.21 Score: -2.03
Function parameter: 0.62 Score: -2.03
Function parameter: 0.27 Score: -2.03
Function parameter: 0.90 Score: -2.03
Function parameter: 0.59 Score: -2.03
Function parameter: 0.63 Score: -2.03
Function parameter: 0.26 Score: -2.03
Perturbed function parameter: 0.84 Delta: 0.00
Mutation accepted.
Perturbed function parameter: 0.86 Delta: 0.00
Mutation accepted.
Perturbed function parameter: 0.77 Delta: 0.00
Mutation accepted.
Perturbed function parameter: 0.15 Delta: 0.00
Mutation accepted.
Perturbed function parameter: 0.92 Delta: 0.00
Mutation accepted.
Perturbed function parameter: 0.34 Delta: 0.00
Mutation accepted.
Perturbed function parameter: 0.86 Delta: 0.00
Mutation accepted.
Perturbed function parameter: 0.92 Delta: 0.00
Mutation accepted.
Perturbed function parameter: 0.48 Delta: 0.00
Mutation accepted.
Perturbed function parameter: 0.22 Delta: 0.00
Mutation accepted.
Perturbed function parameter: 0.62 Delta: 0.00
Mutation accepted.
Perturbed function parameter: 0.26 Delta: 0.00
Mutation accepted.
Perturbed function parameter: 0.89 Delta: 0.00
Mutation accepted.
Perturbed function parameter: 0.59 Delta: 0.00
Mutation accepted.
Perturbed function parameter: 0.64 Delta: 0.00
Mutation accepted.
Perturbed function parameter: 0.26 Delta: 0.00
Mutation accepted.
0.0 | 400.0 | 400.0 | 25.0 | 49.7 | 0.0 | 0.0 | 20.3
Input exhaust temperature: 397.95 C
Output exhaust temperature: 397.95 C
Scrubber fluid input temperature: 24.90 C
Scrubber fluid output temperature: 47.85 C
Fan duty cycle: 0.00 %
Pump duty cycle: 19.05 %
Function parameter: 0.84 Score: -1.90
Function parameter: 0.86 Score: -1.90
Function parameter: 0.77 Score: -1.90
Function parameter: 0.15 Score: -1.90
Function parameter: 0.92 Score: -1.90
Function parameter: 0.34 Score: -1.90
Function parameter: 0.86 Score: -1.90
Function parameter: 0.92 Score: -1.90
Function parameter: 0.48 Score: -1.90
Function parameter: 0.22 Score: -1.90
Function parameter: 0.62 Score: -1.90
Function parameter: 0.26 Score: -1.90
Function parameter: 0.89 Score: -1.90
Function parameter: 0.59 Score: -1.90
Function parameter: 0.64 Score: -1.90
Function parameter: 0.26 Score: -1.90
Perturbed function parameter: 0.84 Delta: 0.00
Mutation accepted.
Perturbed function parameter: 0.87 Delta: 0.00
Mutation accepted.
Perturbed function parameter: 0.77 Delta: 0.00
Mutation accepted.
Perturbed function parameter: 0.15 Delta: 0.00
Mutation accepted.
Perturbed function parameter: 0.93 Delta: 0.00
Mutation accepted.
Perturbed function parameter: 0.34 Delta: 0.00
Mutation accepted.
Perturbed function parameter: 0.87 Delta: 0.00
Mutation accepted.
Perturbed function parameter: 0.92 Delta: 0.00
Mutation accepted.
Perturbed function parameter: 0.47 Delta: 0.00
Mutation accepted.
Perturbed function parameter: 0.22 Delta: 0.00
Mutation accepted.
Perturbed function parameter: 0.62 Delta: 0.00
Mutation accepted.
Perturbed function parameter: 0.27 Delta: 0.00
Mutation accepted.
Perturbed function parameter: 0.89 Delta: 0.00
Mutation accepted.
Perturbed function parameter: 0.59 Delta: 0.00
Mutation accepted.
Perturbed function parameter: 0.64 Delta: 0.00
Mutation accepted.
Perturbed function parameter: 0.26 Delta: 0.00
Mutation accepted.
Input exhaust temperature: 392.58 C
Output exhaust temperature: 392.58 C
Scrubber fluid input temperature: 24.90 C
Scrubber fluid output temperature: 46.39 C
Fan duty cycle: 0.00 %
Pump duty cycle: 17.83 %
Function parameter: 0.84 Score: -1.78
Function parameter: 0.87 Score: -1.78
Function parameter: 0.77 Score: -1.78
Function parameter: 0.15 Score: -1.78
Function parameter: 0.93 Score: -1.78
Function parameter: 0.34 Score: -1.78
Function parameter: 0.87 Score: -1.78
Function parameter: 0.92 Score: -1.78
Function parameter: 0.47 Score: -1.78
Function parameter: 0.22 Score: -1.78
Function parameter: 0.62 Score: -1.78
Function parameter: 0.27 Score: -1.78
Function parameter: 0.89 Score: -1.78
Function parameter: 0.59 Score: -1.78
Function parameter: 0.64 Score: -1.78
Function parameter: 0.26 Score: -1.78
Perturbed function parameter: 0.84 Delta: 0.00
Mutation accepted.
Perturbed function parameter: 0.87 Delta: 0.00
Mutation accepted.
Perturbed function parameter: 0.77 Delta: 0.00
Mutation accepted.
Perturbed function parameter: 0.16 Delta: 0.00
Mutation accepted.
Perturbed function parameter: 0.94 Delta: 0.00
Mutation accepted.
Perturbed function parameter: 0.34 Delta: 0.00
Mutation accepted.
Perturbed function parameter: 0.87 Delta: 0.00
Mutation accepted.
Perturbed function parameter: 0.92 Delta: 0.00
Mutation accepted.
Perturbed function parameter: 0.47 Delta: 0.00
Mutation accepted.
Perturbed function parameter: 0.23 Delta: 0.00
Mutation accepted.
Perturbed function parameter: 0.62 Delta: 0.00
Mutation accepted.
Perturbed function parameter: 0.26 Delta: 0.00
Mutation accepted.
Perturbed function parameter: 0.89 Delta: 0.00
Mutation accepted.
Perturbed function parameter: 0.58 Delta: 0.00
Mutation accepted.
Perturbed function parameter: 0.64 Delta: 0.00
Mutation accepted.
Perturbed function parameter: 0.26 Delta: 0.00
Mutation accepted.
Input exhaust temperature: 382.81 C
Output exhaust temperature: 382.81 C
Scrubber fluid input temperature: 24.41 C
Scrubber fluid output temperature: 45.90 C
Fan duty cycle: 0.00 %
Pump duty cycle: 17.83 %
Function parameter: 0.84 Score: -1.78
Function parameter: 0.87 Score: -1.78
Function parameter: 0.77 Score: -1.78
Function parameter: 0.16 Score: -1.78
Function parameter: 0.94 Score: -1.78
Function parameter: 0.34 Score: -1.78
Function parameter: 0.87 Score: -1.78
Function parameter: 0.92 Score: -1.78
Function parameter: 0.47 Score: -1.78
Function parameter: 0.23 Score: -1.78
Function parameter: 0.62 Score: -1.78
Function parameter: 0.26 Score: -1.78
Function parameter: 0.89 Score: -1.78
Function parameter: 0.58 Score: -1.78
Function parameter: 0.64 Score: -1.78
Function parameter: 0.26 Score: -1.78
Perturbed function parameter: 0.84 Delta: 0.00
Mutation accepted.
Perturbed function parameter: 0.86 Delta: 0.00
Mutation accepted.
Perturbed function parameter: 0.78 Delta: 0.00
Mutation accepted.
Perturbed function parameter: 0.16 Delta: 0.00
Mutation accepted.
Perturbed function parameter: 0.94 Delta: 0.00
Mutation accepted.
Perturbed function parameter: 0.35 Delta: 0.00
Mutation accepted.
Perturbed function parameter: 0.86 Delta: 0.00
Mutation accepted.
Perturbed function parameter: 0.92 Delta: 0.00
Mutation accepted.
Perturbed function parameter: 0.47 Delta: 0.00
Mutation accepted.
Perturbed function parameter: 0.22 Delta: 0.00
Mutation accepted.
Perturbed function parameter: 0.63 Delta: 0.00
Mutation accepted.
Perturbed function parameter: 0.27 Delta: 0.00
Mutation accepted.
Perturbed function parameter: 0.88 Delta: 0.00
Mutation accepted.
Perturbed function parameter: 0.57 Delta: 0.00
Mutation accepted.
Perturbed function parameter: 0.64 Delta: 0.00
Mutation accepted.
Perturbed function parameter: 0.25 Delta: 0.00
Mutation accepted.
Input exhaust temperature: 369.63 C
Output exhaust temperature: 369.14 C
Scrubber fluid input temperature: 24.41 C
Scrubber fluid output temperature: 44.43 C
Fan duty cycle: 0.41 %
Pump duty cycle: 16.62 %
Function parameter: 0.84 Score: 8.06
Best function parameter: 0.84 Best score: 8.06
Function parameter: 0.86 Score: 8.06
Function parameter: 0.78 Score: 8.06
Function parameter: 0.16 Score: 8.06
Function parameter: 0.94 Score: 8.06
Function parameter: 0.35 Score: 8.06
Function parameter: 0.86 Score: 8.06
Function parameter: 0.92 Score: 8.06
Function parameter: 0.47 Score: 8.06
Function parameter: 0.22 Score: 8.06
Function parameter: 0.63 Score: 8.06
Function parameter: 0.27 Score: 8.06
Function parameter: 0.88 Score: 8.06
Function parameter: 0.57 Score: 8.06
Function parameter: 0.64 Score: 8.06
Function parameter: 0.25 Score: 8.06
Perturbed function parameter: 0.85 Delta: 0.00
Mutation accepted.
Perturbed function parameter: 0.86 Delta: 0.00
Mutation accepted.
Perturbed function parameter: 0.78 Delta: 0.00
Mutation accepted.
Perturbed function parameter: 0.16 Delta: 0.00
Mutation accepted.
Perturbed function parameter: 0.94 Delta: 0.00
Mutation accepted.
Perturbed function parameter: 0.35 Delta: 0.00
Mutation accepted.
Perturbed function parameter: 0.87 Delta: 0.00
Mutation accepted.
Perturbed function parameter: 0.93 Delta: 0.00
Mutation accepted.
Perturbed function parameter: 0.46 Delta: 0.00
Mutation accepted.
Perturbed function parameter: 0.21 Delta: 0.00
Mutation accepted.
Perturbed function parameter: 0.63 Delta: 0.00
Mutation accepted.
Perturbed function parameter: 0.27 Delta: 0.00
Mutation accepted.
Perturbed function parameter: 0.88 Delta: 0.00
Mutation accepted.
Perturbed function parameter: 0.56 Delta: 0.00
Mutation accepted.
Perturbed function parameter: 0.65 Delta: 0.00
Mutation accepted.
Perturbed function parameter: 0.25 Delta: 0.00
Mutation accepted.
Input exhaust temperature: 353.52 C
Output exhaust temperature: 353.52 C
Scrubber fluid input temperature: 24.90 C
Scrubber fluid output temperature: 43.46 C
Fan duty cycle: 0.00 %
Pump duty cycle: 15.55 %
Function parameter: 0.85 Score: -1.55
Function parameter: 0.86 Score: -1.55
Function parameter: 0.78 Score: -1.55
Function parameter: 0.16 Score: -1.55
Function parameter: 0.94 Score: -1.55
Function parameter: 0.35 Score: -1.55
Function parameter: 0.87 Score: -1.55
Function parameter: 0.93 Score: -1.55
Function parameter: 0.46 Score: -1.55
Function parameter: 0.21 Score: -1.55
Function parameter: 0.63 Score: -1.55
Function parameter: 0.27 Score: -1.55
Function parameter: 0.88 Score: -1.55
Function parameter: 0.56 Score: -1.55
Function parameter: 0.65 Score: -1.55
Function parameter: 0.25 Score: -1.55
Perturbed function parameter: 0.86 Delta: 0.00
Mutation accepted.
Perturbed function parameter: 0.85 Delta: 0.00
Mutation accepted.
Perturbed function parameter: 0.78 Delta: 0.00
Mutation accepted.
Perturbed function parameter: 0.15 Delta: 0.00
Mutation accepted.
Perturbed function parameter: 0.93 Delta: 0.00
Mutation accepted.
Perturbed function parameter: 0.35 Delta: 0.00
Mutation accepted.
Perturbed function parameter: 0.86 Delta: 0.00
Mutation accepted.
Perturbed function parameter: 0.92 Delta: 0.00
Mutation accepted.
Perturbed function parameter: 0.47 Delta: 0.00
Mutation accepted.
Perturbed function parameter: 0.22 Delta: 0.00
Mutation accepted.
Perturbed function parameter: 0.64 Delta: 0.00
Mutation accepted.
Perturbed function parameter: 0.27 Delta: 0.00
Mutation accepted.
Perturbed function parameter: 0.87 Delta: 0.00
Mutation accepted.
Perturbed function parameter: 0.57 Delta: 0.00
Mutation accepted.
Perturbed function parameter: 0.65 Delta: 0.00
Mutation accepted.
Perturbed function parameter: 0.26 Delta: 0.00
Mutation accepted.
5.0 | 354.0 | 353.4 | 25.0 | 43.4 | 0.0 | 0.0 | 15.5
Input exhaust temperature: 335.94 C
Output exhaust temperature: 336.43 C
Scrubber fluid input temperature: 25.39 C
Scrubber fluid output temperature: 42.97 C
Fan duty cycle: 0.00 %
Pump duty cycle: 14.73 %
Function parameter: 0.86 Score: -11.24
Function parameter: 0.85 Score: -11.24
Function parameter: 0.78 Score: -11.24
Function parameter: 0.15 Score: -11.24
Function parameter: 0.93 Score: -11.24
Function parameter: 0.35 Score: -11.24
Function parameter: 0.86 Score: -11.24
Function parameter: 0.92 Score: -11.24
Function parameter: 0.47 Score: -11.24
Function parameter: 0.22 Score: -11.24
Function parameter: 0.64 Score: -11.24
Function parameter: 0.27 Score: -11.24
Function parameter: 0.87 Score: -11.24
Function parameter: 0.57 Score: -11.24
Function parameter: 0.65 Score: -11.24
Function parameter: 0.26 Score: -11.24
Perturbed function parameter: 0.85 Delta: 0.00
Mutation accepted.
Perturbed function parameter: 0.84 Delta: 0.00
Mutation accepted.
Perturbed function parameter: 0.78 Delta: 0.00
Mutation accepted.
Perturbed function parameter: 0.15 Delta: 0.00
Mutation accepted.
Perturbed function parameter: 0.92 Delta: 0.00
Mutation accepted.
Perturbed function parameter: 0.35 Delta: 0.00
Mutation accepted.
Perturbed function parameter: 0.85 Delta: 0.00
Mutation accepted.
Perturbed function parameter: 0.91 Delta: 0.00
Mutation accepted.
Perturbed function parameter: 0.47 Delta: 0.00
Mutation accepted.
Perturbed function parameter: 0.22 Delta: 0.00
Mutation accepted.
Perturbed function parameter: 0.64 Delta: 0.00
Mutation accepted.
Perturbed function parameter: 0.27 Delta: 0.00
Mutation accepted.
Perturbed function parameter: 0.88 Delta: 0.00
Mutation accepted.
Perturbed function parameter: 0.57 Delta: 0.00
Mutation accepted.
Perturbed function parameter: 0.66 Delta: 0.00
Mutation accepted.
Perturbed function parameter: 0.26 Delta: 0.00
Mutation accepted.
Input exhaust temperature: 317.38 C
Output exhaust temperature: 316.41 C
Scrubber fluid input temperature: 24.90 C
Scrubber fluid output temperature: 41.99 C
Fan duty cycle: 0.82 %
Pump duty cycle: 14.32 %
Function parameter: 0.85 Score: 18.02
Best function parameter: 0.85 Best score: 18.02
Function parameter: 0.84 Score: 18.02
Function parameter: 0.78 Score: 18.02
Function parameter: 0.15 Score: 18.02
Function parameter: 0.92 Score: 18.02
Function parameter: 0.35 Score: 18.02
Function parameter: 0.85 Score: 18.02
Function parameter: 0.91 Score: 18.02
Function parameter: 0.47 Score: 18.02
Function parameter: 0.22 Score: 18.02
Function parameter: 0.64 Score: 18.02
Function parameter: 0.27 Score: 18.02
Function parameter: 0.88 Score: 18.02
Function parameter: 0.57 Score: 18.02
Function parameter: 0.66 Score: 18.02
Function parameter: 0.26 Score: 18.02
Perturbed function parameter: 0.85 Delta: 0.00
Mutation accepted.
Perturbed function parameter: 0.83 Delta: 0.00
Mutation accepted.
Perturbed function parameter: 0.77 Delta: 0.00
Mutation accepted.
Perturbed function parameter: 0.15 Delta: 0.00
Mutation accepted.
Perturbed function parameter: 0.93 Delta: 0.00
Mutation accepted.
Perturbed function parameter: 0.36 Delta: 0.00
Mutation accepted.
Perturbed function parameter: 0.85 Delta: 0.00
Mutation accepted.
Perturbed function parameter: 0.92 Delta: 0.00
Mutation accepted.
Perturbed function parameter: 0.46 Delta: 0.00
Mutation accepted.
Perturbed function parameter: 0.23 Delta: 0.00
Mutation accepted.
Perturbed function parameter: 0.65 Delta: 0.00
Mutation accepted.
Perturbed function parameter: 0.27 Delta: 0.00
Mutation accepted.
Perturbed function parameter: 0.89 Delta: 0.00
Mutation accepted.
Perturbed function parameter: 0.57 Delta: 0.00
Mutation accepted.
Perturbed function parameter: 0.65 Delta: 0.00
Mutation accepted.
Perturbed function parameter: 0.25 Delta: 0.00
Mutation accepted.
Input exhaust temperature: 297.36 C
Output exhaust temperature: 295.90 C
Scrubber fluid input temperature: 24.41 C
Scrubber fluid output temperature: 40.53 C
Fan duty cycle: 1.25 %
Pump duty cycle: 13.73 %
Function parameter: 0.85 Score: 27.80
Best function parameter: 0.85 Best score: 27.80
Function parameter: 0.83 Score: 27.80
Function parameter: 0.77 Score: 27.80
Function parameter: 0.15 Score: 27.80
Function parameter: 0.93 Score: 27.80
Function parameter: 0.36 Score: 27.80
Function parameter: 0.85 Score: 27.80
Function parameter: 0.92 Score: 27.80
Function parameter: 0.46 Score: 27.80
Function parameter: 0.23 Score: 27.80
Function parameter: 0.65 Score: 27.80
Function parameter: 0.27 Score: 27.80
Function parameter: 0.89 Score: 27.80
Function parameter: 0.57 Score: 27.80
Function parameter: 0.65 Score: 27.80
Function parameter: 0.25 Score: 27.80
Perturbed function parameter: 0.86 Delta: 0.00
Mutation accepted.
Perturbed function parameter: 0.84 Delta: 0.00
Mutation accepted.
Perturbed function parameter: 0.77 Delta: 0.00
Mutation accepted.
Perturbed function parameter: 0.16 Delta: 0.00
Mutation accepted.
Perturbed function parameter: 0.92 Delta: 0.00
Mutation accepted.
Perturbed function parameter: 0.35 Delta: 0.00
Mutation accepted.
Perturbed function parameter: 0.85 Delta: 0.00
Mutation accepted.
Perturbed function parameter: 0.91 Delta: 0.00
Mutation accepted.
Perturbed function parameter: 0.47 Delta: 0.00
Mutation accepted.
Perturbed function parameter: 0.24 Delta: 0.00
Mutation accepted.
Perturbed function parameter: 0.65 Delta: 0.00
Mutation accepted.
Perturbed function parameter: 0.26 Delta: 0.00
Mutation accepted.
Perturbed function parameter: 0.89 Delta: 0.00
Mutation accepted.
Perturbed function parameter: 0.57 Delta: 0.00
Mutation accepted.
Perturbed function parameter: 0.65 Delta: 0.00
Mutation accepted.
Perturbed function parameter: 0.25 Delta: 0.00
Mutation accepted.
Input exhaust temperature: 276.37 C
Output exhaust temperature: 275.39 C
Scrubber fluid input temperature: 24.41 C
Scrubber fluid output temperature: 39.55 C
Fan duty cycle: 0.83 %
Pump duty cycle: 12.91 %
Function parameter: 0.86 Score: 18.16
Function parameter: 0.84 Score: 18.16
Function parameter: 0.77 Score: 18.16
Function parameter: 0.16 Score: 18.16
Function parameter: 0.92 Score: 18.16
Function parameter: 0.35 Score: 18.16
Function parameter: 0.85 Score: 18.16
Function parameter: 0.91 Score: 18.16
Function parameter: 0.47 Score: 18.16
Function parameter: 0.24 Score: 18.16
Function parameter: 0.65 Score: 18.16
Function parameter: 0.26 Score: 18.16
Function parameter: 0.89 Score: 18.16
Function parameter: 0.57 Score: 18.16
Function parameter: 0.65 Score: 18.16
Function parameter: 0.25 Score: 18.16
Perturbed function parameter: 0.87 Delta: 0.00
Mutation accepted.
Perturbed function parameter: 0.84 Delta: 0.00
Mutation accepted.
Perturbed function parameter: 0.77 Delta: 0.00
Mutation accepted.
Perturbed function parameter: 0.16 Delta: 0.00
Mutation accepted.
Perturbed function parameter: 0.93 Delta: 0.00
Mutation accepted.
Perturbed function parameter: 0.34 Delta: 0.00
Mutation accepted.
Perturbed function parameter: 0.86 Delta: 0.00
Mutation accepted.
Perturbed function parameter: 0.91 Delta: 0.00
Mutation accepted.
Perturbed function parameter: 0.46 Delta: 0.00
Mutation accepted.
Perturbed function parameter: 0.24 Delta: 0.00
Mutation accepted.
Perturbed function parameter: 0.64 Delta: 0.00
Mutation accepted.
Perturbed function parameter: 0.27 Delta: 0.00
Mutation accepted.
Perturbed function parameter: 0.89 Delta: 0.00
Mutation accepted.
Perturbed function parameter: 0.57 Delta: 0.00
Mutation accepted.
Perturbed function parameter: 0.65 Delta: 0.00
Mutation accepted.
Perturbed function parameter: 0.25 Delta: 0.00
Mutation accepted.
Input exhaust temperature: 258.79 C
Output exhaust temperature: 256.84 C
Scrubber fluid input temperature: 24.41 C
Scrubber fluid output temperature: 40.04 C
Fan duty cycle: 1.67 %
Pump duty cycle: 13.33 %
Function parameter: 0.87 Score: 37.56
Best function parameter: 0.87 Best score: 37.56
Function parameter: 0.84 Score: 37.56
Function parameter: 0.77 Score: 37.56
Function parameter: 0.16 Score: 37.56
Function parameter: 0.93 Score: 37.56
Function parameter: 0.34 Score: 37.56
Function parameter: 0.86 Score: 37.56
Function parameter: 0.91 Score: 37.56
Function parameter: 0.46 Score: 37.56
Function parameter: 0.24 Score: 37.56
Function parameter: 0.64 Score: 37.56
Function parameter: 0.27 Score: 37.56
Function parameter: 0.89 Score: 37.56
Function parameter: 0.57 Score: 37.56
Function parameter: 0.65 Score: 37.56
Function parameter: 0.25 Score: 37.56
Perturbed function parameter: 0.87 Delta: 0.00
Mutation accepted.
Perturbed function parameter: 0.85 Delta: 0.00
Mutation accepted.
Perturbed function parameter: 0.77 Delta: 0.00
Mutation accepted.
Perturbed function parameter: 0.16 Delta: 0.00
Mutation accepted.
Perturbed function parameter: 0.93 Delta: 0.00
Mutation accepted.
Perturbed function parameter: 0.34 Delta: 0.00
Mutation accepted.
Perturbed function parameter: 0.86 Delta: 0.00
Mutation accepted.
Perturbed function parameter: 0.90 Delta: 0.00
Mutation accepted.
Perturbed function parameter: 0.46 Delta: 0.00
Mutation accepted.
Perturbed function parameter: 0.24 Delta: 0.00
Mutation accepted.
Perturbed function parameter: 0.65 Delta: 0.00
Mutation accepted.
Perturbed function parameter: 0.26 Delta: 0.00
Mutation accepted.
Perturbed function parameter: 0.90 Delta: 0.00
Mutation accepted.
Perturbed function parameter: 0.58 Delta: 0.00
Mutation accepted.
Perturbed function parameter: 0.66 Delta: 0.00
Mutation accepted.
Perturbed function parameter: 0.25 Delta: 0.00
Mutation accepted.
10.0 | 258.4 | 257.5 | 25.0 | 39.7 | 0.0 | 1.7 | 13.3
Input exhaust temperature: 240.23 C
Output exhaust temperature: 239.26 C
Scrubber fluid input temperature: 25.39 C
Scrubber fluid output temperature: 39.55 C
Fan duty cycle: 0.85 %
Pump duty cycle: 12.31 %
Function parameter: 0.87 Score: 18.22
Function parameter: 0.85 Score: 18.22
Function parameter: 0.77 Score: 18.22
Function parameter: 0.16 Score: 18.22
Function parameter: 0.93 Score: 18.22
Function parameter: 0.34 Score: 18.22
Function parameter: 0.86 Score: 18.22
Function parameter: 0.90 Score: 18.22
Function parameter: 0.46 Score: 18.22
Function parameter: 0.24 Score: 18.22
Function parameter: 0.65 Score: 18.22
Function parameter: 0.26 Score: 18.22
Function parameter: 0.90 Score: 18.22
Function parameter: 0.58 Score: 18.22
Function parameter: 0.66 Score: 18.22
Function parameter: 0.25 Score: 18.22
Perturbed function parameter: 0.87 Delta: 0.00
Mutation accepted.
Perturbed function parameter: 0.85 Delta: 0.00
Mutation accepted.
Perturbed function parameter: 0.78 Delta: 0.00
Mutation accepted.
Perturbed function parameter: 0.16 Delta: 0.00
Mutation accepted.
Perturbed function parameter: 0.92 Delta: 0.00
Mutation accepted.
Perturbed function parameter: 0.34 Delta: 0.00
Mutation accepted.
Perturbed function parameter: 0.87 Delta: 0.00
Mutation accepted.
Perturbed function parameter: 0.91 Delta: 0.00
Mutation accepted.
Perturbed function parameter: 0.46 Delta: 0.00
Mutation accepted.
Perturbed function parameter: 0.23 Delta: 0.00
Mutation accepted.
Perturbed function parameter: 0.64 Delta: 0.00
Mutation accepted.
Perturbed function parameter: 0.25 Delta: 0.00
Mutation accepted.
Perturbed function parameter: 0.89 Delta: 0.00
Mutation accepted.
Perturbed function parameter: 0.58 Delta: 0.00
Mutation accepted.
Perturbed function parameter: 0.66 Delta: 0.00
Mutation accepted.
Perturbed function parameter: 0.25 Delta: 0.00
Mutation accepted.
Input exhaust temperature: 225.59 C
Output exhaust temperature: 225.59 C
Scrubber fluid input temperature: 24.90 C
Scrubber fluid output temperature: 38.09 C
Fan duty cycle: 0.00 %
Pump duty cycle: 11.46 %
Function parameter: 0.87 Score: -1.15
Function parameter: 0.85 Score: -1.15
Function parameter: 0.78 Score: -1.15
Function parameter: 0.16 Score: -1.15
Function parameter: 0.92 Score: -1.15
Function parameter: 0.34 Score: -1.15
Function parameter: 0.87 Score: -1.15
Function parameter: 0.91 Score: -1.15
Function parameter: 0.46 Score: -1.15
Function parameter: 0.23 Score: -1.15
Function parameter: 0.64 Score: -1.15
Function parameter: 0.25 Score: -1.15
Function parameter: 0.89 Score: -1.15
Function parameter: 0.58 Score: -1.15
Function parameter: 0.66 Score: -1.15
Function parameter: 0.25 Score: -1.15
Perturbed function parameter: 0.86 Delta: 0.00
Mutation accepted.
Perturbed function parameter: 0.85 Delta: 0.00
Mutation accepted.
Perturbed function parameter: 0.77 Delta: 0.00
Mutation accepted.
Perturbed function parameter: 0.17 Delta: 0.00
Mutation accepted.
Perturbed function parameter: 0.92 Delta: 0.00
Mutation accepted.
Perturbed function parameter: 0.33 Delta: 0.00
Mutation accepted.
Perturbed function parameter: 0.87 Delta: 0.00
Mutation accepted.
Perturbed function parameter: 0.91 Delta: 0.00
Mutation accepted.
Perturbed function parameter: 0.46 Delta: 0.00
Mutation accepted.
Perturbed function parameter: 0.23 Delta: 0.00
Mutation accepted.
Perturbed function parameter: 0.64 Delta: 0.00
Mutation accepted.
Perturbed function parameter: 0.24 Delta: 0.00
Mutation accepted.
Perturbed function parameter: 0.89 Delta: 0.00
Mutation accepted.
Perturbed function parameter: 0.58 Delta: 0.00
Mutation accepted.
Perturbed function parameter: 0.66 Delta: 0.00
Mutation accepted.
Perturbed function parameter: 0.25 Delta: 0.00
Mutation accepted.
Input exhaust temperature: 214.36 C
Output exhaust temperature: 214.36 C
Scrubber fluid input temperature: 24.41 C
Scrubber fluid output temperature: 38.09 C
Fan duty cycle: 0.00 %
Pump duty cycle: 11.88 %
Function parameter: 0.86 Score: -1.19
Function parameter: 0.85 Score: -1.19
Function parameter: 0.77 Score: -1.19
Function parameter: 0.17 Score: -1.19
Function parameter: 0.92 Score: -1.19
Function parameter: 0.33 Score: -1.19
Function parameter: 0.87 Score: -1.19
Function parameter: 0.91 Score: -1.19
Function parameter: 0.46 Score: -1.19
Function parameter: 0.23 Score: -1.19
Function parameter: 0.64 Score: -1.19
Function parameter: 0.24 Score: -1.19
Function parameter: 0.89 Score: -1.19
Function parameter: 0.58 Score: -1.19
Function parameter: 0.66 Score: -1.19
Function parameter: 0.25 Score: -1.19
Perturbed function parameter: 0.87 Delta: 0.00
Mutation accepted.
Perturbed function parameter: 0.84 Delta: 0.00
Mutation accepted.
Perturbed function parameter: 0.77 Delta: 0.00
Mutation accepted.
Perturbed function parameter: 0.17 Delta: 0.00
Mutation accepted.
Perturbed function parameter: 0.92 Delta: 0.00
Mutation accepted.
Perturbed function parameter: 0.33 Delta: 0.00
Mutation accepted.
Perturbed function parameter: 0.86 Delta: 0.00
Mutation accepted.
Perturbed function parameter: 0.90 Delta: 0.00
Mutation accepted.
Perturbed function parameter: 0.46 Delta: 0.00
Mutation accepted.
Perturbed function parameter: 0.23 Delta: 0.00
Mutation accepted.
Perturbed function parameter: 0.63 Delta: 0.00
Mutation accepted.
Perturbed function parameter: 0.24 Delta: 0.00
Mutation accepted.
Perturbed function parameter: 0.89 Delta: 0.00
Mutation accepted.
Perturbed function parameter: 0.58 Delta: 0.00
Mutation accepted.
Perturbed function parameter: 0.66 Delta: 0.00
Mutation accepted.
Perturbed function parameter: 0.26 Delta: 0.00
Mutation accepted.
Input exhaust temperature: 206.05 C
Output exhaust temperature: 206.05 C
Scrubber fluid input temperature: 25.39 C
Scrubber fluid output temperature: 36.62 C
Fan duty cycle: 0.00 %
Pump duty cycle: 9.76 %
Function parameter: 0.87 Score: -0.98
Function parameter: 0.84 Score: -0.98
Function parameter: 0.77 Score: -0.98
Function parameter: 0.17 Score: -0.98
Function parameter: 0.92 Score: -0.98
Function parameter: 0.33 Score: -0.98
Function parameter: 0.86 Score: -0.98
Function parameter: 0.90 Score: -0.98
Function parameter: 0.46 Score: -0.98
Function parameter: 0.23 Score: -0.98
Function parameter: 0.63 Score: -0.98
Function parameter: 0.24 Score: -0.98
Function parameter: 0.89 Score: -0.98
Function parameter: 0.58 Score: -0.98
Function parameter: 0.66 Score: -0.98
Function parameter: 0.26 Score: -0.98
Perturbed function parameter: 0.87 Delta: 0.00
Mutation accepted.
Perturbed function parameter: 0.84 Delta: 0.00
Mutation accepted.
Perturbed function parameter: 0.76 Delta: 0.00
Mutation accepted.
Perturbed function parameter: 0.17 Delta: 0.00
Mutation accepted.
Perturbed function parameter: 0.93 Delta: 0.00
Mutation accepted.
Perturbed function parameter: 0.33 Delta: 0.00
Mutation accepted.
Perturbed function parameter: 0.87 Delta: 0.00
Mutation accepted.
Perturbed function parameter: 0.90 Delta: 0.00
Mutation accepted.
Perturbed function parameter: 0.45 Delta: 0.00
Mutation accepted.
Perturbed function parameter: 0.22 Delta: 0.00
Mutation accepted.
Perturbed function parameter: 0.63 Delta: 0.00
Mutation accepted.
Perturbed function parameter: 0.24 Delta: 0.00
Mutation accepted.
Perturbed function parameter: 0.88 Delta: 0.00
Mutation accepted.
Perturbed function parameter: 0.59 Delta: 0.00
Mutation accepted.
Perturbed function parameter: 0.65 Delta: 0.00
Mutation accepted.
Perturbed function parameter: 0.26 Delta: 0.00
Mutation accepted.
Input exhaust temperature: 201.17 C
Output exhaust temperature: 201.17 C
Scrubber fluid input temperature: 24.41 C
Scrubber fluid output temperature: 37.11 C
Fan duty cycle: 0.00 %
Pump duty cycle: 11.03 %
Function parameter: 0.87 Score: -1.10
Function parameter: 0.84 Score: -1.10
Function parameter: 0.76 Score: -1.10
Function parameter: 0.17 Score: -1.10
Function parameter: 0.93 Score: -1.10
Function parameter: 0.33 Score: -1.10
Function parameter: 0.87 Score: -1.10
Function parameter: 0.90 Score: -1.10
Function parameter: 0.45 Score: -1.10
Function parameter: 0.22 Score: -1.10
Function parameter: 0.63 Score: -1.10
Function parameter: 0.24 Score: -1.10
Function parameter: 0.88 Score: -1.10
Function parameter: 0.59 Score: -1.10
Function parameter: 0.65 Score: -1.10
Function parameter: 0.26 Score: -1.10
Perturbed function parameter: 0.86 Delta: 0.00
Mutation accepted.
Perturbed function parameter: 0.85 Delta: 0.00
Mutation accepted.
Perturbed function parameter: 0.76 Delta: 0.00
Mutation accepted.
Perturbed function parameter: 0.17 Delta: 0.00
Mutation accepted.
Perturbed function parameter: 0.92 Delta: 0.00
Mutation accepted.
Perturbed function parameter: 0.34 Delta: 0.00
Mutation accepted.
Perturbed function parameter: 0.88 Delta: 0.00
Mutation accepted.
Perturbed function parameter: 0.91 Delta: 0.00
Mutation accepted.
Perturbed function parameter: 0.45 Delta: 0.00
Mutation accepted.
Perturbed function parameter: 0.22 Delta: 0.00
Mutation accepted.
Perturbed function parameter: 0.64 Delta: 0.00
Mutation accepted.
Perturbed function parameter: 0.24 Delta: 0.00
Mutation accepted.
Perturbed function parameter: 0.88 Delta: 0.00
Mutation accepted.
Perturbed function parameter: 0.59 Delta: 0.00
Mutation accepted.
Perturbed function parameter: 0.65 Delta: 0.00
Mutation accepted.
Perturbed function parameter: 0.26 Delta: 0.00
Mutation accepted.
15.0 | 201.0 | 201.0 | 25.0 | 37.0 | 0.0 | 0.0 | 11.0
Input exhaust temperature: 200.20 C
Output exhaust temperature: 200.20 C
Scrubber fluid input temperature: 24.41 C
Scrubber fluid output temperature: 36.13 C
Fan duty cycle: 0.00 %
Pump duty cycle: 10.18 %
Function parameter: 0.86 Score: -1.02
Function parameter: 0.85 Score: -1.02
Function parameter: 0.76 Score: -1.02
Function parameter: 0.17 Score: -1.02
Function parameter: 0.92 Score: -1.02
Function parameter: 0.34 Score: -1.02
Function parameter: 0.88 Score: -1.02
Function parameter: 0.91 Score: -1.02
Function parameter: 0.45 Score: -1.02
Function parameter: 0.22 Score: -1.02
Function parameter: 0.64 Score: -1.02
Function parameter: 0.24 Score: -1.02
Function parameter: 0.88 Score: -1.02
Function parameter: 0.59 Score: -1.02
Function parameter: 0.65 Score: -1.02
Function parameter: 0.26 Score: -1.02
Perturbed function parameter: 0.87 Delta: 0.00
Mutation accepted.
Perturbed function parameter: 0.85 Delta: 0.00
Mutation accepted.
Perturbed function parameter: 0.77 Delta: 0.00
Mutation accepted.
Perturbed function parameter: 0.17 Delta: 0.00
Mutation accepted.
Perturbed function parameter: 0.92 Delta: 0.00
Mutation accepted.
Perturbed function parameter: 0.34 Delta: 0.00
Mutation accepted.
Perturbed function parameter: 0.88 Delta: 0.00
Mutation accepted.
Perturbed function parameter: 0.91 Delta: 0.00
Mutation accepted.
Perturbed function parameter: 0.46 Delta: 0.00
Mutation accepted.
Perturbed function parameter: 0.22 Delta: 0.00
Mutation accepted.
Perturbed function parameter: 0.65 Delta: 0.00
Mutation accepted.
Perturbed function parameter: 0.25 Delta: 0.00
Mutation accepted.
Perturbed function parameter: 0.88 Delta: 0.00
Mutation accepted.
Perturbed function parameter: 0.59 Delta: 0.00
Mutation accepted.
Perturbed function parameter: 0.65 Delta: 0.00
Mutation accepted.
Perturbed function parameter: 0.26 Delta: 0.00
Mutation accepted.
Input exhaust temperature: 203.12 C
Output exhaust temperature: 203.61 C
Scrubber fluid input temperature: 25.39 C
Scrubber fluid output temperature: 36.13 C
Fan duty cycle: 0.00 %
Pump duty cycle: 9.33 %
Function parameter: 0.87 Score: -10.70
Function parameter: 0.85 Score: -10.70
Function parameter: 0.77 Score: -10.70
Function parameter: 0.17 Score: -10.70
Function parameter: 0.92 Score: -10.70
Function parameter: 0.34 Score: -10.70
Function parameter: 0.88 Score: -10.70
Function parameter: 0.91 Score: -10.70
Function parameter: 0.46 Score: -10.70
Function parameter: 0.22 Score: -10.70
Function parameter: 0.65 Score: -10.70
Function parameter: 0.25 Score: -10.70
Function parameter: 0.88 Score: -10.70
Function parameter: 0.59 Score: -10.70
Function parameter: 0.65 Score: -10.70
Function parameter: 0.26 Score: -10.70
Perturbed function parameter: 0.86 Delta: 0.00
Mutation accepted.
Perturbed function parameter: 0.84 Delta: 0.00
Mutation accepted.
Perturbed function parameter: 0.76 Delta: 0.00
Mutation accepted.
Perturbed function parameter: 0.17 Delta: 0.00
Mutation accepted.
Perturbed function parameter: 0.93 Delta: 0.00
Mutation accepted.
Perturbed function parameter: 0.35 Delta: 0.00
Mutation accepted.
Perturbed function parameter: 0.88 Delta: 0.00
Mutation accepted.
Perturbed function parameter: 0.90 Delta: 0.00
Mutation accepted.
Perturbed function parameter: 0.46 Delta: 0.00
Mutation accepted.
Perturbed function parameter: 0.23 Delta: 0.00
Mutation accepted.
Perturbed function parameter: 0.65 Delta: 0.00
Mutation accepted.
Perturbed function parameter: 0.24 Delta: 0.00
Mutation accepted.
Perturbed function parameter: 0.87 Delta: 0.00
Mutation accepted.
Perturbed function parameter: 0.59 Delta: 0.00
Mutation accepted.
Perturbed function parameter: 0.65 Delta: 0.00
Mutation accepted.
Perturbed function parameter: 0.26 Delta: 0.00
Mutation accepted.
Input exhaust temperature: 209.47 C
Output exhaust temperature: 209.96 C
Scrubber fluid input temperature: 24.90 C
Scrubber fluid output temperature: 35.64 C
Fan duty cycle: 0.00 %
Pump duty cycle: 9.33 %
Function parameter: 0.86 Score: -10.70
Function parameter: 0.84 Score: -10.70
Function parameter: 0.76 Score: -10.70
Function parameter: 0.17 Score: -10.70
Function parameter: 0.93 Score: -10.70
Function parameter: 0.35 Score: -10.70
Function parameter: 0.88 Score: -10.70
Function parameter: 0.90 Score: -10.70
Function parameter: 0.46 Score: -10.70
Function parameter: 0.23 Score: -10.70
Function parameter: 0.65 Score: -10.70
Function parameter: 0.24 Score: -10.70
Function parameter: 0.87 Score: -10.70
Function parameter: 0.59 Score: -10.70
Function parameter: 0.65 Score: -10.70
Function parameter: 0.26 Score: -10.70
Perturbed function parameter: 0.86 Delta: 0.00
Mutation accepted.
Perturbed function parameter: 0.84 Delta: 0.00
Mutation accepted.
Perturbed function parameter: 0.77 Delta: 0.00
Mutation accepted.
Perturbed function parameter: 0.17 Delta: 0.00
Mutation accepted.
Perturbed function parameter: 0.93 Delta: 0.00
Mutation accepted.
Perturbed function parameter: 0.36 Delta: 0.00
Mutation accepted.
Perturbed function parameter: 0.89 Delta: 0.00
Mutation accepted.
Perturbed function parameter: 0.91 Delta: 0.00
Mutation accepted.
Perturbed function parameter: 0.47 Delta: 0.00
Mutation accepted.
Perturbed function parameter: 0.22 Delta: 0.00
Mutation accepted.
Perturbed function parameter: 0.65 Delta: 0.00
Mutation accepted.
Perturbed function parameter: 0.25 Delta: 0.00
Mutation accepted.
Perturbed function parameter: 0.87 Delta: 0.00
Mutation accepted.
Perturbed function parameter: 0.59 Delta: 0.00
Mutation accepted.
Perturbed function parameter: 0.65 Delta: 0.00
Mutation accepted.
Perturbed function parameter: 0.25 Delta: 0.00
Mutation accepted.
Input exhaust temperature: 221.19 C
Output exhaust temperature: 220.70 C
Scrubber fluid input temperature: 24.41 C
Scrubber fluid output temperature: 34.67 C
Fan duty cycle: 0.42 %
Pump duty cycle: 8.91 %
Function parameter: 0.86 Score: 8.83
Function parameter: 0.84 Score: 8.83
Function parameter: 0.77 Score: 8.83
Function parameter: 0.17 Score: 8.83
Function parameter: 0.93 Score: 8.83
Function parameter: 0.36 Score: 8.83
Function parameter: 0.89 Score: 8.83
Function parameter: 0.91 Score: 8.83
Function parameter: 0.47 Score: 8.83
Function parameter: 0.22 Score: 8.83
Function parameter: 0.65 Score: 8.83
Function parameter: 0.25 Score: 8.83
Function parameter: 0.87 Score: 8.83
Function parameter: 0.59 Score: 8.83
Function parameter: 0.65 Score: 8.83
Function parameter: 0.25 Score: 8.83
Perturbed function parameter: 0.86 Delta: 0.00
Mutation accepted.
Perturbed function parameter: 0.85 Delta: 0.00
Mutation accepted.
Perturbed function parameter: 0.76 Delta: 0.00
Mutation accepted.
Perturbed function parameter: 0.18 Delta: 0.00
Mutation accepted.
Perturbed function parameter: 0.92 Delta: 0.00
Mutation accepted.
Perturbed function parameter: 0.36 Delta: 0.00
Mutation accepted.
Perturbed function parameter: 0.89 Delta: 0.00
Mutation accepted.
Perturbed function parameter: 0.90 Delta: 0.00
Mutation accepted.
Perturbed function parameter: 0.47 Delta: 0.00
Mutation accepted.
Perturbed function parameter: 0.23 Delta: 0.00
Mutation accepted.
Perturbed function parameter: 0.66 Delta: 0.00
Mutation accepted.
Perturbed function parameter: 0.24 Delta: 0.00
Mutation accepted.
Perturbed function parameter: 0.87 Delta: 0.00
Mutation accepted.
Perturbed function parameter: 0.59 Delta: 0.00
Mutation accepted.
Perturbed function parameter: 0.64 Delta: 0.00
Mutation accepted.
Perturbed function parameter: 0.25 Delta: 0.00
Mutation accepted.
Input exhaust temperature: 234.38 C
Output exhaust temperature: 233.40 C
Scrubber fluid input temperature: 25.39 C
Scrubber fluid output temperature: 34.18 C
Fan duty cycle: 0.85 %
Pump duty cycle: 7.64 %
Function parameter: 0.86 Score: 18.68
Function parameter: 0.85 Score: 18.68
Function parameter: 0.76 Score: 18.68
Function parameter: 0.18 Score: 18.68
Function parameter: 0.92 Score: 18.68
Function parameter: 0.36 Score: 18.68
Function parameter: 0.89 Score: 18.68
Function parameter: 0.90 Score: 18.68
Function parameter: 0.47 Score: 18.68
Function parameter: 0.23 Score: 18.68
Function parameter: 0.66 Score: 18.68
Function parameter: 0.24 Score: 18.68
Function parameter: 0.87 Score: 18.68
Function parameter: 0.59 Score: 18.68
Function parameter: 0.64 Score: 18.68
Function parameter: 0.25 Score: 18.68
Perturbed function parameter: 0.86 Delta: 0.00
Mutation accepted.
Perturbed function parameter: 0.85 Delta: 0.00
Mutation accepted.
Perturbed function parameter: 0.77 Delta: 0.00
Mutation accepted.
Perturbed function parameter: 0.18 Delta: 0.00
Mutation accepted.
Perturbed function parameter: 0.92 Delta: 0.00
Mutation accepted.
Perturbed function parameter: 0.36 Delta: 0.00
Mutation accepted.
Perturbed function parameter: 0.89 Delta: 0.00
Mutation accepted.
Perturbed function parameter: 0.90 Delta: 0.00
Mutation accepted.
Perturbed function parameter: 0.46 Delta: 0.00
Mutation accepted.
Perturbed function parameter: 0.24 Delta: 0.00
Mutation accepted.
Perturbed function parameter: 0.66 Delta: 0.00
Mutation accepted.
Perturbed function parameter: 0.23 Delta: 0.00
Mutation accepted.
Perturbed function parameter: 0.87 Delta: 0.00
Mutation accepted.
Perturbed function parameter: 0.60 Delta: 0.00
Mutation accepted.
Perturbed function parameter: 0.65 Delta: 0.00
Mutation accepted.
Perturbed function parameter: 0.25 Delta: 0.00
Mutation accepted.
20.0 | 234.6 | 234.2 | 25.0 | 34.9 | 0.0 | 0.8 | 7.6
Input exhaust temperature: 250.49 C
Output exhaust temperature: 250.49 C
Scrubber fluid input temperature: 24.41 C
Scrubber fluid output temperature: 34.18 C
Fan duty cycle: 0.00 %
Pump duty cycle: 8.49 %
Function parameter: 0.86 Score: -0.85
Function parameter: 0.85 Score: -0.85
Function parameter: 0.77 Score: -0.85
Function parameter: 0.18 Score: -0.85
Function parameter: 0.92 Score: -0.85
Function parameter: 0.36 Score: -0.85
Function parameter: 0.89 Score: -0.85
Function parameter: 0.90 Score: -0.85
Function parameter: 0.46 Score: -0.85
Function parameter: 0.24 Score: -0.85
Function parameter: 0.66 Score: -0.85
Function parameter: 0.23 Score: -0.85
Function parameter: 0.87 Score: -0.85
Function parameter: 0.60 Score: -0.85
Function parameter: 0.65 Score: -0.85
Function parameter: 0.25 Score: -0.85
Perturbed function parameter: 0.87 Delta: 0.00
Mutation accepted.
Perturbed function parameter: 0.84 Delta: 0.00
Mutation accepted.
Perturbed function parameter: 0.77 Delta: 0.00
Mutation accepted.
Perturbed function parameter: 0.17 Delta: 0.00
Mutation accepted.
Perturbed function parameter: 0.92 Delta: 0.00
Mutation accepted.
Perturbed function parameter: 0.37 Delta: 0.00
Mutation accepted.
Perturbed function parameter: 0.88 Delta: 0.00
Mutation accepted.
Perturbed function parameter: 0.91 Delta: 0.00
Mutation accepted.
Perturbed function parameter: 0.47 Delta: 0.00
Mutation accepted.
Perturbed function parameter: 0.23 Delta: 0.00
Mutation accepted.
Perturbed function parameter: 0.67 Delta: 0.00
Mutation accepted.
Perturbed function parameter: 0.22 Delta: 0.00
Mutation accepted.
Perturbed function parameter: 0.87 Delta: 0.00
Mutation accepted.
Perturbed function parameter: 0.60 Delta: 0.00
Mutation accepted.
Perturbed function parameter: 0.65 Delta: 0.00
Mutation accepted.
Perturbed function parameter: 0.26 Delta: 0.00
Mutation accepted.
Input exhaust temperature: 269.53 C
Output exhaust temperature: 269.53 C
Scrubber fluid input temperature: 24.41 C
Scrubber fluid output temperature: 33.69 C
Fan duty cycle: 0.00 %
Pump duty cycle: 8.06 %
Function parameter: 0.87 Score: -0.81
Function parameter: 0.84 Score: -0.81
Function parameter: 0.77 Score: -0.81
Function parameter: 0.17 Score: -0.81
Function parameter: 0.92 Score: -0.81
Function parameter: 0.37 Score: -0.81
Function parameter: 0.88 Score: -0.81
Function parameter: 0.91 Score: -0.81
Function parameter: 0.47 Score: -0.81
Function parameter: 0.23 Score: -0.81
Function parameter: 0.67 Score: -0.81
Function parameter: 0.22 Score: -0.81
Function parameter: 0.87 Score: -0.81
Function parameter: 0.60 Score: -0.81
Function parameter: 0.65 Score: -0.81
Function parameter: 0.26 Score: -0.81
Perturbed function parameter: 0.86 Delta: 0.00
Mutation accepted.
Perturbed function parameter: 0.84 Delta: 0.00
Mutation accepted.
Perturbed function parameter: 0.77 Delta: 0.00
Mutation accepted.
Perturbed function parameter: 0.17 Delta: 0.00
Mutation accepted.
Perturbed function parameter: 0.93 Delta: 0.00
Mutation accepted.
Perturbed function parameter: 0.37 Delta: 0.00
Mutation accepted.
Perturbed function parameter: 0.87 Delta: 0.00
Mutation accepted.
Perturbed function parameter: 0.91 Delta: 0.00
Mutation accepted.
Perturbed function parameter: 0.48 Delta: 0.00
Mutation accepted.
Perturbed function parameter: 0.23 Delta: 0.00
Mutation accepted.
Perturbed function parameter: 0.66 Delta: 0.00
Mutation accepted.
Perturbed function parameter: 0.22 Delta: 0.00
Mutation accepted.
Perturbed function parameter: 0.88 Delta: 0.00
Mutation accepted.
Perturbed function parameter: 0.61 Delta: 0.00
Mutation accepted.
Perturbed function parameter: 0.65 Delta: 0.00
Mutation accepted.
Perturbed function parameter: 0.26 Delta: 0.00
Mutation accepted.
Input exhaust temperature: 289.06 C
Output exhaust temperature: 288.57 C
Scrubber fluid input temperature: 25.39 C
Scrubber fluid output temperature: 33.69 C
Fan duty cycle: 0.42 %
Pump duty cycle: 7.21 %
Function parameter: 0.86 Score: 9.00
Function parameter: 0.84 Score: 9.00
Function parameter: 0.77 Score: 9.00
Function parameter: 0.17 Score: 9.00
Function parameter: 0.93 Score: 9.00
Function parameter: 0.37 Score: 9.00
Function parameter: 0.87 Score: 9.00
Function parameter: 0.91 Score: 9.00
Function parameter: 0.48 Score: 9.00
Function parameter: 0.23 Score: 9.00
Function parameter: 0.66 Score: 9.00
Function parameter: 0.22 Score: 9.00
Function parameter: 0.88 Score: 9.00
Function parameter: 0.61 Score: 9.00
Function parameter: 0.65 Score: 9.00
Function parameter: 0.26 Score: 9.00
Perturbed function parameter: 0.86 Delta: 0.00
Mutation accepted.
Perturbed function parameter: 0.83 Delta: 0.00
Mutation accepted.
Perturbed function parameter: 0.77 Delta: 0.00
Mutation accepted.
Perturbed function parameter: 0.16 Delta: 0.00
Mutation accepted.
Perturbed function parameter: 0.94 Delta: 0.00
Mutation accepted.
Perturbed function parameter: 0.37 Delta: 0.00
Mutation accepted.
Perturbed function parameter: 0.87 Delta: 0.00
Mutation accepted.
Perturbed function parameter: 0.91 Delta: 0.00
Mutation accepted.
Perturbed function parameter: 0.48 Delta: 0.00
Mutation accepted.
Perturbed function parameter: 0.23 Delta: 0.00
Mutation accepted.
Perturbed function parameter: 0.66 Delta: 0.00
Mutation accepted.
Perturbed function parameter: 0.22 Delta: 0.00
Mutation accepted.
Perturbed function parameter: 0.89 Delta: 0.00
Mutation accepted.
Perturbed function parameter: 0.61 Delta: 0.00
Mutation accepted.
Perturbed function parameter: 0.64 Delta: 0.00
Mutation accepted.
Perturbed function parameter: 0.26 Delta: 0.00
Mutation accepted.
Input exhaust temperature: 308.11 C
Output exhaust temperature: 307.62 C
Scrubber fluid input temperature: 25.39 C
Scrubber fluid output temperature: 34.18 C
Fan duty cycle: 0.42 %
Pump duty cycle: 7.64 %
Function parameter: 0.86 Score: 8.96
Function parameter: 0.83 Score: 8.96
Function parameter: 0.77 Score: 8.96
Function parameter: 0.16 Score: 8.96
Function parameter: 0.94 Score: 8.96
Function parameter: 0.37 Score: 8.96
Function parameter: 0.87 Score: 8.96
Function parameter: 0.91 Score: 8.96
Function parameter: 0.48 Score: 8.96
Function parameter: 0.23 Score: 8.96
Function parameter: 0.66 Score: 8.96
Function parameter: 0.22 Score: 8.96
Function parameter: 0.89 Score: 8.96
Function parameter: 0.61 Score: 8.96
Function parameter: 0.64 Score: 8.96
Function parameter: 0.26 Score: 8.96
Perturbed function parameter: 0.86 Delta: 0.00
Mutation accepted.
Perturbed function parameter: 0.84 Delta: 0.00
Mutation accepted.
Perturbed function parameter: 0.78 Delta: 0.00
Mutation accepted.
Perturbed function parameter: 0.16 Delta: 0.00
Mutation accepted.
Perturbed function parameter: 0.94 Delta: 0.00
Mutation accepted.
Perturbed function parameter: 0.36 Delta: 0.00
Mutation accepted.
Perturbed function parameter: 0.87 Delta: 0.00
Mutation accepted.
Perturbed function parameter: 0.91 Delta: 0.00
Mutation accepted.
Perturbed function parameter: 0.48 Delta: 0.00
Mutation accepted.
Perturbed function parameter: 0.22 Delta: 0.00
Mutation accepted.
Perturbed function parameter: 0.67 Delta: 0.00
Mutation accepted.
Perturbed function parameter: 0.22 Delta: 0.00
Mutation accepted.
Perturbed function parameter: 0.88 Delta: 0.00
Mutation accepted.
Perturbed function parameter: 0.62 Delta: 0.00
Mutation accepted.
Perturbed function parameter: 0.64 Delta: 0.00
Mutation accepted.
Perturbed function parameter: 0.27 Delta: 0.00
Mutation accepted.
Input exhaust temperature: 328.12 C
Output exhaust temperature: 328.12 C
Scrubber fluid input temperature: 25.39 C
Scrubber fluid output temperature: 33.69 C
Fan duty cycle: 0.00 %
Pump duty cycle: 7.21 %
Function parameter: 0.86 Score: -0.72
Function parameter: 0.84 Score: -0.72
Function parameter: 0.78 Score: -0.72
Function parameter: 0.16 Score: -0.72
Function parameter: 0.94 Score: -0.72
Function parameter: 0.36 Score: -0.72
Function parameter: 0.87 Score: -0.72
Function parameter: 0.91 Score: -0.72
Function parameter: 0.48 Score: -0.72
Function parameter: 0.22 Score: -0.72
Function parameter: 0.67 Score: -0.72
Function parameter: 0.22 Score: -0.72
Function parameter: 0.88 Score: -0.72
Function parameter: 0.62 Score: -0.72
Function parameter: 0.64 Score: -0.72
Function parameter: 0.27 Score: -0.72
Perturbed function parameter: 0.85 Delta: 0.00
Mutation accepted.
Perturbed function parameter: 0.84 Delta: 0.00
Mutation accepted.
Perturbed function parameter: 0.79 Delta: 0.00
Mutation accepted.
Perturbed function parameter: 0.17 Delta: 0.00
Mutation accepted.
Perturbed function parameter: 0.95 Delta: 0.00
Mutation accepted.
Perturbed function parameter: 0.35 Delta: 0.00
Mutation accepted.
Perturbed function parameter: 0.87 Delta: 0.00
Mutation accepted.
Perturbed function parameter: 0.91 Delta: 0.00
Mutation accepted.
Perturbed function parameter: 0.48 Delta: 0.00
Mutation accepted.
Perturbed function parameter: 0.22 Delta: 0.00
Mutation accepted.
Perturbed function parameter: 0.67 Delta: 0.00
Mutation accepted.
Perturbed function parameter: 0.22 Delta: 0.00
Mutation accepted.
Perturbed function parameter: 0.87 Delta: 0.00
Mutation accepted.
Perturbed function parameter: 0.61 Delta: 0.00
Mutation accepted.
Perturbed function parameter: 0.63 Delta: 0.00
Mutation accepted.
Perturbed function parameter: 0.27 Delta: 0.00
Mutation accepted.
25.0 | 328.4 | 327.8 | 25.0 | 33.5 | 0.0 | 0.0 | 7.2
Input exhaust temperature: 346.19 C
Output exhaust temperature: 346.19 C
Scrubber fluid input temperature: 25.39 C
Scrubber fluid output temperature: 33.20 C
Fan duty cycle: 0.00 %
Pump duty cycle: 6.79 %
Function parameter: 0.85 Score: -0.68
Function parameter: 0.84 Score: -0.68
Function parameter: 0.79 Score: -0.68
Function parameter: 0.17 Score: -0.68
Function parameter: 0.95 Score: -0.68
Function parameter: 0.35 Score: -0.68
Function parameter: 0.87 Score: -0.68
Function parameter: 0.91 Score: -0.68
Function parameter: 0.48 Score: -0.68
Function parameter: 0.22 Score: -0.68
Function parameter: 0.67 Score: -0.68
Function parameter: 0.22 Score: -0.68
Function parameter: 0.87 Score: -0.68
Function parameter: 0.61 Score: -0.68
Function parameter: 0.63 Score: -0.68
Function parameter: 0.27 Score: -0.68
Perturbed function parameter: 0.86 Delta: 0.00
Mutation accepted.
Perturbed function parameter: 0.84 Delta: 0.00
Mutation accepted.
Perturbed function parameter: 0.79 Delta: 0.00
Mutation accepted.
Perturbed function parameter: 0.17 Delta: 0.00
Mutation accepted.
Perturbed function parameter: 0.94 Delta: 0.00
Mutation accepted.
Perturbed function parameter: 0.34 Delta: 0.00
Mutation accepted.
Perturbed function parameter: 0.87 Delta: 0.00
Mutation accepted.
Perturbed function parameter: 0.92 Delta: 0.00
Mutation accepted.
Perturbed function parameter: 0.48 Delta: 0.00
Mutation accepted.
Perturbed function parameter: 0.21 Delta: 0.00
Mutation accepted.
Perturbed function parameter: 0.67 Delta: 0.00
Mutation accepted.
Perturbed function parameter: 0.22 Delta: 0.00
Mutation accepted.
Perturbed function parameter: 0.86 Delta: 0.00
Mutation accepted.
Perturbed function parameter: 0.60 Delta: 0.00
Mutation accepted.
Perturbed function parameter: 0.62 Delta: 0.00
Mutation accepted.
Perturbed function parameter: 0.28 Delta: 0.00
Mutation accepted.
Input exhaust temperature: 363.77 C
Output exhaust temperature: 362.79 C
Scrubber fluid input temperature: 24.41 C
Scrubber fluid output temperature: 32.71 C
Fan duty cycle: 0.85 %
Pump duty cycle: 7.21 %
Function parameter: 0.86 Score: 18.73
Function parameter: 0.84 Score: 18.73
Function parameter: 0.79 Score: 18.73
Function parameter: 0.17 Score: 18.73
Function parameter: 0.94 Score: 18.73
Function parameter: 0.34 Score: 18.73
Function parameter: 0.87 Score: 18.73
Function parameter: 0.92 Score: 18.73
Function parameter: 0.48 Score: 18.73
Function parameter: 0.21 Score: 18.73
Function parameter: 0.67 Score: 18.73
Function parameter: 0.22 Score: 18.73
Function parameter: 0.86 Score: 18.73
Function parameter: 0.60 Score: 18.73
Function parameter: 0.62 Score: 18.73
Function parameter: 0.28 Score: 18.73
Perturbed function parameter: 0.86 Delta: 0.00
Mutation accepted.
Perturbed function parameter: 0.85 Delta: 0.00
Mutation accepted.
Perturbed function parameter: 0.80 Delta: 0.00
Mutation accepted.
Perturbed function parameter: 0.17 Delta: 0.00
Mutation accepted.
Perturbed function parameter: 0.94 Delta: 0.00
Mutation accepted.
Perturbed function parameter: 0.33 Delta: 0.00
Mutation accepted.
Perturbed function parameter: 0.86 Delta: 0.00
Mutation accepted.
Perturbed function parameter: 0.91 Delta: 0.00
Mutation accepted.
Perturbed function parameter: 0.48 Delta: 0.00
Mutation accepted.
Perturbed function parameter: 0.22 Delta: 0.00
Mutation accepted.
Perturbed function parameter: 0.66 Delta: 0.00
Mutation accepted.
Perturbed function parameter: 0.21 Delta: 0.00
Mutation accepted.
Perturbed function parameter: 0.86 Delta: 0.00
Mutation accepted.
Perturbed function parameter: 0.61 Delta: 0.00
Mutation accepted.
Perturbed function parameter: 0.63 Delta: 0.00
Mutation accepted.
Perturbed function parameter: 0.28 Delta: 0.00
Mutation accepted.
Input exhaust temperature: 377.44 C
Output exhaust temperature: 376.46 C
Scrubber fluid input temperature: 25.39 C
Scrubber fluid output temperature: 33.20 C
Fan duty cycle: 0.85 %
Pump duty cycle: 6.79 %
Function parameter: 0.86 Score: 18.77
Function parameter: 0.85 Score: 18.77
Function parameter: 0.80 Score: 18.77
Function parameter: 0.17 Score: 18.77
Function parameter: 0.94 Score: 18.77
Function parameter: 0.33 Score: 18.77
Function parameter: 0.86 Score: 18.77
Function parameter: 0.91 Score: 18.77
Function parameter: 0.48 Score: 18.77
Function parameter: 0.22 Score: 18.77
Function parameter: 0.66 Score: 18.77
Function parameter: 0.21 Score: 18.77
Function parameter: 0.86 Score: 18.77
Function parameter: 0.61 Score: 18.77
Function parameter: 0.63 Score: 18.77
Function parameter: 0.28 Score: 18.77
Perturbed function parameter: 0.86 Delta: 0.00
Mutation accepted.
Perturbed function parameter: 0.85 Delta: 0.00
Mutation accepted.
Perturbed function parameter: 0.81 Delta: 0.00
Mutation accepted.
Perturbed function parameter: 0.17 Delta: 0.00
Mutation accepted.
Perturbed function parameter: 0.94 Delta: 0.00
Mutation accepted.
Perturbed function parameter: 0.34 Delta: 0.00
Mutation accepted.
Perturbed function parameter: 0.86 Delta: 0.00
Mutation accepted.
Perturbed function parameter: 0.92 Delta: 0.00
Mutation accepted.
Perturbed function parameter: 0.47 Delta: 0.00
Mutation accepted.
Perturbed function parameter: 0.22 Delta: 0.00
Mutation accepted.
Perturbed function parameter: 0.65 Delta: 0.00
Mutation accepted.
Perturbed function parameter: 0.22 Delta: 0.00
Mutation accepted.
Perturbed function parameter: 0.86 Delta: 0.00
Mutation accepted.
Perturbed function parameter: 0.60 Delta: 0.00
Mutation accepted.
Perturbed function parameter: 0.62 Delta: 0.00
Mutation accepted.
Perturbed function parameter: 0.28 Delta: 0.00
Mutation accepted.
Input exhaust temperature: 388.18 C
Output exhaust temperature: 386.72 C
Scrubber fluid input temperature: 24.41 C
Scrubber fluid output temperature: 32.23 C
Fan duty cycle: 1.27 %
Pump duty cycle: 6.79 %
Function parameter: 0.86 Score: 28.49
Function parameter: 0.85 Score: 28.49
Function parameter: 0.81 Score: 28.49
Function parameter: 0.17 Score: 28.49
Function parameter: 0.94 Score: 28.49
Function parameter: 0.34 Score: 28.49
Function parameter: 0.86 Score: 28.49
Function parameter: 0.92 Score: 28.49
Function parameter: 0.47 Score: 28.49
Function parameter: 0.22 Score: 28.49
Function parameter: 0.65 Score: 28.49
Function parameter: 0.22 Score: 28.49
Function parameter: 0.86 Score: 28.49
Function parameter: 0.60 Score: 28.49
Function parameter: 0.62 Score: 28.49
Function parameter: 0.28 Score: 28.49
Perturbed function parameter: 0.85 Delta: 0.00
Mutation accepted.
Perturbed function parameter: 0.86 Delta: 0.00
Mutation accepted.
Perturbed function parameter: 0.81 Delta: 0.00
Mutation accepted.
Perturbed function parameter: 0.17 Delta: 0.00
Mutation accepted.
Perturbed function parameter: 0.95 Delta: 0.00
Mutation accepted.
Perturbed function parameter: 0.34 Delta: 0.00
Mutation accepted.
Perturbed function parameter: 0.85 Delta: 0.00
Mutation accepted.
Perturbed function parameter: 0.92 Delta: 0.00
Mutation accepted.
Perturbed function parameter: 0.48 Delta: 0.00
Mutation accepted.
Perturbed function parameter: 0.22 Delta: 0.00
Mutation accepted.
Perturbed function parameter: 0.66 Delta: 0.00
Mutation accepted.
Perturbed function parameter: 0.21 Delta: 0.00
Mutation accepted.
Perturbed function parameter: 0.86 Delta: 0.00
Mutation accepted.
Perturbed function parameter: 0.59 Delta: 0.00
Mutation accepted.
Perturbed function parameter: 0.62 Delta: 0.00
Mutation accepted.
Perturbed function parameter: 0.28 Delta: 0.00
Mutation accepted.
Input exhaust temperature: 396.48 C
Output exhaust temperature: 393.07 C
Scrubber fluid input temperature: 25.39 C
Scrubber fluid output temperature: 32.71 C
Fan duty cycle: 2.97 %
Pump duty cycle: 6.36 %
Function parameter: 0.85 Score: 67.43
Best function parameter: 0.85 Best score: 67.43
Function parameter: 0.86 Score: 67.43
Function parameter: 0.81 Score: 67.43
Function parameter: 0.17 Score: 67.43
Function parameter: 0.95 Score: 67.43
Function parameter: 0.34 Score: 67.43
Function parameter: 0.85 Score: 67.43
Function parameter: 0.92 Score: 67.43
Function parameter: 0.48 Score: 67.43
Function parameter: 0.22 Score: 67.43
Function parameter: 0.66 Score: 67.43
Function parameter: 0.21 Score: 67.43
Function parameter: 0.86 Score: 67.43
Function parameter: 0.59 Score: 67.43
Function parameter: 0.62 Score: 67.43
Function parameter: 0.28 Score: 67.43
Perturbed function parameter: 0.84 Delta: 0.00
Mutation accepted.
Perturbed function parameter: 0.87 Delta: 0.00
Mutation accepted.
Perturbed function parameter: 0.81 Delta: 0.00
Mutation accepted.
Perturbed function parameter: 0.18 Delta: 0.00
Mutation accepted.
Perturbed function parameter: 0.96 Delta: 0.00
Mutation accepted.
Perturbed function parameter: 0.34 Delta: 0.00
Mutation accepted.
Perturbed function parameter: 0.85 Delta: 0.00
Mutation accepted.
Perturbed function parameter: 0.93 Delta: 0.00
Mutation accepted.
Perturbed function parameter: 0.48 Delta: 0.00
Mutation accepted.
Perturbed function parameter: 0.23 Delta: 0.00
Mutation accepted.
Perturbed function parameter: 0.65 Delta: 0.00
Mutation accepted.
Perturbed function parameter: 0.22 Delta: 0.00
Mutation accepted.
Perturbed function parameter: 0.86 Delta: 0.00
Mutation accepted.
Perturbed function parameter: 0.60 Delta: 0.00
Mutation accepted.
Perturbed function parameter: 0.62 Delta: 0.00
Mutation accepted.
Perturbed function parameter: 0.27 Delta: 0.00
Mutation accepted.
30.0 | 396.0 | 393.9 | 25.0 | 32.7 | 0.0 | 3.0 | 6.4
Input exhaust temperature: 398.93 C
Output exhaust temperature: 394.04 C
Scrubber fluid input temperature: 25.39 C
Scrubber fluid output temperature: 32.71 C
Fan duty cycle: 4.15 %
Pump duty cycle: 6.23 %
Function parameter: 0.84 Score: 96.62
Best function parameter: 0.84 Best score: 96.62
Function parameter: 0.87 Score: 96.62
Function parameter: 0.81 Score: 96.62
Function parameter: 0.18 Score: 96.62
Function parameter: 0.96 Score: 96.62
Function parameter: 0.34 Score: 96.62
Function parameter: 0.85 Score: 96.62
Function parameter: 0.93 Score: 96.62
Function parameter: 0.48 Score: 96.62
Function parameter: 0.23 Score: 96.62
Function parameter: 0.65 Score: 96.62
Function parameter: 0.22 Score: 96.62
Function parameter: 0.86 Score: 96.62
Function parameter: 0.60 Score: 96.62
Function parameter: 0.62 Score: 96.62
Function parameter: 0.27 Score: 96.62
Perturbed function parameter: 0.84 Delta: 0.00
Mutation accepted.
Perturbed function parameter: 0.87 Delta: 0.00
Mutation accepted.
Perturbed function parameter: 0.81 Delta: 0.00
Mutation accepted.
Perturbed function parameter: 0.18 Delta: 0.00
Mutation accepted.
Perturbed function parameter: 0.96 Delta: 0.00
Mutation accepted.
Perturbed function parameter: 0.33 Delta: 0.00
Mutation accepted.
Perturbed function parameter: 0.85 Delta: 0.00
Mutation accepted.
Perturbed function parameter: 0.92 Delta: 0.00
Mutation accepted.
Perturbed function parameter: 0.49 Delta: 0.00
Mutation accepted.
Perturbed function parameter: 0.23 Delta: 0.00
Mutation accepted.
Perturbed function parameter: 0.64 Delta: 0.00
Mutation accepted.
Perturbed function parameter: 0.22 Delta: 0.00
Mutation accepted.
Perturbed function parameter: 0.86 Delta: 0.00
Mutation accepted.
Perturbed function parameter: 0.60 Delta: 0.00
Mutation accepted.
Perturbed function parameter: 0.62 Delta: 0.00
Mutation accepted.
Perturbed function parameter: 0.27 Delta: 0.00
Mutation accepted.
Input exhaust temperature: 398.44 C
Output exhaust temperature: 392.09 C
Scrubber fluid input temperature: 24.41 C
Scrubber fluid output temperature: 32.71 C
Fan duty cycle: 5.36 %
Pump duty cycle: 7.01 %
Function parameter: 0.84 Score: 125.72
Best function parameter: 0.84 Best score: 125.72
Function parameter: 0.87 Score: 125.72
Function parameter: 0.81 Score: 125.72
Function parameter: 0.18 Score: 125.72
Function parameter: 0.96 Score: 125.72
Function parameter: 0.33 Score: 125.72
Function parameter: 0.85 Score: 125.72
Function parameter: 0.92 Score: 125.72
Function parameter: 0.49 Score: 125.72
Function parameter: 0.23 Score: 125.72
Function parameter: 0.64 Score: 125.72
Function parameter: 0.22 Score: 125.72
Function parameter: 0.86 Score: 125.72
Function parameter: 0.60 Score: 125.72
Function parameter: 0.62 Score: 125.72
Function parameter: 0.27 Score: 125.72
Perturbed function parameter: 0.84 Delta: 0.00
Mutation accepted.
Perturbed function parameter: 0.88 Delta: 0.00
Mutation accepted.
Perturbed function parameter: 0.82 Delta: 0.00
Mutation accepted.
Perturbed function parameter: 0.17 Delta: 0.00
Mutation accepted.
Perturbed function parameter: 0.96 Delta: 0.00
Mutation accepted.
Perturbed function parameter: 0.32 Delta: 0.00
Mutation accepted.
Perturbed function parameter: 0.85 Delta: 0.00
Mutation accepted.
Perturbed function parameter: 0.93 Delta: 0.00
Mutation accepted.
Perturbed function parameter: 0.49 Delta: 0.00
Mutation accepted.
Perturbed function parameter: 0.23 Delta: 0.00
Mutation accepted.
Perturbed function parameter: 0.64 Delta: 0.00
Mutation accepted.
Perturbed function parameter: 0.23 Delta: 0.00
Mutation accepted.
Perturbed function parameter: 0.87 Delta: 0.00
Mutation accepted.
Perturbed function parameter: 0.60 Delta: 0.00
Mutation accepted.
Perturbed function parameter: 0.62 Delta: 0.00
Mutation accepted.
Perturbed function parameter: 0.26 Delta: 0.00
Mutation accepted.
Input exhaust temperature: 395.02 C
Output exhaust temperature: 385.74 C
Scrubber fluid input temperature: 24.41 C
Scrubber fluid output temperature: 34.18 C
Fan duty cycle: 7.78 %
Pump duty cycle: 8.19 %
Function parameter: 0.84 Score: 183.95
Best function parameter: 0.84 Best score: 183.95
Function parameter: 0.88 Score: 183.95
Function parameter: 0.82 Score: 183.95
Function parameter: 0.17 Score: 183.95
Function parameter: 0.96 Score: 183.95
Function parameter: 0.32 Score: 183.95
Function parameter: 0.85 Score: 183.95
Function parameter: 0.93 Score: 183.95
Function parameter: 0.49 Score: 183.95
Function parameter: 0.23 Score: 183.95
Function parameter: 0.64 Score: 183.95
Function parameter: 0.23 Score: 183.95
Function parameter: 0.87 Score: 183.95
Function parameter: 0.60 Score: 183.95
Function parameter: 0.62 Score: 183.95
Function parameter: 0.26 Score: 183.95
Perturbed function parameter: 0.84 Delta: 0.00
Mutation accepted.
Perturbed function parameter: 0.89 Delta: 0.00
Mutation accepted.
Perturbed function parameter: 0.82 Delta: 0.00
Mutation accepted.
Perturbed function parameter: 0.16 Delta: 0.00
Mutation accepted.
Perturbed function parameter: 0.96 Delta: 0.00
Mutation accepted.
Perturbed function parameter: 0.32 Delta: 0.00
Mutation accepted.
Perturbed function parameter: 0.84 Delta: 0.00
Mutation accepted.
Perturbed function parameter: 0.93 Delta: 0.00
Mutation accepted.
Perturbed function parameter: 0.50 Delta: 0.00
Mutation accepted.
Perturbed function parameter: 0.22 Delta: 0.00
Mutation accepted.
Perturbed function parameter: 0.64 Delta: 0.00
Mutation accepted.
Perturbed function parameter: 0.22 Delta: 0.00
Mutation accepted.
Perturbed function parameter: 0.88 Delta: 0.00
Mutation accepted.
Perturbed function parameter: 0.60 Delta: 0.00
Mutation accepted.
Perturbed function parameter: 0.61 Delta: 0.00
Mutation accepted.
Perturbed function parameter: 0.26 Delta: 0.00
Mutation accepted.
Input exhaust temperature: 387.21 C
Output exhaust temperature: 374.02 C
Scrubber fluid input temperature: 24.41 C
Scrubber fluid output temperature: 35.16 C
Fan duty cycle: 11.03 %
Pump duty cycle: 8.99 %
Function parameter: 0.84 Score: 261.67
Best function parameter: 0.84 Best score: 261.67
Function parameter: 0.89 Score: 261.67
Function parameter: 0.82 Score: 261.67
Function parameter: 0.16 Score: 261.67
Function parameter: 0.96 Score: 261.67
Function parameter: 0.32 Score: 261.67
Function parameter: 0.84 Score: 261.67
Function parameter: 0.93 Score: 261.67
Function parameter: 0.50 Score: 261.67
Function parameter: 0.22 Score: 261.67
Function parameter: 0.64 Score: 261.67
Function parameter: 0.22 Score: 261.67
Function parameter: 0.88 Score: 261.67
Function parameter: 0.60 Score: 261.67
Function parameter: 0.61 Score: 261.67
Function parameter: 0.26 Score: 261.67
Perturbed function parameter: 0.84 Delta: 0.00
Mutation accepted.
Perturbed function parameter: 0.89 Delta: 0.00
Mutation accepted.
Perturbed function parameter: 0.83 Delta: 0.00
Mutation accepted.
Perturbed function parameter: 0.16 Delta: 0.00
Mutation accepted.
Perturbed function parameter: 0.97 Delta: 0.00
Mutation accepted.
Perturbed function parameter: 0.33 Delta: 0.00
Mutation accepted.
Perturbed function parameter: 0.84 Delta: 0.00
Mutation accepted.
Perturbed function parameter: 0.92 Delta: 0.00
Mutation accepted.
Perturbed function parameter: 0.49 Delta: 0.00
Mutation accepted.
Perturbed function parameter: 0.21 Delta: 0.00
Mutation accepted.
Perturbed function parameter: 0.63 Delta: 0.00
Mutation accepted.
Perturbed function parameter: 0.23 Delta: 0.00
Mutation accepted.
Perturbed function parameter: 0.87 Delta: 0.00
Mutation accepted.
Perturbed function parameter: 0.61 Delta: 0.00
Mutation accepted.
Perturbed function parameter: 0.62 Delta: 0.00
Mutation accepted.
Perturbed function parameter: 0.26 Delta: 0.00
Mutation accepted.
Input exhaust temperature: 375.49 C
Output exhaust temperature: 355.96 C
Scrubber fluid input temperature: 24.90 C
Scrubber fluid output temperature: 35.64 C
Fan duty cycle: 16.39 %
Pump duty cycle: 9.01 %
Function parameter: 0.84 Score: 388.09
Best function parameter: 0.84 Best score: 388.09
Function parameter: 0.89 Score: 388.09
Function parameter: 0.83 Score: 388.09
Function parameter: 0.16 Score: 388.09
Function parameter: 0.97 Score: 388.09
Function parameter: 0.33 Score: 388.09
Function parameter: 0.84 Score: 388.09
Function parameter: 0.92 Score: 388.09
Function parameter: 0.49 Score: 388.09
Function parameter: 0.21 Score: 388.09
Function parameter: 0.63 Score: 388.09
Function parameter: 0.23 Score: 388.09
Function parameter: 0.87 Score: 388.09
Function parameter: 0.61 Score: 388.09
Function parameter: 0.62 Score: 388.09
Function parameter: 0.26 Score: 388.09
Perturbed function parameter: 0.85 Delta: 0.00
Mutation accepted.
Perturbed function parameter: 0.90 Delta: 0.00
Mutation accepted.
Perturbed function parameter: 0.83 Delta: 0.00
Mutation accepted.
Perturbed function parameter: 0.16 Delta: 0.00
Mutation accepted.
Perturbed function parameter: 0.97 Delta: 0.00
Mutation accepted.
Perturbed function parameter: 0.33 Delta: 0.00
Mutation accepted.
Perturbed function parameter: 0.83 Delta: 0.00
Mutation accepted.
Perturbed function parameter: 0.92 Delta: 0.00
Mutation accepted.
Perturbed function parameter: 0.48 Delta: 0.00
Mutation accepted.
Perturbed function parameter: 0.20 Delta: 0.00
Mutation accepted.
Perturbed function parameter: 0.63 Delta: 0.00
Mutation accepted.
Perturbed function parameter: 0.23 Delta: 0.00
Mutation accepted.
Perturbed function parameter: 0.87 Delta: 0.00
Mutation accepted.
Perturbed function parameter: 0.60 Delta: 0.00
Mutation accepted.
Perturbed function parameter: 0.63 Delta: 0.00
Mutation accepted.
Perturbed function parameter: 0.26 Delta: 0.00
Mutation accepted.
35.0 | 375.4 | 356.7 | 25.0 | 36.6 | 0.0 | 16.4 | 9.0
Input exhaust temperature: 359.86 C
Output exhaust temperature: 334.96 C
Scrubber fluid input temperature: 24.41 C
Scrubber fluid output temperature: 39.06 C
Fan duty cycle: 20.99 %
Pump duty cycle: 12.35 %
Function parameter: 0.85 Score: 494.71
Best function parameter: 0.85 Best score: 494.71
Function parameter: 0.90 Score: 494.71
Function parameter: 0.83 Score: 494.71
Function parameter: 0.16 Score: 494.71
Function parameter: 0.97 Score: 494.71
Function parameter: 0.33 Score: 494.71
Function parameter: 0.83 Score: 494.71
Function parameter: 0.92 Score: 494.71
Function parameter: 0.48 Score: 494.71
Function parameter: 0.20 Score: 494.71
Function parameter: 0.63 Score: 494.71
Function parameter: 0.23 Score: 494.71
Function parameter: 0.87 Score: 494.71
Function parameter: 0.60 Score: 494.71
Function parameter: 0.63 Score: 494.71
Function parameter: 0.26 Score: 494.71
Perturbed function parameter: 0.85 Delta: 0.00
Mutation accepted.
Perturbed function parameter: 0.90 Delta: 0.00
Mutation accepted.
Perturbed function parameter: 0.84 Delta: 0.00
Mutation accepted.
Perturbed function parameter: 0.16 Delta: 0.00
Mutation accepted.
Perturbed function parameter: 0.97 Delta: 0.00
Mutation accepted.
Perturbed function parameter: 0.33 Delta: 0.00
Mutation accepted.
Perturbed function parameter: 0.84 Delta: 0.00
Mutation accepted.
Perturbed function parameter: 0.91 Delta: 0.00
Mutation accepted.
Perturbed function parameter: 0.48 Delta: 0.00
Mutation accepted.
Perturbed function parameter: 0.21 Delta: 0.00
Mutation accepted.
Perturbed function parameter: 0.64 Delta: 0.00
Mutation accepted.
Perturbed function parameter: 0.23 Delta: 0.00
Mutation accepted.
Perturbed function parameter: 0.87 Delta: 0.00
Mutation accepted.
Perturbed function parameter: 0.61 Delta: 0.00
Mutation accepted.
Perturbed function parameter: 0.63 Delta: 0.00
Mutation accepted.
Perturbed function parameter: 0.25 Delta: 0.00
Mutation accepted.
Input exhaust temperature: 343.26 C
Output exhaust temperature: 311.52 C
Scrubber fluid input temperature: 25.39 C
Scrubber fluid output temperature: 41.02 C
Fan duty cycle: 26.98 %
Pump duty cycle: 13.28 %
Function parameter: 0.85 Score: 630.74
Best function parameter: 0.85 Best score: 630.74
Function parameter: 0.90 Score: 630.74
Function parameter: 0.84 Score: 630.74
Function parameter: 0.16 Score: 630.74
Function parameter: 0.97 Score: 630.74
Function parameter: 0.33 Score: 630.74
Function parameter: 0.84 Score: 630.74
Function parameter: 0.91 Score: 630.74
Function parameter: 0.48 Score: 630.74
Function parameter: 0.21 Score: 630.74
Function parameter: 0.64 Score: 630.74
Function parameter: 0.23 Score: 630.74
Function parameter: 0.87 Score: 630.74
Function parameter: 0.61 Score: 630.74
Function parameter: 0.63 Score: 630.74
Function parameter: 0.25 Score: 630.74
Perturbed function parameter: 0.86 Delta: 0.00
Mutation accepted.
Perturbed function parameter: 0.89 Delta: 0.00
Mutation accepted.
Perturbed function parameter: 0.85 Delta: 0.00
Mutation accepted.
Perturbed function parameter: 0.17 Delta: 0.00
Mutation accepted.
Perturbed function parameter: 0.96 Delta: 0.00
Mutation accepted.
Perturbed function parameter: 0.34 Delta: 0.00
Mutation accepted.
Perturbed function parameter: 0.84 Delta: 0.00
Mutation accepted.
Perturbed function parameter: 0.91 Delta: 0.00
Mutation accepted.
Perturbed function parameter: 0.47 Delta: 0.00
Mutation accepted.
Perturbed function parameter: 0.21 Delta: 0.00
Mutation accepted.
Perturbed function parameter: 0.64 Delta: 0.00
Mutation accepted.
Perturbed function parameter: 0.23 Delta: 0.00
Mutation accepted.
Perturbed function parameter: 0.87 Delta: 0.00
Mutation accepted.
Perturbed function parameter: 0.60 Delta: 0.00
Mutation accepted.
Perturbed function parameter: 0.62 Delta: 0.00
Mutation accepted.
Perturbed function parameter: 0.26 Delta: 0.00
Mutation accepted.
Input exhaust temperature: 324.71 C
Output exhaust temperature: 287.60 C
Scrubber fluid input temperature: 24.90 C
Scrubber fluid output temperature: 43.46 C
Fan duty cycle: 31.62 %
Pump duty cycle: 15.81 %
Function parameter: 0.86 Score: 737.44
Best function parameter: 0.86 Best score: 737.44
Function parameter: 0.89 Score: 737.44
Function parameter: 0.85 Score: 737.44
Function parameter: 0.17 Score: 737.44
Function parameter: 0.96 Score: 737.44
Function parameter: 0.34 Score: 737.44
Function parameter: 0.84 Score: 737.44
Function parameter: 0.91 Score: 737.44
Function parameter: 0.47 Score: 737.44
Function parameter: 0.21 Score: 737.44
Function parameter: 0.64 Score: 737.44
Function parameter: 0.23 Score: 737.44
Function parameter: 0.87 Score: 737.44
Function parameter: 0.60 Score: 737.44
Function parameter: 0.62 Score: 737.44
Function parameter: 0.26 Score: 737.44
Perturbed function parameter: 0.87 Delta: 0.00
Mutation accepted.
Perturbed function parameter: 0.90 Delta: 0.00
Mutation accepted.
Perturbed function parameter: 0.84 Delta: 0.00
Mutation accepted.
Perturbed function parameter: 0.16 Delta: 0.00
Mutation accepted.
Perturbed function parameter: 0.96 Delta: 0.00
Mutation accepted.
Perturbed function parameter: 0.35 Delta: 0.00
Mutation accepted.
Perturbed function parameter: 0.83 Delta: 0.00
Mutation accepted.
Perturbed function parameter: 0.91 Delta: 0.00
Mutation accepted.
Perturbed function parameter: 0.47 Delta: 0.00
Mutation accepted.
Perturbed function parameter: 0.21 Delta: 0.00
Mutation accepted.
Perturbed function parameter: 0.65 Delta: 0.00
Mutation accepted.
Perturbed function parameter: 0.23 Delta: 0.00
Mutation accepted.
Perturbed function parameter: 0.87 Delta: 0.00
Mutation accepted.
Perturbed function parameter: 0.61 Delta: 0.00
Mutation accepted.
Perturbed function parameter: 0.62 Delta: 0.00
Mutation accepted.
Perturbed function parameter: 0.26 Delta: 0.00
Mutation accepted.
Input exhaust temperature: 305.66 C
Output exhaust temperature: 264.16 C
Scrubber fluid input temperature: 24.90 C
Scrubber fluid output temperature: 47.85 C
Fan duty cycle: 35.73 %
Pump duty cycle: 19.76 %
Function parameter: 0.87 Score: 824.53
Best function parameter: 0.87 Best score: 824.53
Function parameter: 0.90 Score: 824.53
Function parameter: 0.84 Score: 824.53
Function parameter: 0.16 Score: 824.53
Function parameter: 0.96 Score: 824.53
Function parameter: 0.35 Score: 824.53
Function parameter: 0.83 Score: 824.53
Function parameter: 0.91 Score: 824.53
Function parameter: 0.47 Score: 824.53
Function parameter: 0.21 Score: 824.53
Function parameter: 0.65 Score: 824.53
Function parameter: 0.23 Score: 824.53
Function parameter: 0.87 Score: 824.53
Function parameter: 0.61 Score: 824.53
Function parameter: 0.62 Score: 824.53
Function parameter: 0.26 Score: 824.53
Perturbed function parameter: 0.87 Delta: 0.00
Mutation accepted.
Perturbed function parameter: 0.90 Delta: 0.00
Mutation accepted.
Perturbed function parameter: 0.84 Delta: 0.00
Mutation accepted.
Perturbed function parameter: 0.15 Delta: 0.00
Mutation accepted.
Perturbed function parameter: 0.97 Delta: 0.00
Mutation accepted.
Perturbed function parameter: 0.34 Delta: 0.00
Mutation accepted.
Perturbed function parameter: 0.84 Delta: 0.00
Mutation accepted.
Perturbed function parameter: 0.91 Delta: 0.00
Mutation accepted.
Perturbed function parameter: 0.47 Delta: 0.00
Mutation accepted.
Perturbed function parameter: 0.22 Delta: 0.00
Mutation accepted.
Perturbed function parameter: 0.65 Delta: 0.00
Mutation accepted.
Perturbed function parameter: 0.22 Delta: 0.00
Mutation accepted.
Perturbed function parameter: 0.87 Delta: 0.00
Mutation accepted.
Perturbed function parameter: 0.61 Delta: 0.00
Mutation accepted.
Perturbed function parameter: 0.61 Delta: 0.00
Mutation accepted.
Perturbed function parameter: 0.25 Delta: 0.00
Mutation accepted.
Input exhaust temperature: 285.64 C
Output exhaust temperature: 242.19 C
Scrubber fluid input temperature: 24.41 C
Scrubber fluid output temperature: 50.78 C
Fan duty cycle: 37.63 %
Pump duty cycle: 22.83 %
Function parameter: 0.87 Score: 863.09
Best function parameter: 0.87 Best score: 863.09
Function parameter: 0.90 Score: 863.09
Function parameter: 0.84 Score: 863.09
Function parameter: 0.15 Score: 863.09
Function parameter: 0.97 Score: 863.09
Function parameter: 0.34 Score: 863.09
Function parameter: 0.84 Score: 863.09
Function parameter: 0.91 Score: 863.09
Function parameter: 0.47 Score: 863.09
Function parameter: 0.22 Score: 863.09
Function parameter: 0.65 Score: 863.09
Function parameter: 0.22 Score: 863.09
Function parameter: 0.87 Score: 863.09
Function parameter: 0.61 Score: 863.09
Function parameter: 0.61 Score: 863.09
Function parameter: 0.25 Score: 863.09
Perturbed function parameter: 0.88 Delta: 0.00
Mutation accepted.
Perturbed function parameter: 0.90 Delta: 0.00
Mutation accepted.
Perturbed function parameter: 0.83 Delta: 0.00
Mutation accepted.
Perturbed function parameter: 0.16 Delta: 0.00
Mutation accepted.
Perturbed function parameter: 0.96 Delta: 0.00
Mutation accepted.
Perturbed function parameter: 0.34 Delta: 0.00
Mutation accepted.
Perturbed function parameter: 0.83 Delta: 0.00
Mutation accepted.
Perturbed function parameter: 0.91 Delta: 0.00
Mutation accepted.
Perturbed function parameter: 0.47 Delta: 0.00
Mutation accepted.
Perturbed function parameter: 0.21 Delta: 0.00
Mutation accepted.
Perturbed function parameter: 0.66 Delta: 0.00
Mutation accepted.
Perturbed function parameter: 0.22 Delta: 0.00
Mutation accepted.
Perturbed function parameter: 0.87 Delta: 0.00
Mutation accepted.
Perturbed function parameter: 0.62 Delta: 0.00
Mutation accepted.
Perturbed function parameter: 0.62 Delta: 0.00
Mutation accepted.
Perturbed function parameter: 0.26 Delta: 0.00
Mutation accepted.
40.0 | 285.4 | 243.0 | 25.0 | 50.3 | 0.0 | 37.6 | 22.8
Input exhaust temperature: 265.62 C
Output exhaust temperature: 225.59 C
Scrubber fluid input temperature: 24.90 C
Scrubber fluid output temperature: 51.76 C
Fan duty cycle: 35.03 %
Pump duty cycle: 23.50 %
Function parameter: 0.88 Score: 794.93
Function parameter: 0.90 Score: 794.93
Function parameter: 0.83 Score: 794.93
Function parameter: 0.16 Score: 794.93
Function parameter: 0.96 Score: 794.93
Function parameter: 0.34 Score: 794.93
Function parameter: 0.83 Score: 794.93
Function parameter: 0.91 Score: 794.93
Function parameter: 0.47 Score: 794.93
Function parameter: 0.21 Score: 794.93
Function parameter: 0.66 Score: 794.93
Function parameter: 0.22 Score: 794.93
Function parameter: 0.87 Score: 794.93
Function parameter: 0.62 Score: 794.93
Function parameter: 0.62 Score: 794.93
Function parameter: 0.26 Score: 794.93
Perturbed function parameter: 0.87 Delta: 0.00
Mutation accepted.
Perturbed function parameter: 0.91 Delta: 0.00
Mutation accepted.
Perturbed function parameter: 0.82 Delta: 0.00
Mutation accepted.
Perturbed function parameter: 0.17 Delta: 0.00
Mutation accepted.
Perturbed function parameter: 0.96 Delta: 0.00
Mutation accepted.
Perturbed function parameter: 0.34 Delta: 0.00
Mutation accepted.
Perturbed function parameter: 0.82 Delta: 0.00
Mutation accepted.
Perturbed function parameter: 0.91 Delta: 0.00
Mutation accepted.
Perturbed function parameter: 0.47 Delta: 0.00
Mutation accepted.
Perturbed function parameter: 0.22 Delta: 0.00
Mutation accepted.
Perturbed function parameter: 0.66 Delta: 0.00
Mutation accepted.
Perturbed function parameter: 0.22 Delta: 0.00
Mutation accepted.
Perturbed function parameter: 0.86 Delta: 0.00
Mutation accepted.
Perturbed function parameter: 0.62 Delta: 0.00
Mutation accepted.
Perturbed function parameter: 0.61 Delta: 0.00
Mutation accepted.
Perturbed function parameter: 0.25 Delta: 0.00
Mutation accepted.
Input exhaust temperature: 248.05 C
Output exhaust temperature: 213.38 C
Scrubber fluid input temperature: 24.41 C
Scrubber fluid output temperature: 53.71 C
Fan duty cycle: 30.33 %
Pump duty cycle: 25.63 %
Function parameter: 0.87 Score: 687.76
Function parameter: 0.91 Score: 687.76
Function parameter: 0.82 Score: 687.76
Function parameter: 0.17 Score: 687.76
Function parameter: 0.96 Score: 687.76
Function parameter: 0.34 Score: 687.76
Function parameter: 0.82 Score: 687.76
Function parameter: 0.91 Score: 687.76
Function parameter: 0.47 Score: 687.76
Function parameter: 0.22 Score: 687.76
Function parameter: 0.66 Score: 687.76
Function parameter: 0.22 Score: 687.76
Function parameter: 0.86 Score: 687.76
Function parameter: 0.62 Score: 687.76
Function parameter: 0.61 Score: 687.76
Function parameter: 0.25 Score: 687.76
Perturbed function parameter: 0.87 Delta: 0.00
Mutation accepted.
Perturbed function parameter: 0.90 Delta: 0.00
Mutation accepted.
Perturbed function parameter: 0.82 Delta: 0.00
Mutation accepted.
Perturbed function parameter: 0.17 Delta: 0.00
Mutation accepted.
Perturbed function parameter: 0.95 Delta: 0.00
Mutation accepted.
Perturbed function parameter: 0.33 Delta: 0.00
Mutation accepted.
Perturbed function parameter: 0.82 Delta: 0.00
Mutation accepted.
Perturbed function parameter: 0.90 Delta: 0.00
Mutation accepted.
Perturbed function parameter: 0.47 Delta: 0.00
Mutation accepted.
Perturbed function parameter: 0.22 Delta: 0.00
Mutation accepted.
Perturbed function parameter: 0.67 Delta: 0.00
Mutation accepted.
Perturbed function parameter: 0.22 Delta: 0.00
Mutation accepted.
Perturbed function parameter: 0.86 Delta: 0.00
Mutation accepted.
Perturbed function parameter: 0.62 Delta: 0.00
Mutation accepted.
Perturbed function parameter: 0.61 Delta: 0.00
Mutation accepted.
Perturbed function parameter: 0.26 Delta: 0.00
Mutation accepted.
Input exhaust temperature: 231.93 C
Output exhaust temperature: 204.59 C
Scrubber fluid input temperature: 24.90 C
Scrubber fluid output temperature: 54.20 C
Fan duty cycle: 23.93 %
Pump duty cycle: 25.63 %
Function parameter: 0.87 Score: 541.92
Function parameter: 0.90 Score: 541.92
Function parameter: 0.82 Score: 541.92
Function parameter: 0.17 Score: 541.92
Function parameter: 0.95 Score: 541.92
Function parameter: 0.33 Score: 541.92
Function parameter: 0.82 Score: 541.92
Function parameter: 0.90 Score: 541.92
Function parameter: 0.47 Score: 541.92
Function parameter: 0.22 Score: 541.92
Function parameter: 0.67 Score: 541.92
Function parameter: 0.22 Score: 541.92
Function parameter: 0.86 Score: 541.92
Function parameter: 0.62 Score: 541.92
Function parameter: 0.61 Score: 541.92
Function parameter: 0.26 Score: 541.92
Perturbed function parameter: 0.86 Delta: 0.00
Mutation accepted.
Perturbed function parameter: 0.91 Delta: 0.00
Mutation accepted.
Perturbed function parameter: 0.83 Delta: 0.00
Mutation accepted.
Perturbed function parameter: 0.17 Delta: 0.00
Mutation accepted.
Perturbed function parameter: 0.95 Delta: 0.00
Mutation accepted.
Perturbed function parameter: 0.33 Delta: 0.00
Mutation accepted.
Perturbed function parameter: 0.82 Delta: 0.00
Mutation accepted.
Perturbed function parameter: 0.91 Delta: 0.00
Mutation accepted.
Perturbed function parameter: 0.47 Delta: 0.00
Mutation accepted.
Perturbed function parameter: 0.23 Delta: 0.00
Mutation accepted.
Perturbed function parameter: 0.68 Delta: 0.00
Mutation accepted.
Perturbed function parameter: 0.22 Delta: 0.00
Mutation accepted.
Perturbed function parameter: 0.86 Delta: 0.00
Mutation accepted.
Perturbed function parameter: 0.61 Delta: 0.00
Mutation accepted.
Perturbed function parameter: 0.60 Delta: 0.00
Mutation accepted.
Perturbed function parameter: 0.26 Delta: 0.00
Mutation accepted.
Input exhaust temperature: 218.75 C
Output exhaust temperature: 199.71 C
Scrubber fluid input temperature: 24.90 C
Scrubber fluid output temperature: 53.71 C
Fan duty cycle: 16.66 %
Pump duty cycle: 25.21 %
Function parameter: 0.86 Score: 376.67
Function parameter: 0.91 Score: 376.67
Function parameter: 0.83 Score: 376.67
Function parameter: 0.17 Score: 376.67
Function parameter: 0.95 Score: 376.67
Function parameter: 0.33 Score: 376.67
Function parameter: 0.82 Score: 376.67
Function parameter: 0.91 Score: 376.67
Function parameter: 0.47 Score: 376.67
Function parameter: 0.23 Score: 376.67
Function parameter: 0.68 Score: 376.67
Function parameter: 0.22 Score: 376.67
Function parameter: 0.86 Score: 376.67
Function parameter: 0.61 Score: 376.67
Function parameter: 0.60 Score: 376.67
Function parameter: 0.26 Score: 376.67
Perturbed function parameter: 0.86 Delta: 0.00
Mutation accepted.
Perturbed function parameter: 0.91 Delta: 0.00
Mutation accepted.
Perturbed function parameter: 0.83 Delta: 0.00
Mutation accepted.
Perturbed function parameter: 0.17 Delta: 0.00
Mutation accepted.
Perturbed function parameter: 0.95 Delta: 0.00
Mutation accepted.
Perturbed function parameter: 0.32 Delta: 0.00
Mutation accepted.
Perturbed function parameter: 0.83 Delta: 0.00
Mutation accepted.
Perturbed function parameter: 0.90 Delta: 0.00
Mutation accepted.
Perturbed function parameter: 0.46 Delta: 0.00
Mutation accepted.
Perturbed function parameter: 0.22 Delta: 0.00
Mutation accepted.
Perturbed function parameter: 0.67 Delta: 0.00
Mutation accepted.
Perturbed function parameter: 0.22 Delta: 0.00
Mutation accepted.
Perturbed function parameter: 0.86 Delta: 0.00
Mutation accepted.
Perturbed function parameter: 0.60 Delta: 0.00
Mutation accepted.
Perturbed function parameter: 0.60 Delta: 0.00
Mutation accepted.
Perturbed function parameter: 0.27 Delta: 0.00
Mutation accepted.
Input exhaust temperature: 208.50 C
Output exhaust temperature: 195.80 C
Scrubber fluid input temperature: 24.41 C
Scrubber fluid output temperature: 52.73 C
Fan duty cycle: 11.11 %
Pump duty cycle: 24.78 %
Function parameter: 0.86 Score: 250.32
Function parameter: 0.91 Score: 250.32
Function parameter: 0.83 Score: 250.32
Function parameter: 0.17 Score: 250.32
Function parameter: 0.95 Score: 250.32
Function parameter: 0.32 Score: 250.32
Function parameter: 0.83 Score: 250.32
Function parameter: 0.90 Score: 250.32
Function parameter: 0.46 Score: 250.32
Function parameter: 0.22 Score: 250.32
Function parameter: 0.67 Score: 250.32
Function parameter: 0.22 Score: 250.32
Function parameter: 0.86 Score: 250.32
Function parameter: 0.60 Score: 250.32
Function parameter: 0.60 Score: 250.32
Function parameter: 0.27 Score: 250.32
Perturbed function parameter: 0.86 Delta: 0.00
Mutation accepted.
Perturbed function parameter: 0.91 Delta: 0.00
Mutation accepted.
Perturbed function parameter: 0.83 Delta: 0.00
Mutation accepted.
Perturbed function parameter: 0.18 Delta: 0.00
Mutation accepted.
Perturbed function parameter: 0.95 Delta: 0.00
Mutation accepted.
Perturbed function parameter: 0.32 Delta: 0.00
Mutation accepted.
Perturbed function parameter: 0.82 Delta: 0.00
Mutation accepted.
Perturbed function parameter: 0.91 Delta: 0.00
Mutation accepted.
Perturbed function parameter: 0.46 Delta: 0.00
Mutation accepted.
Perturbed function parameter: 0.23 Delta: 0.00
Mutation accepted.
Perturbed function parameter: 0.66 Delta: 0.00
Mutation accepted.
Perturbed function parameter: 0.22 Delta: 0.00
Mutation accepted.
Perturbed function parameter: 0.86 Delta: 0.00
Mutation accepted.
Perturbed function parameter: 0.61 Delta: 0.00
Mutation accepted.
Perturbed function parameter: 0.60 Delta: 0.00
Mutation accepted.
Perturbed function parameter: 0.28 Delta: 0.00
Mutation accepted.
45.0 | 208.9 | 196.2 | 25.0 | 53.4 | 0.0 | 11.1 | 24.8
Input exhaust temperature: 202.64 C
Output exhaust temperature: 193.85 C
Scrubber fluid input temperature: 24.41 C
Scrubber fluid output temperature: 52.25 C
Fan duty cycle: 7.69 %
Pump duty cycle: 24.35 %
Function parameter: 0.86 Score: 172.58
Function parameter: 0.91 Score: 172.58
Function parameter: 0.83 Score: 172.58
Function parameter: 0.18 Score: 172.58
Function parameter: 0.95 Score: 172.58
Function parameter: 0.32 Score: 172.58
Function parameter: 0.82 Score: 172.58
Function parameter: 0.91 Score: 172.58
Function parameter: 0.46 Score: 172.58
Function parameter: 0.23 Score: 172.58
Function parameter: 0.66 Score: 172.58
Function parameter: 0.22 Score: 172.58
Function parameter: 0.86 Score: 172.58
Function parameter: 0.61 Score: 172.58
Function parameter: 0.60 Score: 172.58
Function parameter: 0.28 Score: 172.58
Perturbed function parameter: 0.86 Delta: 0.00
Mutation accepted.
Perturbed function parameter: 0.91 Delta: 0.00
Mutation accepted.
Perturbed function parameter: 0.83 Delta: 0.00
Mutation accepted.
Perturbed function parameter: 0.17 Delta: 0.00
Mutation accepted.
Perturbed function parameter: 0.95 Delta: 0.00
Mutation accepted.
Perturbed function parameter: 0.33 Delta: 0.00
Mutation accepted.
Perturbed function parameter: 0.83 Delta: 0.00
Mutation accepted.
Perturbed function parameter: 0.90 Delta: 0.00
Mutation accepted.
Perturbed function parameter: 0.46 Delta: 0.00
Mutation accepted.
Perturbed function parameter: 0.23 Delta: 0.00
Mutation accepted.
Perturbed function parameter: 0.67 Delta: 0.00
Mutation accepted.
Perturbed function parameter: 0.21 Delta: 0.00
Mutation accepted.
Perturbed function parameter: 0.86 Delta: 0.00
Mutation accepted.
Perturbed function parameter: 0.60 Delta: 0.00
Mutation accepted.
Perturbed function parameter: 0.61 Delta: 0.00
Mutation accepted.
Perturbed function parameter: 0.27 Delta: 0.00
Mutation accepted.
Input exhaust temperature: 199.22 C
Output exhaust temperature: 194.34 C
Scrubber fluid input temperature: 25.39 C
Scrubber fluid output temperature: 49.80 C
Fan duty cycle: 4.27 %
Pump duty cycle: 21.36 %
Function parameter: 0.86 Score: 95.09
Function parameter: 0.91 Score: 95.09
Function parameter: 0.83 Score: 95.09
Function parameter: 0.17 Score: 95.09
Function parameter: 0.95 Score: 95.09
Function parameter: 0.33 Score: 95.09
Function parameter: 0.83 Score: 95.09
Function parameter: 0.90 Score: 95.09
Function parameter: 0.46 Score: 95.09
Function parameter: 0.23 Score: 95.09
Function parameter: 0.67 Score: 95.09
Function parameter: 0.21 Score: 95.09
Function parameter: 0.86 Score: 95.09
Function parameter: 0.60 Score: 95.09
Function parameter: 0.61 Score: 95.09
Function parameter: 0.27 Score: 95.09
Perturbed function parameter: 0.86 Delta: 0.00
Mutation accepted.
Perturbed function parameter: 0.91 Delta: 0.00
Mutation accepted.
Perturbed function parameter: 0.83 Delta: 0.00
Mutation accepted.
Perturbed function parameter: 0.18 Delta: 0.00
Mutation accepted.
Perturbed function parameter: 0.95 Delta: 0.00
Mutation accepted.
Perturbed function parameter: 0.33 Delta: 0.00
Mutation accepted.
Perturbed function parameter: 0.84 Delta: 0.00
Mutation accepted.
Perturbed function parameter: 0.89 Delta: 0.00
Mutation accepted.
Perturbed function parameter: 0.47 Delta: 0.00
Mutation accepted.
Perturbed function parameter: 0.24 Delta: 0.00
Mutation accepted.
Perturbed function parameter: 0.67 Delta: 0.00
Mutation accepted.
Perturbed function parameter: 0.20 Delta: 0.00
Mutation accepted.
Perturbed function parameter: 0.86 Delta: 0.00
Mutation accepted.
Perturbed function parameter: 0.60 Delta: 0.00
Mutation accepted.
Perturbed function parameter: 0.60 Delta: 0.00
Mutation accepted.
Perturbed function parameter: 0.28 Delta: 0.00
Mutation accepted.
Input exhaust temperature: 201.66 C
Output exhaust temperature: 197.75 C
Scrubber fluid input temperature: 24.41 C
Scrubber fluid output temperature: 49.80 C
Fan duty cycle: 3.42 %
Pump duty cycle: 22.22 %
Function parameter: 0.86 Score: 75.56
Function parameter: 0.91 Score: 75.56
Function parameter: 0.83 Score: 75.56
Function parameter: 0.18 Score: 75.56
Function parameter: 0.95 Score: 75.56
Function parameter: 0.33 Score: 75.56
Function parameter: 0.84 Score: 75.56
Function parameter: 0.89 Score: 75.56
Function parameter: 0.47 Score: 75.56
Function parameter: 0.24 Score: 75.56
Function parameter: 0.67 Score: 75.56
Function parameter: 0.20 Score: 75.56
Function parameter: 0.86 Score: 75.56
Function parameter: 0.60 Score: 75.56
Function parameter: 0.60 Score: 75.56
Function parameter: 0.28 Score: 75.56
Perturbed function parameter: 0.86 Delta: 0.00
Mutation accepted.
Perturbed function parameter: 0.91 Delta: 0.00
Mutation accepted.
Perturbed function parameter: 0.84 Delta: 0.00
Mutation accepted.
Perturbed function parameter: 0.19 Delta: 0.00
Mutation accepted.
Perturbed function parameter: 0.95 Delta: 0.00
Mutation accepted.
Perturbed function parameter: 0.33 Delta: 0.00
Mutation accepted.
Perturbed function parameter: 0.85 Delta: 0.00
Mutation accepted.
Perturbed function parameter: 0.88 Delta: 0.00
Mutation accepted.
Perturbed function parameter: 0.46 Delta: 0.00
Mutation accepted.
Perturbed function parameter: 0.24 Delta: 0.00
Mutation accepted.
Perturbed function parameter: 0.67 Delta: 0.00
Mutation accepted.
Perturbed function parameter: 0.21 Delta: 0.00
Mutation accepted.
Perturbed function parameter: 0.86 Delta: 0.00
Mutation accepted.
Perturbed function parameter: 0.60 Delta: 0.00
Mutation accepted.
Perturbed function parameter: 0.61 Delta: 0.00
Mutation accepted.
Perturbed function parameter: 0.28 Delta: 0.00
Mutation accepted.
Input exhaust temperature: 206.54 C
Output exhaust temperature: 204.10 C
Scrubber fluid input temperature: 24.41 C
Scrubber fluid output temperature: 48.34 C
Fan duty cycle: 2.14 %
Pump duty cycle: 20.94 %
Function parameter: 0.86 Score: 46.52
Function parameter: 0.91 Score: 46.52
Function parameter: 0.84 Score: 46.52
Function parameter: 0.19 Score: 46.52
Function parameter: 0.95 Score: 46.52
Function parameter: 0.33 Score: 46.52
Function parameter: 0.85 Score: 46.52
Function parameter: 0.88 Score: 46.52
Function parameter: 0.46 Score: 46.52
Function parameter: 0.24 Score: 46.52
Function parameter: 0.67 Score: 46.52
Function parameter: 0.21 Score: 46.52
Function parameter: 0.86 Score: 46.52
Function parameter: 0.60 Score: 46.52
Function parameter: 0.61 Score: 46.52
Function parameter: 0.28 Score: 46.52
Perturbed function parameter: 0.86 Delta: 0.00
Mutation accepted.
Perturbed function parameter: 0.91 Delta: 0.00
Mutation accepted.
Perturbed function parameter: 0.84 Delta: 0.00
Mutation accepted.
Perturbed function parameter: 0.20 Delta: 0.00
Mutation accepted.
Perturbed function parameter: 0.95 Delta: 0.00
Mutation accepted.
Perturbed function parameter: 0.33 Delta: 0.00
Mutation accepted.
Perturbed function parameter: 0.85 Delta: 0.00
Mutation accepted.
Perturbed function parameter: 0.88 Delta: 0.00
Mutation accepted.
Perturbed function parameter: 0.46 Delta: 0.00
Mutation accepted.
Perturbed function parameter: 0.24 Delta: 0.00
Mutation accepted.
Perturbed function parameter: 0.67 Delta: 0.00
Mutation accepted.
Perturbed function parameter: 0.21 Delta: 0.00
Mutation accepted.
Perturbed function parameter: 0.86 Delta: 0.00
Mutation accepted.
Perturbed function parameter: 0.59 Delta: 0.00
Mutation accepted.
Perturbed function parameter: 0.61 Delta: 0.00
Mutation accepted.
Perturbed function parameter: 0.28 Delta: 0.00
Mutation accepted.
