=== SCENARIO: DYNAMIC LOAD TEST ===
Time(s) | Tin | Tout | Fin | Fout | Power | FanDuty | PumpDuty
-------------------------------------------------------------------
Power: 0.00
0.0 | 400.0 | 400.0 | 25.0 | 49.7 | 0.0 | 50.0 | 50.0
Power: 104.88
Power: 100.20
Power: 97.27
Power: 91.99
Power: 86.72
5.0 | 354.0 | 282.1 | 25.0 | 67.0 | 86.7 | 50.0 | 50.0
Power: 80.27
Power: 74.41
Power: 68.55
Power: 62.11
Power: 57.42
10.0 | 258.4 | 210.9 | 25.0 | 66.5 | 57.4 | 50.0 | 50.0
Power: 52.73
Power: 49.22
Power: 43.95
Power: 42.77
Power: 41.60
15.0 | 201.0 | 166.1 | 25.0 | 59.4 | 41.6 | 50.0 | 50.0
Power: 41.60
Power: 42.77
Power: 45.70
Power: 49.22
Power: 53.91
20.0 | 234.6 | 190.3 | 25.0 | 56.6 | 53.9 | 50.0 | 50.0
Power: 59.18
Power: 63.87
Power: 70.31
Power: 75.00
Power: 79.10
25.0 | 328.4 | 261.8 | 25.0 | 62.7 | 79.1 | 50.0 | 50.0
Power: 86.13
Power: 89.65
Power: 92.58
Power: 94.34
Power: 97.85
30.0 | 396.0 | 315.0 | 25.0 | 72.7 | 97.9 | 50.0 | 50.0
Power: 96.68
Power: 96.09
Power: 96.68
Power: 91.99
Power: 89.65
35.0 | 375.4 | 301.2 | 25.0 | 77.8 | 89.6 | 50.0 | 50.0
Power: 83.20
Power: 79.10
Power: 72.66
Power: 69.73
Power: 63.28
40.0 | 285.4 | 233.1 | 25.0 | 73.5 | 63.3 | 50.0 | 50.0
Power: 56.84
Power: 53.32
Power: 48.63
Power: 45.70
Power: 42.19
45.0 | 208.9 | 173.2 | 25.0 | 63.8 | 42.2 | 50.0 | 50.0
Power: 41.60
Power: 41.60
Power: 41.60
Power: 43.95
