=== SCENARIO: STRESS TEST WITH FAILURE ===
Time(s) | RPM | Temp(C) | OutFan | Beep | Overload
----------------------------------------------------
0.0 | 0.0 | 0 | 0 | OFF | OFF
[CLEAR]
[SET CURSOR 5,2][BOLD 1][FG 37]--- EXTERNAL SAFETY MONITOR ---[BOLD 0][SET CURSOR 5,5]CO LEVEL: [FG 31]158824[SET CURSOR 5,7][FG 37]STATUS:   [FG 31][BOLD 1]!!! SHUTDOWN !!!1.0 | 0.0 | 0 | 0 | OFF | OFF
2.0 | 0.0 | 0 | 0 | OFF | OFF
[CLEAR]
[SET CURSOR 5,2][BOLD 1][FG 37]--- EXTERNAL SAFETY MONITOR ---[BOLD 0][SET CURSOR 5,5]CO LEVEL: [FG 31]338586[SET CURSOR 5,7][FG 37]STATUS:   [FG 31][BOLD 1]!!! SHUTDOWN !!!3.0 | 0.0 | 0 | 0 | OFF | OFF
[CLEAR]
[SET CURSOR 5,2][BOLD 1][FG 37]--- EXTERNAL SAFETY MONITOR ---[BOLD 0][SET CURSOR 5,5]CO LEVEL: [FG 31]518378[SET CURSOR 5,7][FG 37]STATUS:   [FG 31][BOLD 1]!!! SHUTDOWN !!!4.0 | 0.0 | 0 | 0 | OFF | OFF
[CLEAR]
[SET CURSOR 5,2][BOLD 1][FG 37]--- EXTERNAL SAFETY MONITOR ---[BOLD 0][SET CURSOR 5,5]CO LEVEL: [FG 31]698023[SET CURSOR 5,7][FG 37]STATUS:   [FG 31][BOLD 1]!!! SHUTDOWN !!!5.0 | 0.0 | 0 | 0 | OFF | OFF
[CLEAR]
[SET CURSOR 5,2][BOLD 1][FG 37]--- EXTERNAL SAFETY MONITOR ---[BOLD 0][SET CURSOR 5,5]CO LEVEL: [FG 31]877931[SET CURSOR 5,7][FG 37]STATUS:   [FG 31][BOLD 1]!!! SHUTDOWN !!!6.0 | 0.0 | 0 | 0 | OFF | OFF
[CLEAR]
[SET CURSOR 5,2][BOLD 1][FG 37]--- EXTERNAL SAFETY MONITOR ---[BOLD 0][SET CURSOR 5,5]CO LEVEL: [FG 31]1057723[SET CURSOR 5,7][FG 37]STATUS:   [FG 31][BOLD 1]!!! SHUTDOWN !!!7.0 | 0.0 | 0 | 0 | OFF | OFF
[CLEAR]
[SET CURSOR 5,2][BOLD 1][FG 37]--- EXTERNAL SAFETY MONITOR ---[BOLD 0][SET CURSOR 5,5]CO LEVEL: [FG 31]1237338[SET CURSOR 5,7][FG 37]STATUS:   [FG 31][BOLD 1]!!! SHUTDOWN !!!8.0 | 0.0 | 0 | 0 | OFF | OFF
[CLEAR]
[SET CURSOR 5,2][BOLD 1][FG 37]--- EXTERNAL SAFETY MONITOR ---[BOLD 0][SET CURSOR 5,5]CO LEVEL: [FG 31]1417130[SET CURSOR 5,7][FG 37]STATUS:   [FG 31][BOLD 1]!!! SHUTDOWN !!!9.0 | 0.0 | 0 | 0 | OFF | OFF
[CLEAR]
[SET CURSOR 5,2][BOLD 1][FG 37]--- EXTERNAL SAFETY MONITOR ---[BOLD 0][SET CURSOR 5,5]CO LEVEL: [FG 31]1596893[SET CURSOR 5,7][FG 37]STATUS:   [FG 31][BOLD 1]!!! SHUTDOWN !!!10.0 | 0.0 | 0 | 0 | OFF | OFF
[CLEAR]
[SET CURSOR 5,2][BOLD 1][FG 37]--- EXTERNAL SAFETY MONITOR ---[BOLD 0][SET CURSOR 5,5]CO LEVEL: [FG 31]1956447[SET CURSOR 5,7][FG 37]STATUS:   [FG 31][BOLD 1]!!! SHUTDOWN !!!11.0 | 0.0 | 0 | 0 | OFF | OFF
[CLEAR]
[SET CURSOR 5,2][BOLD 1][FG 37]--- EXTERNAL SAFETY MONITOR ---[BOLD 0][SET CURSOR 5,5]CO LEVEL: [FG 31]2136239[SET CURSOR 5,7][FG 37]STATUS:   [FG 31][BOLD 1]!!! SHUTDOWN !!!12.0 | 0.0 | 0 | 0 | OFF | OFF
13.0 | 0.0 | 0 | 0 | OFF | OFF
[CLEAR]
[SET CURSOR 5,2][BOLD 1][FG 37]--- EXTERNAL SAFETY MONITOR ---[BOLD 0][SET CURSOR 5,5]CO LEVEL: [FG 31]2315855[SET CURSOR 5,7][FG 37]STATUS:   [FG 31][BOLD 1]!!! SHUTDOWN !!!14.0 | 0.0 | 0 | 0 | OFF | OFF
[CLEAR]
[SET CURSOR 5,2][BOLD 1][FG 37]--- EXTERNAL SAFETY MONITOR ---[BOLD 0][SET CURSOR 5,5]CO LEVEL: [FG 31]2495472[SET CURSOR 5,7][FG 37]STATUS:   [FG 31][BOLD 1]!!! SHUTDOWN !!![SIM] Triggering critical sensor failure on pin 1
15.0 | 0.0 | 0 | 0 | OFF | OFF
[CLEAR]
[SET CURSOR 5,2][BOLD 1][FG 37]--- EXTERNAL SAFETY MONITOR ---[BOLD 0][SET CURSOR 5,5]CO LEVEL: [FG 31]2675175[SET CURSOR 5,7][FG 37]STATUS:   [FG 31][BOLD 1]!!! SHUTDOWN !!!16.0 | 0.0 | 0 | 0 | OFF | OFF
[CLEAR]
[SET CURSOR 5,2][BOLD 1][FG 37]--- EXTERNAL SAFETY MONITOR ---[BOLD 0][SET CURSOR 5,5]CO LEVEL: [FG 31]2854968[SET CURSOR 5,7][FG 37]STATUS:   [FG 31][BOLD 1]!!! SHUTDOWN !!!17.0 | 0.0 | 0 | 0 | OFF | OFF
[CLEAR]
[SET CURSOR 5,2][BOLD 1][FG 37]--- EXTERNAL SAFETY MONITOR ---[BOLD 0][SET CURSOR 5,5]CO LEVEL: [FG 31]3034584[SET CURSOR 5,7][FG 37]STATUS:   [FG 31][BOLD 1]!!! SHUTDOWN !!!18.0 | 0.0 | 0 | 0 | OFF | OFF
[CLEAR]
[SET CURSOR 5,2][BOLD 1][FG 37]--- EXTERNAL SAFETY MONITOR ---[BOLD 0][SET CURSOR 5,5]CO LEVEL: [FG 31]3214259[SET CURSOR 5,7][FG 37]STATUS:   [FG 31][BOLD 1]!!! SHUTDOWN !!!19.0 | 0.0 | 0 | 0 | OFF | OFF
[CLEAR]
[SET CURSOR 5,2][BOLD 1][FG 37]--- EXTERNAL SAFETY MONITOR ---[BOLD 0][SET CURSOR 5,5]CO LEVEL: [FG 31]3394138[SET CURSOR 5,7][FG 37]STATUS:   [FG 31][BOLD 1]!!! SHUTDOWN !!!