temp_in: 0.00
temp_out: 0.00
temp_fluid: 0.00
power: 0.00
fan_duty: 0.00
pump_duty: 0.00
error: 0.00
integral: 0.00
derivative: 0.00
a: -7.00
b: -4.00
c: 7.00
best_a: 0.00
best_b: 0.00
best_c: 0.00
lyapunov: 0.00
best_lyapunov: 1000.00
=== SCENARIO: DYNAMIC LOAD TEST ===
Time(s) | Tin | Tout | Fin | Fout | Power | FanDuty | PumpDuty
-------------------------------------------------------------------
temp_in: 399.90
temp_out: 400.39
temp_fluid: 24.90
power: -0.00
fan_duty: 32.00
pump_duty: 0.00
error: 200.00
integral: 200.00
derivative: 200.00
a: -7.00
b: -4.00
c: 7.00
best_a: 0.00
best_b: 0.00
best_c: 0.00
lyapunov: 45639.66
best_lyapunov: 1000.00
0.0 | 400.0 | 400.0 | 25.0 | 49.7 | -0.0 | 32.0 | 0.0
temp_in: 397.46
temp_out: 342.29
temp_fluid: 25.39
power: 17.66
fan_duty: 21.17
pump_duty: 0.00
error: 182.34
integral: 382.34
derivative: -17.66
a: -7.00
b: -4.00
c: 7.00
best_a: 0.00
best_b: 0.00
best_c: 0.00
lyapunov: 38815.80
best_lyapunov: 1000.00
temp_in: 392.09
temp_out: 357.42
temp_fluid: 24.90
power: 7.34
fan_duty: 25.53
pump_duty: 0.00
error: 192.66
integral: 575.00
derivative: 10.32
a: -7.00
b: -4.00
c: 7.00
best_a: 0.00
best_b: 0.00
best_c: 0.00
lyapunov: 42757.17
best_lyapunov: 1000.00
temp_in: 382.32
temp_out: 340.82
temp_fluid: 25.39
power: 10.60
fan_duty: 26.42
pump_duty: 0.00
error: 189.40
integral: 764.41
derivative: -3.26
a: -7.00
b: -4.00
c: 7.00
best_a: 0.00
best_b: 0.00
best_c: 0.00
lyapunov: 41440.19
best_lyapunov: 1000.00
temp_in: 369.14
temp_out: 329.59
temp_fluid: 25.39
power: 10.45
fan_duty: 28.50
pump_duty: 0.00
error: 189.55
integral: 953.96
derivative: 0.15
a: -7.00
b: -4.00
c: 7.00
best_a: 0.00
best_b: 0.00
best_c: 0.00
lyapunov: 41495.78
best_lyapunov: 1000.00
temp_in: 354.00
temp_out: 312.99
temp_fluid: 25.39
power: 11.69
fan_duty: 30.19
pump_duty: 0.00
error: 188.31
integral: 1142.27
derivative: -1.24
a: -7.00
b: -4.00
c: 7.00
best_a: 0.00
best_b: 0.00
best_c: 0.00
lyapunov: 41027.13
best_lyapunov: 1000.00
5.0 | 354.0 | 313.3 | 25.0 | 69.1 | 11.7 | 30.2 | 0.0
temp_in: 335.45
temp_out: 296.88
temp_fluid: 24.41
power: 11.65
fan_duty: 32.14
pump_duty: 0.00
error: 188.35
integral: 1330.62
derivative: 0.04
a: -7.00
b: -4.00
c: 7.00
best_a: 0.00
best_b: 0.00
best_c: 0.00
lyapunov: 41190.39
best_lyapunov: 1000.00
temp_in: 316.89
temp_out: 277.83
temp_fluid: 24.41
power: 12.56
fan_duty: 33.88
pump_duty: 0.00
error: 187.44
integral: 1518.06
derivative: -0.91
a: -7.00
b: -4.00
c: 7.00
best_a: 0.00
best_b: 0.00
best_c: 0.00
lyapunov: 40848.43
best_lyapunov: 1000.00
temp_in: 297.36
temp_out: 260.25
temp_fluid: 24.90
power: 12.57
fan_duty: 35.80
pump_duty: 0.00
error: 187.43
integral: 1705.49
derivative: -0.02
a: -7.00
b: -4.00
c: 7.00
best_a: 0.00
best_b: 0.00
best_c: 0.00
lyapunov: 40768.73
best_lyapunov: 1000.00
temp_in: 277.34
temp_out: 241.21
temp_fluid: 25.39
power: 12.93
fan_duty: 37.61
pump_duty: 0.00
error: 187.07
integral: 1892.56
derivative: -0.36
a: -7.00
b: -4.00
c: 7.00
best_a: 0.00
best_b: 0.00
best_c: 0.00
lyapunov: 40560.10
best_lyapunov: 1000.00
temp_in: 258.79
temp_out: 225.59
temp_fluid: 24.41
power: 12.49
fan_duty: 39.57
pump_duty: 0.00
error: 187.51
integral: 2080.07
derivative: 0.45
a: -7.00
b: -4.00
c: 7.00
best_a: 0.00
best_b: 0.00
best_c: 0.00
lyapunov: 40873.60
best_lyapunov: 1000.00
10.0 | 258.4 | 225.5 | 25.0 | 84.7 | 12.5 | 39.6 | 0.0
temp_in: 240.72
temp_out: 210.45
temp_fluid: 24.41
power: 11.98
fan_duty: 41.51
pump_duty: 0.00
error: 188.02
integral: 2268.09
derivative: 0.51
a: -7.00
b: -4.00
c: 7.00
best_a: 0.00
best_b: 0.00
best_c: 0.00
lyapunov: 41064.59
best_lyapunov: 1000.00
temp_in: 225.59
temp_out: 197.75
temp_fluid: 25.39
power: 11.55
fan_duty: 43.43
pump_duty: 0.00
error: 188.45
integral: 2456.53
derivative: 0.43
a: -7.00
b: -4.00
c: 7.00
best_a: 0.00
best_b: 0.00
best_c: 0.00
lyapunov: 41078.98
best_lyapunov: 1000.00
temp_in: 213.87
temp_out: 187.50
temp_fluid: 24.41
power: 11.45
fan_duty: 45.31
pump_duty: 0.00
error: 188.55
integral: 2645.08
derivative: 0.10
a: -7.00
b: -4.00
c: 7.00
best_a: 0.00
best_b: 0.00
best_c: 0.00
lyapunov: 41263.71
best_lyapunov: 1000.00
temp_in: 205.08
temp_out: 180.18
temp_fluid: 24.41
power: 11.28
fan_duty: 47.22
pump_duty: 0.00
error: 188.72
integral: 2833.80
derivative: 0.17
a: -7.00
b: -4.00
c: 7.00
best_a: 0.00
best_b: 0.00
best_c: 0.00
lyapunov: 41327.18
best_lyapunov: 1000.00
temp_in: 200.20
temp_out: 175.78
temp_fluid: 24.90
power: 11.53
fan_duty: 49.06
pump_duty: 0.00
error: 188.47
integral: 3022.27
derivative: -0.24
a: -7.00
b: -4.00
c: 7.00
best_a: 0.00
best_b: 0.00
best_c: 0.00
lyapunov: 41161.41
best_lyapunov: 1000.00
15.0 | 201.0 | 175.6 | 25.0 | 95.0 | 11.5 | 49.1 | 0.0
temp_in: 200.20
temp_out: 174.80
temp_fluid: 24.41
power: 12.46
fan_duty: 50.81
pump_duty: 0.00
error: 187.54
integral: 3209.82
derivative: -0.93
a: -7.00
b: -4.00
c: 7.00
best_a: 0.00
best_b: 0.00
best_c: 0.00
lyapunov: 40885.96
best_lyapunov: 1000.00
temp_in: 203.61
temp_out: 176.27
temp_fluid: 24.41
power: 13.89
fan_duty: 52.50
pump_duty: 0.00
error: 186.11
integral: 3395.92
derivative: -1.44
a: -7.00
b: -4.00
c: 7.00
best_a: 0.00
best_b: 0.00
best_c: 0.00
lyapunov: 40349.31
best_lyapunov: 1000.00
temp_in: 209.47
temp_out: 181.15
temp_fluid: 24.90
power: 14.87
fan_duty: 54.28
pump_duty: 0.00
error: 185.13
integral: 3581.06
derivative: -0.98
a: -7.00
b: -4.00
c: 7.00
best_a: 0.00
best_b: 0.00
best_c: 0.00
lyapunov: 39913.65
best_lyapunov: 1000.00
temp_in: 220.21
temp_out: 188.48
temp_fluid: 24.41
power: 17.23
fan_duty: 55.80
pump_duty: 0.00
error: 182.77
integral: 3763.83
derivative: -2.36
a: -7.00
b: -4.00
c: 7.00
best_a: 0.00
best_b: 0.00
best_c: 0.00
lyapunov: 39119.59
best_lyapunov: 1000.00
temp_in: 234.38
temp_out: 198.24
temp_fluid: 24.41
power: 20.16
fan_duty: 57.27
pump_duty: 0.00
error: 179.84
integral: 3943.67
derivative: -2.94
a: -7.07
b: -4.10
c: 7.03
best_a: 0.00
best_b: 0.00
best_c: 0.00
lyapunov: 38055.19
best_lyapunov: 1000.00
20.0 | 234.6 | 198.1 | 25.0 | 106.1 | 20.2 | 57.3 | 0.0
temp_in: 250.98
temp_out: 209.47
temp_fluid: 25.39
power: 23.77
fan_duty: 58.64
pump_duty: 0.00
error: 176.23
integral: 4119.90
derivative: -3.61
a: -7.07
b: -4.10
c: 7.03
best_a: 0.00
best_b: 0.00
best_c: 0.00
lyapunov: 36623.27
best_lyapunov: 1000.00
temp_in: 268.55
temp_out: 222.66
temp_fluid: 24.90
power: 26.92
fan_duty: 60.08
pump_duty: 0.00
error: 173.08
integral: 4292.98
derivative: -3.14
a: -7.07
b: -4.10
c: 7.03
best_a: 0.00
best_b: 0.00
best_c: 0.00
lyapunov: 35597.90
best_lyapunov: 1000.00
temp_in: 288.09
temp_out: 235.35
temp_fluid: 24.90
power: 31.68
fan_duty: 61.21
pump_duty: 0.00
error: 168.32
integral: 4461.30
derivative: -4.77
a: -7.07
b: -4.10
c: 7.03
best_a: 0.00
best_b: 0.00
best_c: 0.00
lyapunov: 33970.15
best_lyapunov: 1000.00
temp_in: 308.11
temp_out: 250.49
temp_fluid: 24.41
power: 35.27
fan_duty: 62.55
pump_duty: 0.00
error: 164.73
integral: 4626.03
derivative: -3.58
a: -7.07
b: -4.10
c: 7.03
best_a: 0.00
best_b: 0.00
best_c: 0.00
lyapunov: 32850.75
best_lyapunov: 1000.00
temp_in: 328.12
temp_out: 264.16
temp_fluid: 24.41
power: 40.01
fan_duty: 63.62
pump_duty: 0.00
error: 159.99
integral: 4786.02
derivative: -4.75
a: -7.07
b: -4.10
c: 7.03
best_a: 0.00
best_b: 0.00
best_c: 0.00
lyapunov: 31309.07
best_lyapunov: 1000.00
25.0 | 328.4 | 264.2 | 25.0 | 127.8 | 40.0 | 63.6 | 0.0
temp_in: 346.68
temp_out: 277.34
temp_fluid: 25.39
power: 44.11
fan_duty: 64.80
pump_duty: 0.00
error: 155.89
integral: 4941.91
derivative: -4.10
a: -7.07
b: -4.10
c: 7.03
best_a: 0.00
best_b: 0.00
best_c: 0.00
lyapunov: 29867.45
best_lyapunov: 1000.00
temp_in: 362.79
temp_out: 289.55
temp_fluid: 25.39
power: 47.46
fan_duty: 66.03
pump_duty: 0.00
error: 152.54
integral: 5094.44
derivative: -3.35
a: -7.07
b: -4.10
c: 7.03
best_a: 0.00
best_b: 0.00
best_c: 0.00
lyapunov: 28834.09
best_lyapunov: 1000.00
temp_in: 376.95
temp_out: 298.34
temp_fluid: 24.90
power: 51.91
fan_duty: 67.01
pump_duty: 0.00
error: 148.09
integral: 5242.54
derivative: -4.45
a: -7.07
b: -4.10
c: 7.03
best_a: 0.00
best_b: 0.00
best_c: 0.00
lyapunov: 27570.65
best_lyapunov: 1000.00
temp_in: 387.70
temp_out: 307.13
temp_fluid: 25.39
power: 53.99
fan_duty: 68.38
pump_duty: 0.00
error: 146.01
integral: 5388.55
derivative: -2.08
a: -7.07
b: -4.10
c: 7.03
best_a: 0.00
best_b: 0.00
best_c: 0.00
lyapunov: 26885.68
best_lyapunov: 1000.00
temp_in: 396.48
temp_out: 312.50
temp_fluid: 24.90
power: 57.43
fan_duty: 69.40
pump_duty: 0.00
error: 142.57
integral: 5531.12
derivative: -3.44
a: -7.07
b: -4.10
c: 7.03
best_a: 0.00
best_b: 0.00
best_c: 0.00
lyapunov: 25965.69
best_lyapunov: 1000.00
30.0 | 396.0 | 313.2 | 25.0 | 160.4 | 57.4 | 69.4 | 0.0
temp_in: 399.41
temp_out: 317.38
temp_fluid: 25.39
power: 56.93
fan_duty: 71.07
pump_duty: 0.00
error: 143.07
integral: 5674.19
derivative: 0.50
a: -7.07
b: -4.10
c: 7.03
best_a: 0.00
best_b: 0.00
best_c: 0.00
lyapunov: 26036.61
best_lyapunov: 1000.00
temp_in: 398.93
temp_out: 316.89
temp_fluid: 25.39
power: 58.30
fan_duty: 72.26
pump_duty: 0.00
error: 141.70
integral: 5815.89
derivative: -1.38
a: -7.07
b: -4.10
c: 7.03
best_a: 0.00
best_b: 0.00
best_c: 0.00
lyapunov: 25644.52
best_lyapunov: 1000.00
temp_in: 395.02
temp_out: 315.43
temp_fluid: 25.39
power: 57.51
fan_duty: 73.87
pump_duty: 0.00
error: 142.49
integral: 5958.38
derivative: 0.79
a: -7.07
b: -4.10
c: 7.03
best_a: 0.00
best_b: 0.00
best_c: 0.00
lyapunov: 25869.57
best_lyapunov: 1000.00
temp_in: 387.21
temp_out: 310.55
temp_fluid: 24.41
power: 56.63
fan_duty: 75.40
pump_duty: 0.00
error: 143.37
integral: 6101.74
derivative: 0.88
a: -7.07
b: -4.10
c: 7.03
best_a: 0.00
best_b: 0.00
best_c: 0.00
lyapunov: 26268.03
best_lyapunov: 1000.00
temp_in: 375.49
temp_out: 304.69
temp_fluid: 24.90
power: 53.38
fan_duty: 77.31
pump_duty: 0.00
error: 146.62
integral: 6248.36
derivative: 3.25
a: -7.07
b: -4.10
c: 7.03
best_a: 0.00
best_b: 0.00
best_c: 0.00
lyapunov: 27136.30
best_lyapunov: 1000.00
35.0 | 375.4 | 304.2 | 25.0 | 191.9 | 53.4 | 77.3 | 0.0
temp_in: 359.86
temp_out: 295.41
temp_fluid: 25.39
power: 49.83
fan_duty: 79.18
pump_duty: 0.00
error: 150.17
integral: 6398.53
derivative: 3.56
a: -7.07
b: -4.10
c: 7.03
best_a: 0.00
best_b: 0.00
best_c: 0.00
lyapunov: 28118.41
best_lyapunov: 1000.00
temp_in: 343.75
temp_out: 285.16
temp_fluid: 24.90
power: 46.39
fan_duty: 81.05
pump_duty: 0.00
error: 153.61
integral: 6552.14
derivative: 3.43
a: -7.07
b: -4.10
c: 7.03
best_a: 0.00
best_b: 0.00
best_c: 0.00
lyapunov: 29234.23
best_lyapunov: 1000.00
temp_in: 324.22
temp_out: 273.93
temp_fluid: 24.41
power: 40.76
fan_duty: 83.32
pump_duty: 0.00
error: 159.24
integral: 6711.38
derivative: 5.63
a: -7.07
b: -4.10
c: 7.03
best_a: 0.00
best_b: 0.00
best_c: 0.00
lyapunov: 31069.26
best_lyapunov: 1000.00
temp_in: 305.18
temp_out: 263.18
temp_fluid: 24.90
power: 34.99
fan_duty: 85.55
pump_duty: 0.00
error: 165.01
integral: 6876.39
derivative: 5.78
a: -7.07
b: -4.10
c: 7.03
best_a: 0.00
best_b: 0.00
best_c: 0.00
lyapunov: 32868.81
best_lyapunov: 1000.00
temp_in: 285.64
temp_out: 251.46
temp_fluid: 24.90
power: 29.24
fan_duty: 87.83
pump_duty: 0.00
error: 170.76
integral: 7047.15
derivative: 5.75
a: -7.07
b: -4.10
c: 7.03
best_a: 0.00
best_b: 0.00
best_c: 0.00
lyapunov: 34797.93
best_lyapunov: 1000.00
40.0 | 285.4 | 251.6 | 25.0 | 207.8 | 29.2 | 87.8 | 0.0
temp_in: 265.14
temp_out: 239.75
temp_fluid: 24.41
power: 22.30
fan_duty: 90.37
pump_duty: 0.00
error: 177.70
integral: 7224.84
derivative: 6.94
a: -7.07
b: -4.10
c: 7.03
best_a: 0.00
best_b: 0.00
best_c: 0.00
lyapunov: 37289.91
best_lyapunov: 1000.00
temp_in: 248.54
temp_out: 229.49
temp_fluid: 24.41
power: 17.21
fan_duty: 92.61
pump_duty: 0.00
error: 182.79
integral: 7407.64
derivative: 5.09
a: -7.07
b: -4.10
c: 7.03
best_a: 0.00
best_b: 0.00
best_c: 0.00
lyapunov: 39126.06
best_lyapunov: 1000.00
temp_in: 232.42
temp_out: 220.70
temp_fluid: 25.39
power: 10.85
fan_duty: 95.20
pump_duty: 0.00
error: 189.15
integral: 7596.78
derivative: 6.36
a: -7.07
b: -4.10
c: 7.03
best_a: 0.00
best_b: 0.00
best_c: 0.00
lyapunov: 41343.24
best_lyapunov: 1000.00
temp_in: 219.24
temp_out: 213.87
temp_fluid: 25.39
power: 5.11
fan_duty: 97.69
pump_duty: 0.00
error: 194.89
integral: 7791.67
derivative: 5.74
a: -7.07
b: -4.10
c: 7.03
best_a: 0.00
best_b: 0.00
best_c: 0.00
lyapunov: 43547.39
best_lyapunov: 1000.00
temp_in: 208.98
temp_out: 207.03
temp_fluid: 25.39
power: 1.91
fan_duty: 99.87
pump_duty: 0.00
error: 198.09
integral: 7989.76
derivative: 3.21
a: -7.07
b: -4.10
c: 7.03
best_a: 0.00
best_b: 0.00
best_c: 0.00
lyapunov: 44806.98
best_lyapunov: 1000.00
45.0 | 208.9 | 207.6 | 25.0 | 204.5 | 1.9 | 99.9 | 0.0
temp_in: 201.66
temp_out: 203.12
temp_fluid: 25.39
power: -1.46
fan_duty: 100.00
pump_duty: 0.00
error: 201.46
integral: 8191.23
derivative: 3.37
a: -7.07
b: -4.10
c: 7.03
best_a: 0.00
best_b: 0.00
best_c: 0.00
lyapunov: 46153.86
best_lyapunov: 1000.00
temp_in: 199.22
temp_out: 201.66
temp_fluid: 24.41
power: -2.44
fan_duty: 100.00
pump_duty: 0.00
error: 202.44
integral: 8393.67
derivative: 0.98
a: -7.07
b: -4.10
c: 7.03
best_a: 0.00
best_b: 0.00
best_c: 0.00
lyapunov: 46695.76
best_lyapunov: 1000.00
temp_in: 201.17
temp_out: 200.68
temp_fluid: 25.39
power: 0.49
fan_duty: 100.00
pump_duty: 0.00
error: 199.51
integral: 8593.18
derivative: -2.93
a: -7.07
b: -4.10
c: 7.03
best_a: 0.00
best_b: 0.00
best_c: 0.00
lyapunov: 45371.48
best_lyapunov: 1000.00
temp_in: 206.54
temp_out: 202.64
temp_fluid: 24.41
power: 3.91
fan_duty: 100.00
pump_duty: 0.00
error: 196.09
integral: 8789.27
derivative: -3.42
a: -7.07
b: -4.10
c: 7.03
best_a: 0.00
best_b: 0.00
best_c: 0.00
lyapunov: 44165.99
best_lyapunov: 1000.00
