=== SCENARIO: EXTENDED EFFICIENCY AND AGING TEST ===
Time(s) | Tin | Tout | Fin | Fout | Power | FanDuty | PumpDuty
-------------------------------------------------------------------
Exhaust in: 449.22 C, Exhaust out: 449.22 C, Fluid in: 24.90 C, Fluid out: 49.32 C
Fan duty: 83 %, Pump duty: 17 %
Objective: 0.00
0.0 | 450.0 | 450.0 | 25.0 | 49.7 | 0.0 | 0.0 | 0.0
Exhaust in: 449.71 C, Exhaust out: 284.18 C, Fluid in: 24.41 C, Fluid out: 63.96 C
Fan duty: 83 %, Pump duty: 17 %
Objective: 165.53
Exhaust in: 447.27 C, Exhaust out: 289.06 C, Fluid in: 25.39 C, Fluid out: 78.12 C
Fan duty: 83 %, Pump duty: 17 %
Objective: 158.20
Exhaust in: 442.87 C, Exhaust out: 291.99 C, Fluid in: 25.39 C, Fluid out: 89.84 C
Fan duty: 83 %, Pump duty: 17 %
Objective: 52.44
Exhaust in: 437.01 C, Exhaust out: 293.46 C, Fluid in: 25.39 C, Fluid out: 101.07 C
Fan duty: 83 %, Pump duty: 17 %
Objective: -67.19
Exhaust in: 430.66 C, Exhaust out: 294.43 C, Fluid in: 24.90 C, Fluid out: 110.84 C
Fan duty: 83 %, Pump duty: 17 %
Objective: -172.17
5.0 | 431.1 | 294.8 | 25.0 | 111.3 | 0.0 | 0.0 | 0.0
Exhaust in: 422.36 C, Exhaust out: 293.46 C, Fluid in: 24.41 C, Fluid out: 119.63 C
Fan duty: 83 %, Pump duty: 17 %
Objective: -267.38
Exhaust in: 414.55 C, Exhaust out: 291.99 C, Fluid in: 25.39 C, Fluid out: 126.95 C
Fan duty: 83 %, Pump duty: 17 %
Objective: -346.97
Exhaust in: 404.30 C, Exhaust out: 288.57 C, Fluid in: 25.39 C, Fluid out: 132.81 C
Fan duty: 83 %, Pump duty: 17 %
Objective: -412.40
Exhaust in: 393.07 C, Exhaust out: 285.64 C, Fluid in: 25.39 C, Fluid out: 137.21 C
Fan duty: 83 %, Pump duty: 17 %
Objective: -464.65
Average for current parameter: -135.46
Best parameter: 1, Best average: 0.00
Current parameter: 0.86
Exhaust in: 381.84 C, Exhaust out: 281.25 C, Fluid in: 24.90 C, Fluid out: 142.09 C
Fan duty: 86 %, Pump duty: 13 %
Objective: -520.31
10.0 | 381.5 | 280.8 | 25.0 | 142.1 | 0.0 | 0.0 | 0.0
Exhaust in: 368.65 C, Exhaust out: 271.00 C, Fluid in: 25.39 C, Fluid out: 146.00 C
Fan duty: 86 %, Pump duty: 13 %
Objective: -562.30
Exhaust in: 357.42 C, Exhaust out: 267.09 C, Fluid in: 24.90 C, Fluid out: 149.90 C
Fan duty: 86 %, Pump duty: 13 %
Objective: -608.69
Exhaust in: 344.24 C, Exhaust out: 261.72 C, Fluid in: 24.41 C, Fluid out: 152.83 C
Fan duty: 86 %, Pump duty: 13 %
Objective: -645.80
Exhaust in: 331.54 C, Exhaust out: 254.88 C, Fluid in: 25.39 C, Fluid out: 155.27 C
Fan duty: 86 %, Pump duty: 13 %
Objective: -676.07
Exhaust in: 320.31 C, Exhaust out: 250.00 C, Fluid in: 24.41 C, Fluid out: 157.71 C
Fan duty: 86 %, Pump duty: 13 %
Objective: -706.84
15.0 | 320.0 | 249.5 | 25.0 | 157.3 | 0.0 | 0.0 | 0.0
Exhaust in: 308.11 C, Exhaust out: 242.68 C, Fluid in: 24.41 C, Fluid out: 158.20 C
Fan duty: 86 %, Pump duty: 13 %
Objective: -716.60
Exhaust in: 297.85 C, Exhaust out: 236.82 C, Fluid in: 24.41 C, Fluid out: 158.69 C
Fan duty: 86 %, Pump duty: 13 %
Objective: -725.88
Exhaust in: 287.60 C, Exhaust out: 231.45 C, Fluid in: 24.41 C, Fluid out: 157.71 C
Fan duty: 86 %, Pump duty: 13 %
Objective: -721.00
Exhaust in: 278.32 C, Exhaust out: 225.59 C, Fluid in: 24.90 C, Fluid out: 157.23 C
Fan duty: 86 %, Pump duty: 13 %
Objective: -719.53
Average for current parameter: -660.30
Best parameter: 2, Best average: 0.00
Current parameter: 0.77
Exhaust in: 269.53 C, Exhaust out: 221.19 C, Fluid in: 24.41 C, Fluid out: 157.23 C
Fan duty: 77 %, Pump duty: 23 %
Objective: -723.93
20.0 | 269.9 | 221.7 | 25.0 | 156.8 | 0.0 | 0.0 | 0.0
Exhaust in: 262.21 C, Exhaust out: 222.17 C, Fluid in: 25.39 C, Fluid out: 151.86 C
Fan duty: 77 %, Pump duty: 23 %
Objective: -678.52
Exhaust in: 257.81 C, Exhaust out: 216.31 C, Fluid in: 25.39 C, Fluid out: 147.95 C
Fan duty: 77 %, Pump duty: 23 %
Objective: -637.99
Exhaust in: 252.93 C, Exhaust out: 211.91 C, Fluid in: 24.90 C, Fluid out: 143.55 C
Fan duty: 77 %, Pump duty: 23 %
Objective: -594.53
Exhaust in: 250.98 C, Exhaust out: 209.96 C, Fluid in: 25.39 C, Fluid out: 139.16 C
Fan duty: 77 %, Pump duty: 23 %
Objective: -550.59
Exhaust in: 249.51 C, Exhaust out: 208.01 C, Fluid in: 24.90 C, Fluid out: 136.23 C
Fan duty: 77 %, Pump duty: 23 %
Objective: -520.80
25.0 | 250.0 | 207.6 | 25.0 | 136.1 | 0.0 | 0.0 | 0.0
Exhaust in: 250.49 C, Exhaust out: 206.05 C, Fluid in: 24.41 C, Fluid out: 132.81 C
Fan duty: 77 %, Pump duty: 23 %
Objective: -483.69
Exhaust in: 251.95 C, Exhaust out: 207.03 C, Fluid in: 24.41 C, Fluid out: 130.37 C
Fan duty: 77 %, Pump duty: 23 %
Objective: -458.79
Exhaust in: 255.86 C, Exhaust out: 207.52 C, Fluid in: 24.41 C, Fluid out: 127.93 C
Fan duty: 77 %, Pump duty: 23 %
Objective: -430.96
Exhaust in: 261.72 C, Exhaust out: 209.47 C, Fluid in: 24.41 C, Fluid out: 126.46 C
Fan duty: 77 %, Pump duty: 23 %
Objective: -412.40
Average for current parameter: -549.22
Best parameter: 3, Best average: 0.00
Current parameter: 0.15
Exhaust in: 267.58 C, Exhaust out: 213.87 C, Fluid in: 25.39 C, Fluid out: 125.00 C
Fan duty: 15 %, Pump duty: 85 %
Objective: -396.29
30.0 | 267.9 | 213.5 | 25.0 | 124.9 | 0.0 | 0.0 | 0.0
Exhaust in: 275.39 C, Exhaust out: 263.67 C, Fluid in: 25.39 C, Fluid out: 104.00 C
Fan duty: 15 %, Pump duty: 85 %
Objective: -228.32
Exhaust in: 283.69 C, Exhaust out: 271.48 C, Fluid in: 24.41 C, Fluid out: 86.91 C
Fan duty: 15 %, Pump duty: 85 %
Objective: -56.93
Exhaust in: 294.43 C, Exhaust out: 279.30 C, Fluid in: 24.90 C, Fluid out: 74.71 C
Fan duty: 15 %, Pump duty: 85 %
Objective: 15.14
Exhaust in: 304.69 C, Exhaust out: 288.57 C, Fluid in: 25.39 C, Fluid out: 65.43 C
Fan duty: 15 %, Pump duty: 85 %
Objective: 16.11
Exhaust in: 317.38 C, Exhaust out: 297.36 C, Fluid in: 24.90 C, Fluid out: 58.59 C
Fan duty: 15 %, Pump duty: 85 %
Objective: 20.02
35.0 | 316.9 | 298.2 | 25.0 | 58.5 | 0.0 | 0.0 | 0.0
Exhaust in: 329.10 C, Exhaust out: 308.59 C, Fluid in: 25.39 C, Fluid out: 53.22 C
Fan duty: 15 %, Pump duty: 85 %
Objective: 20.51
Exhaust in: 340.82 C, Exhaust out: 319.82 C, Fluid in: 24.90 C, Fluid out: 48.83 C
Fan duty: 15 %, Pump duty: 85 %
Objective: 21.00
Exhaust in: 354.00 C, Exhaust out: 330.57 C, Fluid in: 24.41 C, Fluid out: 45.41 C
Fan duty: 15 %, Pump duty: 85 %
Objective: 23.44
Exhaust in: 366.21 C, Exhaust out: 342.77 C, Fluid in: 24.41 C, Fluid out: 42.97 C
Fan duty: 15 %, Pump duty: 85 %
Objective: 23.44
Average for current parameter: -54.19
Best parameter: 4, Best average: 0.00
Current parameter: 0.93
Exhaust in: 378.42 C, Exhaust out: 353.03 C, Fluid in: 24.41 C, Fluid out: 41.50 C
Fan duty: 93 %, Pump duty: 6 %
Objective: 25.39
40.0 | 378.4 | 353.4 | 25.0 | 41.9 | 0.0 | 0.0 | 0.0
Exhaust in: 389.65 C, Exhaust out: 228.52 C, Fluid in: 25.39 C, Fluid out: 57.13 C
Fan duty: 93 %, Pump duty: 6 %
Objective: 161.13
Exhaust in: 401.37 C, Exhaust out: 241.70 C, Fluid in: 24.41 C, Fluid out: 72.27 C
Fan duty: 93 %, Pump duty: 6 %
Objective: 159.67
Exhaust in: 411.62 C, Exhaust out: 253.91 C, Fluid in: 25.39 C, Fluid out: 86.91 C
Fan duty: 93 %, Pump duty: 6 %
Objective: 88.57
Exhaust in: 419.92 C, Exhaust out: 265.62 C, Fluid in: 25.39 C, Fluid out: 101.56 C
Fan duty: 93 %, Pump duty: 6 %
Objective: -61.33
Exhaust in: 428.22 C, Exhaust out: 275.88 C, Fluid in: 24.41 C, Fluid out: 113.77 C
Fan duty: 93 %, Pump duty: 6 %
Objective: -185.35
45.0 | 429.1 | 276.7 | 25.0 | 114.5 | 0.0 | 0.0 | 0.0
Exhaust in: 436.52 C, Exhaust out: 286.62 C, Fluid in: 24.90 C, Fluid out: 126.95 C
Fan duty: 93 %, Pump duty: 6 %
Objective: -319.63
Exhaust in: 441.89 C, Exhaust out: 295.90 C, Fluid in: 25.39 C, Fluid out: 139.16 C
Fan duty: 93 %, Pump duty: 6 %
Objective: -445.61
Exhaust in: 445.80 C, Exhaust out: 303.22 C, Fluid in: 24.41 C, Fluid out: 149.90 C
Fan duty: 93 %, Pump duty: 6 %
Objective: -556.45
Exhaust in: 448.24 C, Exhaust out: 309.57 C, Fluid in: 25.39 C, Fluid out: 160.64 C
Fan duty: 93 %, Pump duty: 6 %
Objective: -667.77
Average for current parameter: -180.14
Best parameter: 5, Best average: 0.00
Current parameter: 0.35
Exhaust in: 450.20 C, Exhaust out: 314.94 C, Fluid in: 24.41 C, Fluid out: 171.39 C
Fan duty: 35 %, Pump duty: 65 %
Objective: -778.61
50.0 | 449.9 | 315.8 | 25.0 | 171.3 | 0.0 | 0.0 | 0.0
Exhaust in: 449.71 C, Exhaust out: 401.37 C, Fluid in: 24.90 C, Fluid out: 151.37 C
Fan duty: 35 %, Pump duty: 65 %
Objective: -665.33
Exhaust in: 447.27 C, Exhaust out: 395.02 C, Fluid in: 25.39 C, Fluid out: 134.77 C
Fan duty: 35 %, Pump duty: 65 %
Objective: -495.41
Exhaust in: 444.34 C, Exhaust out: 390.14 C, Fluid in: 24.41 C, Fluid out: 121.09 C
Fan duty: 35 %, Pump duty: 65 %
Objective: -356.74
Exhaust in: 438.48 C, Exhaust out: 383.79 C, Fluid in: 24.90 C, Fluid out: 109.38 C
Fan duty: 35 %, Pump duty: 65 %
Objective: -239.06
Exhaust in: 432.13 C, Exhaust out: 376.46 C, Fluid in: 25.39 C, Fluid out: 101.07 C
Fan duty: 35 %, Pump duty: 65 %
Objective: -155.08
55.0 | 433.0 | 376.6 | 25.0 | 101.0 | 0.0 | 0.0 | 0.0
Exhaust in: 425.78 C, Exhaust out: 368.16 C, Fluid in: 25.39 C, Fluid out: 92.77 C
Fan duty: 35 %, Pump duty: 65 %
Objective: -70.12
Exhaust in: 416.50 C, Exhaust out: 360.35 C, Fluid in: 24.90 C, Fluid out: 86.91 C
Fan duty: 35 %, Pump duty: 65 %
Objective: -12.99
Exhaust in: 407.23 C, Exhaust out: 350.59 C, Fluid in: 24.41 C, Fluid out: 82.03 C
Fan duty: 35 %, Pump duty: 65 %
Objective: 36.33
Exhaust in: 396.00 C, Exhaust out: 340.33 C, Fluid in: 24.90 C, Fluid out: 78.12 C
Fan duty: 35 %, Pump duty: 65 %
Objective: 55.66
Average for current parameter: -268.13
Best parameter: 6, Best average: 0.00
Current parameter: 0.86
Exhaust in: 383.79 C, Exhaust out: 331.54 C, Fluid in: 24.90 C, Fluid out: 73.24 C
Fan duty: 86 %, Pump duty: 13 %
Objective: 52.25
60.0 | 384.7 | 331.1 | 25.0 | 74.0 | 0.0 | 0.0 | 0.0
Exhaust in: 372.07 C, Exhaust out: 244.63 C, Fluid in: 25.39 C, Fluid out: 84.47 C
Fan duty: 86 %, Pump duty: 13 %
Objective: 82.71
Exhaust in: 359.86 C, Exhaust out: 242.19 C, Fluid in: 25.39 C, Fluid out: 93.26 C
Fan duty: 86 %, Pump duty: 13 %
Objective: -14.94
Exhaust in: 347.17 C, Exhaust out: 239.26 C, Fluid in: 24.41 C, Fluid out: 101.07 C
Fan duty: 86 %, Pump duty: 13 %
Objective: -102.83
Exhaust in: 335.94 C, Exhaust out: 235.35 C, Fluid in: 24.41 C, Fluid out: 108.40 C
Fan duty: 86 %, Pump duty: 13 %
Objective: -183.40
Exhaust in: 323.24 C, Exhaust out: 231.45 C, Fluid in: 24.41 C, Fluid out: 114.75 C
Fan duty: 86 %, Pump duty: 13 %
Objective: -255.66
65.0 | 323.2 | 231.1 | 25.0 | 114.3 | 0.0 | 0.0 | 0.0
Exhaust in: 310.55 C, Exhaust out: 226.56 C, Fluid in: 24.90 C, Fluid out: 119.14 C
Fan duty: 86 %, Pump duty: 13 %
Objective: -307.42
Exhaust in: 299.80 C, Exhaust out: 221.68 C, Fluid in: 24.90 C, Fluid out: 123.05 C
Fan duty: 86 %, Pump duty: 13 %
Objective: -352.34
Exhaust in: 290.04 C, Exhaust out: 217.77 C, Fluid in: 24.41 C, Fluid out: 125.00 C
Fan duty: 86 %, Pump duty: 13 %
Objective: -377.73
Exhaust in: 280.27 C, Exhaust out: 213.38 C, Fluid in: 25.39 C, Fluid out: 127.93 C
Fan duty: 86 %, Pump duty: 13 %
Objective: -412.40
Average for current parameter: -187.18
Best parameter: 7, Best average: 0.00
Current parameter: 0.92
Exhaust in: 271.97 C, Exhaust out: 210.45 C, Fluid in: 25.39 C, Fluid out: 128.91 C
Fan duty: 92 %, Pump duty: 7 %
Objective: -427.54
70.0 | 271.9 | 210.1 | 25.0 | 129.7 | 0.0 | 0.0 | 0.0
Exhaust in: 264.65 C, Exhaust out: 203.12 C, Fluid in: 24.41 C, Fluid out: 132.32 C
Fan duty: 92 %, Pump duty: 7 %
Objective: -461.72
Exhaust in: 258.30 C, Exhaust out: 200.68 C, Fluid in: 24.41 C, Fluid out: 135.25 C
Fan duty: 92 %, Pump duty: 7 %
Objective: -494.92
Exhaust in: 254.39 C, Exhaust out: 199.22 C, Fluid in: 25.39 C, Fluid out: 138.67 C
Fan duty: 92 %, Pump duty: 7 %
Objective: -531.54
Exhaust in: 251.46 C, Exhaust out: 199.22 C, Fluid in: 24.41 C, Fluid out: 139.65 C
Fan duty: 92 %, Pump duty: 7 %
Objective: -544.24
Exhaust in: 250.49 C, Exhaust out: 200.20 C, Fluid in: 24.41 C, Fluid out: 142.58 C
Fan duty: 92 %, Pump duty: 7 %
Objective: -575.49
75.0 | 250.1 | 199.8 | 25.0 | 142.4 | 0.0 | 0.0 | 0.0
Exhaust in: 249.51 C, Exhaust out: 200.20 C, Fluid in: 24.90 C, Fluid out: 143.55 C
Fan duty: 92 %, Pump duty: 7 %
Objective: -586.23
Exhaust in: 251.95 C, Exhaust out: 202.15 C, Fluid in: 25.39 C, Fluid out: 145.51 C
Fan duty: 92 %, Pump duty: 7 %
Objective: -605.27
Exhaust in: 254.39 C, Exhaust out: 205.08 C, Fluid in: 24.90 C, Fluid out: 147.46 C
Fan duty: 92 %, Pump duty: 7 %
Objective: -625.29
Exhaust in: 260.25 C, Exhaust out: 208.50 C, Fluid in: 25.39 C, Fluid out: 148.93 C
Fan duty: 92 %, Pump duty: 7 %
Objective: -637.50
Average for current parameter: -548.97
Best parameter: 8, Best average: 0.00
Current parameter: 0.49
Exhaust in: 266.11 C, Exhaust out: 212.89 C, Fluid in: 24.41 C, Fluid out: 151.37 C
Fan duty: 49 %, Pump duty: 51 %
Objective: -660.45
80.0 | 266.1 | 212.6 | 25.0 | 151.4 | 0.0 | 0.0 | 0.0
Exhaust in: 272.95 C, Exhaust out: 243.65 C, Fluid in: 24.90 C, Fluid out: 137.21 C
Fan duty: 49 %, Pump duty: 51 %
Objective: -542.77
Exhaust in: 282.23 C, Exhaust out: 246.58 C, Fluid in: 24.41 C, Fluid out: 125.49 C
Fan duty: 49 %, Pump duty: 51 %
Objective: -419.24
Exhaust in: 291.50 C, Exhaust out: 250.49 C, Fluid in: 25.39 C, Fluid out: 115.72 C
Fan duty: 49 %, Pump duty: 51 %
Objective: -316.21
Exhaust in: 302.25 C, Exhaust out: 256.35 C, Fluid in: 25.39 C, Fluid out: 106.93 C
Fan duty: 49 %, Pump duty: 51 %
Objective: -223.44
Exhaust in: 313.48 C, Exhaust out: 263.67 C, Fluid in: 25.39 C, Fluid out: 101.07 C
Fan duty: 49 %, Pump duty: 51 %
Objective: -160.94
85.0 | 313.8 | 263.6 | 25.0 | 101.0 | 0.0 | 0.0 | 0.0
Exhaust in: 326.17 C, Exhaust out: 271.48 C, Fluid in: 24.41 C, Fluid out: 96.19 C
Fan duty: 49 %, Pump duty: 51 %
Objective: -107.23
Exhaust in: 338.38 C, Exhaust out: 278.32 C, Fluid in: 24.41 C, Fluid out: 91.80 C
Fan duty: 49 %, Pump duty: 51 %
Objective: -57.91
Exhaust in: 349.61 C, Exhaust out: 287.60 C, Fluid in: 25.39 C, Fluid out: 88.87 C
Fan duty: 49 %, Pump duty: 51 %
Objective: -26.66
Exhaust in: 363.28 C, Exhaust out: 296.39 C, Fluid in: 24.41 C, Fluid out: 86.91 C
Fan duty: 49 %, Pump duty: 51 %
Objective: -2.25
Average for current parameter: -251.71
Best parameter: 9, Best average: 0.00
Current parameter: 0.21
Exhaust in: 374.51 C, Exhaust out: 304.69 C, Fluid in: 24.90 C, Fluid out: 84.96 C
Fan duty: 21 %, Pump duty: 79 %
Objective: 20.21
90.0 | 375.2 | 305.1 | 25.0 | 85.3 | 0.0 | 0.0 | 0.0
Exhaust in: 387.21 C, Exhaust out: 355.47 C, Fluid in: 24.90 C, Fluid out: 75.68 C
Fan duty: 21 %, Pump duty: 79 %
Objective: 31.74
Exhaust in: 398.44 C, Exhaust out: 364.75 C, Fluid in: 25.39 C, Fluid out: 68.36 C
Fan duty: 21 %, Pump duty: 79 %
Objective: 33.69
Exhaust in: 408.69 C, Exhaust out: 373.54 C, Fluid in: 24.41 C, Fluid out: 62.50 C
Fan duty: 21 %, Pump duty: 79 %
Objective: 35.16
Exhaust in: 418.46 C, Exhaust out: 381.35 C, Fluid in: 24.90 C, Fluid out: 59.08 C
Fan duty: 21 %, Pump duty: 79 %
Objective: 37.11
Exhaust in: 427.25 C, Exhaust out: 388.67 C, Fluid in: 24.41 C, Fluid out: 54.69 C
Fan duty: 21 %, Pump duty: 79 %
Objective: 38.57
95.0 | 427.0 | 388.8 | 25.0 | 55.6 | 0.0 | 0.0 | 0.0
Exhaust in: 433.59 C, Exhaust out: 395.02 C, Fluid in: 24.90 C, Fluid out: 52.25 C
Fan duty: 21 %, Pump duty: 79 %
Objective: 38.57
Exhaust in: 439.45 C, Exhaust out: 399.41 C, Fluid in: 24.41 C, Fluid out: 50.78 C
Fan duty: 21 %, Pump duty: 79 %
Objective: 40.04
Exhaust in: 444.82 C, Exhaust out: 404.30 C, Fluid in: 24.41 C, Fluid out: 49.80 C
Fan duty: 21 %, Pump duty: 79 %
Objective: 40.53
Exhaust in: 447.75 C, Exhaust out: 407.23 C, Fluid in: 24.41 C, Fluid out: 48.34 C
Fan duty: 21 %, Pump duty: 79 %
Objective: 40.53
Average for current parameter: 35.62
Best parameter: 9, Best average: 35.62
Current parameter: 0.62
Exhaust in: 449.71 C, Exhaust out: 407.71 C, Fluid in: 25.39 C, Fluid out: 47.36 C
Fan duty: 62 %, Pump duty: 38 %
Objective: 41.99
100.0 | 450.0 | 408.3 | 25.0 | 48.0 | 0.0 | 0.0 | 0.0
Exhaust in: 450.20 C, Exhaust out: 326.66 C, Fluid in: 24.41 C, Fluid out: 58.11 C
Fan duty: 62 %, Pump duty: 38 %
Objective: 123.54
Exhaust in: 450.20 C, Exhaust out: 332.03 C, Fluid in: 24.90 C, Fluid out: 65.92 C
Fan duty: 62 %, Pump duty: 38 %
Objective: 118.16
Exhaust in: 449.22 C, Exhaust out: 336.91 C, Fluid in: 25.39 C, Fluid out: 72.75 C
Fan duty: 62 %, Pump duty: 38 %
Objective: 112.30
Exhaust in: 449.22 C, Exhaust out: 339.36 C, Fluid in: 25.39 C, Fluid out: 78.61 C
Fan duty: 62 %, Pump duty: 38 %
Objective: 109.86
Exhaust in: 449.71 C, Exhaust out: 343.75 C, Fluid in: 24.41 C, Fluid out: 83.50 C
Fan duty: 62 %, Pump duty: 38 %
Objective: 71.00
105.0 | 450.0 | 343.7 | 25.0 | 84.0 | 0.0 | 0.0 | 0.0
Exhaust in: 449.71 C, Exhaust out: 346.19 C, Fluid in: 25.39 C, Fluid out: 87.40 C
Fan duty: 62 %, Pump duty: 38 %
Objective: 29.49
Exhaust in: 449.22 C, Exhaust out: 350.10 C, Fluid in: 25.39 C, Fluid out: 91.31 C
Fan duty: 62 %, Pump duty: 38 %
Objective: -13.96
Exhaust in: 450.20 C, Exhaust out: 352.54 C, Fluid in: 24.90 C, Fluid out: 94.73 C
Fan duty: 62 %, Pump duty: 38 %
Objective: -49.61
Exhaust in: 450.20 C, Exhaust out: 354.00 C, Fluid in: 24.90 C, Fluid out: 96.19 C
Fan duty: 62 %, Pump duty: 38 %
Objective: -65.72
Average for current parameter: 47.71
Best parameter: 10, Best average: 47.71
Current parameter: 0.27
Exhaust in: 450.20 C, Exhaust out: 357.42 C, Fluid in: 24.41 C, Fluid out: 97.66 C
Fan duty: 27 %, Pump duty: 73 %
Objective: -83.79
110.0 | 450.0 | 356.9 | 25.0 | 98.4 | 0.0 | 0.0 | 0.0
Exhaust in: 450.20 C, Exhaust out: 411.13 C, Fluid in: 25.39 C, Fluid out: 87.40 C
Fan duty: 27 %, Pump duty: 73 %
Objective: -34.96
Exhaust in: 449.71 C, Exhaust out: 410.64 C, Fluid in: 25.39 C, Fluid out: 80.08 C
Fan duty: 27 %, Pump duty: 73 %
Objective: 38.28
Exhaust in: 449.71 C, Exhaust out: 410.64 C, Fluid in: 24.41 C, Fluid out: 72.75 C
Fan duty: 27 %, Pump duty: 73 %
Objective: 39.06
Exhaust in: 449.22 C, Exhaust out: 410.64 C, Fluid in: 24.90 C, Fluid out: 67.38 C
Fan duty: 27 %, Pump duty: 73 %
Objective: 38.57
Exhaust in: 450.20 C, Exhaust out: 410.16 C, Fluid in: 25.39 C, Fluid out: 63.48 C
Fan duty: 27 %, Pump duty: 73 %
Objective: 40.04
115.0 | 450.0 | 410.5 | 25.0 | 63.6 | 0.0 | 0.0 | 0.0
Exhaust in: 449.22 C, Exhaust out: 410.64 C, Fluid in: 24.90 C, Fluid out: 60.06 C
Fan duty: 27 %, Pump duty: 73 %
Objective: 38.57
Exhaust in: 450.20 C, Exhaust out: 410.64 C, Fluid in: 25.39 C, Fluid out: 56.64 C
Fan duty: 27 %, Pump duty: 73 %
Objective: 39.55
Exhaust in: 449.22 C, Exhaust out: 412.11 C, Fluid in: 25.39 C, Fluid out: 54.20 C
Fan duty: 27 %, Pump duty: 73 %
Objective: 37.11
Exhaust in: 449.22 C, Exhaust out: 412.11 C, Fluid in: 24.41 C, Fluid out: 52.73 C
Fan duty: 27 %, Pump duty: 73 %
Objective: 37.11
Average for current parameter: 18.96
Best parameter: 10, Best average: 47.71
Current parameter: 0.90
Exhaust in: 449.22 C, Exhaust out: 412.11 C, Fluid in: 25.39 C, Fluid out: 51.27 C
Fan duty: 90 %, Pump duty: 10 %
Objective: 37.11
120.0 | 450.0 | 412.9 | 25.0 | 51.0 | 0.0 | 0.0 | 0.0
Exhaust in: 450.20 C, Exhaust out: 326.66 C, Fluid in: 24.41 C, Fluid out: 61.52 C
Fan duty: 90 %, Pump duty: 10 %
Objective: 123.54
Exhaust in: 449.22 C, Exhaust out: 333.50 C, Fluid in: 24.41 C, Fluid out: 71.78 C
Fan duty: 90 %, Pump duty: 10 %
Objective: 115.72
Exhaust in: 449.22 C, Exhaust out: 338.38 C, Fluid in: 25.39 C, Fluid out: 81.54 C
Fan duty: 90 %, Pump duty: 10 %
Objective: 95.41
Exhaust in: 450.20 C, Exhaust out: 343.75 C, Fluid in: 24.41 C, Fluid out: 90.33 C
Fan duty: 90 %, Pump duty: 10 %
Objective: 3.12
Exhaust in: 449.71 C, Exhaust out: 349.61 C, Fluid in: 25.39 C, Fluid out: 98.63 C
Fan duty: 90 %, Pump duty: 10 %
Objective: -86.23
125.0 | 450.0 | 349.1 | 25.0 | 98.4 | 0.0 | 0.0 | 0.0
Exhaust in: 449.22 C, Exhaust out: 354.00 C, Fluid in: 25.39 C, Fluid out: 104.98 C
Fan duty: 90 %, Pump duty: 10 %
Objective: -154.59
Exhaust in: 449.71 C, Exhaust out: 357.42 C, Fluid in: 24.41 C, Fluid out: 111.33 C
Fan duty: 90 %, Pump duty: 10 %
Objective: -221.00
Exhaust in: 449.71 C, Exhaust out: 362.30 C, Fluid in: 24.41 C, Fluid out: 117.19 C
Fan duty: 90 %, Pump duty: 10 %
Objective: -284.47
Exhaust in: 449.22 C, Exhaust out: 365.23 C, Fluid in: 25.39 C, Fluid out: 122.56 C
Fan duty: 90 %, Pump duty: 10 %
Objective: -341.60
Average for current parameter: -71.30
Best parameter: 10, Best average: 47.71
Current parameter: 0.59
Exhaust in: 449.22 C, Exhaust out: 368.65 C, Fluid in: 25.39 C, Fluid out: 126.95 C
Fan duty: 58 %, Pump duty: 41 %
Objective: -388.96
130.0 | 450.0 | 369.2 | 25.0 | 127.4 | 0.0 | 0.0 | 0.0
Exhaust in: 449.71 C, Exhaust out: 399.90 C, Fluid in: 25.39 C, Fluid out: 120.61 C
Fan duty: 58 %, Pump duty: 41 %
Objective: -356.25
Exhaust in: 449.22 C, Exhaust out: 400.39 C, Fluid in: 25.39 C, Fluid out: 115.23 C
Fan duty: 58 %, Pump duty: 41 %
Objective: -303.52
Exhaust in: 449.22 C, Exhaust out: 400.39 C, Fluid in: 25.39 C, Fluid out: 109.38 C
Fan duty: 58 %, Pump duty: 41 %
Objective: -244.92
Exhaust in: 449.22 C, Exhaust out: 402.34 C, Fluid in: 25.39 C, Fluid out: 105.47 C
Fan duty: 58 %, Pump duty: 41 %
Objective: -207.81
Exhaust in: 450.20 C, Exhaust out: 401.86 C, Fluid in: 24.41 C, Fluid out: 100.59 C
Fan duty: 58 %, Pump duty: 41 %
Objective: -157.52
135.0 | 450.0 | 402.8 | 25.0 | 100.8 | 0.0 | 0.0 | 0.0
Exhaust in: 449.71 C, Exhaust out: 403.32 C, Fluid in: 24.90 C, Fluid out: 96.68 C
Fan duty: 58 %, Pump duty: 41 %
Objective: -120.41
Exhaust in: 450.20 C, Exhaust out: 403.81 C, Fluid in: 24.41 C, Fluid out: 93.26 C
Fan duty: 58 %, Pump duty: 41 %
Objective: -86.23
Exhaust in: 449.71 C, Exhaust out: 406.25 C, Fluid in: 24.41 C, Fluid out: 89.84 C
Fan duty: 58 %, Pump duty: 41 %
Objective: -54.98
Exhaust in: 450.20 C, Exhaust out: 406.25 C, Fluid in: 25.39 C, Fluid out: 86.43 C
Fan duty: 58 %, Pump duty: 41 %
Objective: -20.31
Average for current parameter: -194.09
Best parameter: 10, Best average: 47.71
Current parameter: 0.63
Exhaust in: 449.71 C, Exhaust out: 408.20 C, Fluid in: 25.39 C, Fluid out: 84.47 C
Fan duty: 63 %, Pump duty: 37 %
Objective: -3.22
140.0 | 450.0 | 408.1 | 25.0 | 84.2 | 0.0 | 0.0 | 0.0
Exhaust in: 449.22 C, Exhaust out: 405.76 C, Fluid in: 24.90 C, Fluid out: 81.54 C
Fan duty: 63 %, Pump duty: 37 %
Objective: 28.03
Exhaust in: 449.22 C, Exhaust out: 407.23 C, Fluid in: 24.41 C, Fluid out: 80.08 C
Fan duty: 63 %, Pump duty: 37 %
Objective: 41.21
Exhaust in: 449.22 C, Exhaust out: 408.69 C, Fluid in: 25.39 C, Fluid out: 79.10 C
Fan duty: 63 %, Pump duty: 37 %
Objective: 40.53
Exhaust in: 450.20 C, Exhaust out: 409.67 C, Fluid in: 24.41 C, Fluid out: 77.64 C
Fan duty: 63 %, Pump duty: 37 %
Objective: 40.53
Exhaust in: 449.71 C, Exhaust out: 411.62 C, Fluid in: 24.41 C, Fluid out: 75.20 C
Fan duty: 63 %, Pump duty: 37 %
Objective: 38.09
145.0 | 450.0 | 412.0 | 25.0 | 75.9 | 0.0 | 0.0 | 0.0
Exhaust in: 449.71 C, Exhaust out: 413.57 C, Fluid in: 24.90 C, Fluid out: 74.22 C
Fan duty: 63 %, Pump duty: 37 %
Objective: 36.13
Exhaust in: 450.20 C, Exhaust out: 414.55 C, Fluid in: 24.90 C, Fluid out: 72.75 C
Fan duty: 63 %, Pump duty: 37 %
Objective: 35.64
Exhaust in: 449.71 C, Exhaust out: 414.06 C, Fluid in: 24.41 C, Fluid out: 71.29 C
Fan duty: 63 %, Pump duty: 37 %
Objective: 35.64
Exhaust in: 449.22 C, Exhaust out: 414.55 C, Fluid in: 25.39 C, Fluid out: 69.82 C
Fan duty: 63 %, Pump duty: 37 %
Objective: 34.67
Average for current parameter: 32.72
Best parameter: 10, Best average: 47.71
Current parameter: 0.26
Exhaust in: 450.20 C, Exhaust out: 413.57 C, Fluid in: 25.39 C, Fluid out: 69.34 C
Fan duty: 26 %, Pump duty: 74 %
Objective: 36.62
150.0 | 450.0 | 414.3 | 25.0 | 69.1 | 0.0 | 0.0 | 0.0
Exhaust in: 449.71 C, Exhaust out: 435.55 C, Fluid in: 24.90 C, Fluid out: 61.52 C
Fan duty: 26 %, Pump duty: 74 %
Objective: 14.16
Exhaust in: 449.22 C, Exhaust out: 434.57 C, Fluid in: 25.39 C, Fluid out: 56.64 C
Fan duty: 26 %, Pump duty: 74 %
Objective: 14.65
Exhaust in: 449.22 C, Exhaust out: 435.06 C, Fluid in: 25.39 C, Fluid out: 51.76 C
Fan duty: 26 %, Pump duty: 74 %
Objective: 14.16
Exhaust in: 449.71 C, Exhaust out: 434.08 C, Fluid in: 24.90 C, Fluid out: 47.85 C
Fan duty: 26 %, Pump duty: 74 %
Objective: 15.62
Exhaust in: 449.22 C, Exhaust out: 433.59 C, Fluid in: 25.39 C, Fluid out: 44.92 C
Fan duty: 26 %, Pump duty: 74 %
Objective: 15.62
155.0 | 450.0 | 434.4 | 25.0 | 45.0 | 0.0 | 0.0 | 0.0
Exhaust in: 450.20 C, Exhaust out: 434.08 C, Fluid in: 24.41 C, Fluid out: 41.99 C
Fan duty: 26 %, Pump duty: 74 %
Objective: 16.11
Exhaust in: 449.22 C, Exhaust out: 433.59 C, Fluid in: 24.90 C, Fluid out: 40.04 C
Fan duty: 26 %, Pump duty: 74 %
Objective: 15.62
Exhaust in: 449.22 C, Exhaust out: 434.08 C, Fluid in: 25.39 C, Fluid out: 38.57 C
Fan duty: 26 %, Pump duty: 74 %
Objective: 15.14
Exhaust in: 449.22 C, Exhaust out: 433.11 C, Fluid in: 25.39 C, Fluid out: 37.60 C
Fan duty: 26 %, Pump duty: 74 %
Objective: 16.11
Average for current parameter: 17.38
Best parameter: 10, Best average: 47.71
Current parameter: 0.62
Exhaust in: 449.22 C, Exhaust out: 433.59 C, Fluid in: 24.41 C, Fluid out: 36.13 C
Fan duty: 62 %, Pump duty: 38 %
Objective: 15.62
160.0 | 450.0 | 434.0 | 25.0 | 37.0 | 0.0 | 0.0 | 0.0
Exhaust in: 450.20 C, Exhaust out: 411.13 C, Fluid in: 25.39 C, Fluid out: 39.55 C
Fan duty: 62 %, Pump duty: 38 %
Objective: 39.06
Exhaust in: 449.22 C, Exhaust out: 412.11 C, Fluid in: 24.41 C, Fluid out: 41.02 C
Fan duty: 62 %, Pump duty: 38 %
Objective: 37.11
Exhaust in: 450.20 C, Exhaust out: 411.13 C, Fluid in: 25.39 C, Fluid out: 43.95 C
Fan duty: 62 %, Pump duty: 38 %
Objective: 39.06
Exhaust in: 449.71 C, Exhaust out: 411.62 C, Fluid in: 25.39 C, Fluid out: 44.92 C
Fan duty: 62 %, Pump duty: 38 %
Objective: 38.09
Exhaust in: 449.71 C, Exhaust out: 412.11 C, Fluid in: 24.41 C, Fluid out: 47.36 C
Fan duty: 62 %, Pump duty: 38 %
Objective: 37.60
165.0 | 450.0 | 412.4 | 25.0 | 47.1 | 0.0 | 0.0 | 0.0
Exhaust in: 449.22 C, Exhaust out: 412.11 C, Fluid in: 25.39 C, Fluid out: 48.34 C
Fan duty: 62 %, Pump duty: 38 %
Objective: 37.11
Exhaust in: 450.20 C, Exhaust out: 413.09 C, Fluid in: 24.41 C, Fluid out: 49.80 C
Fan duty: 62 %, Pump duty: 38 %
Objective: 37.11
Exhaust in: 449.71 C, Exhaust out: 412.60 C, Fluid in: 24.41 C, Fluid out: 50.29 C
Fan duty: 62 %, Pump duty: 38 %
Objective: 37.11
Exhaust in: 450.20 C, Exhaust out: 412.11 C, Fluid in: 25.39 C, Fluid out: 51.27 C
Fan duty: 62 %, Pump duty: 38 %
Objective: 38.09
Average for current parameter: 35.60
Best parameter: 9, Best average: 35.62
Current parameter: 0.21
Exhaust in: 450.20 C, Exhaust out: 413.09 C, Fluid in: 24.41 C, Fluid out: 52.73 C
Fan duty: 21 %, Pump duty: 79 %
Objective: 37.11
170.0 | 450.0 | 413.0 | 25.0 | 52.7 | 0.0 | 0.0 | 0.0
Exhaust in: 450.20 C, Exhaust out: 437.01 C, Fluid in: 25.39 C, Fluid out: 48.34 C
Fan duty: 21 %, Pump duty: 79 %
Objective: 13.18
Exhaust in: 449.22 C, Exhaust out: 437.50 C, Fluid in: 25.39 C, Fluid out: 44.92 C
Fan duty: 21 %, Pump duty: 79 %
Objective: 11.72
Exhaust in: 449.71 C, Exhaust out: 436.52 C, Fluid in: 24.90 C, Fluid out: 41.99 C
Fan duty: 21 %, Pump duty: 79 %
Objective: 13.18
Exhaust in: 449.71 C, Exhaust out: 437.50 C, Fluid in: 24.41 C, Fluid out: 39.06 C
Fan duty: 21 %, Pump duty: 79 %
Objective: 12.21
Exhaust in: 450.20 C, Exhaust out: 436.52 C, Fluid in: 24.90 C, Fluid out: 37.11 C
Fan duty: 21 %, Pump duty: 79 %
Objective: 13.67
175.0 | 450.0 | 437.2 | 25.0 | 37.7 | 0.0 | 0.0 | 0.0
Exhaust in: 450.20 C, Exhaust out: 437.50 C, Fluid in: 24.90 C, Fluid out: 36.62 C
Fan duty: 21 %, Pump duty: 79 %
Objective: 12.70
Exhaust in: 449.22 C, Exhaust out: 436.52 C, Fluid in: 25.39 C, Fluid out: 34.67 C
Fan duty: 21 %, Pump duty: 79 %
Objective: 12.70
Exhaust in: 449.22 C, Exhaust out: 436.52 C, Fluid in: 24.90 C, Fluid out: 33.69 C
Fan duty: 21 %, Pump duty: 79 %
Objective: 12.70
Exhaust in: 449.22 C, Exhaust out: 437.01 C, Fluid in: 25.39 C, Fluid out: 33.20 C
Fan duty: 21 %, Pump duty: 79 %
Objective: 12.21
Average for current parameter: 15.14
Best parameter: 10, Best average: 35.60
Current parameter: 0.62
Exhaust in: 449.22 C, Exhaust out: 437.50 C, Fluid in: 24.41 C, Fluid out: 33.20 C
Fan duty: 62 %, Pump duty: 38 %
Objective: 11.72
180.0 | 450.0 | 437.0 | 25.0 | 33.1 | 0.0 | 0.0 | 0.0
Exhaust in: 449.22 C, Exhaust out: 411.62 C, Fluid in: 24.90 C, Fluid out: 36.13 C
Fan duty: 62 %, Pump duty: 38 %
Objective: 37.60
Exhaust in: 449.71 C, Exhaust out: 411.62 C, Fluid in: 24.90 C, Fluid out: 38.09 C
Fan duty: 62 %, Pump duty: 38 %
Objective: 38.09
Exhaust in: 449.22 C, Exhaust out: 411.13 C, Fluid in: 24.90 C, Fluid out: 40.53 C
Fan duty: 62 %, Pump duty: 38 %
Objective: 38.09
Exhaust in: 450.20 C, Exhaust out: 412.11 C, Fluid in: 24.41 C, Fluid out: 42.48 C
Fan duty: 62 %, Pump duty: 38 %
Objective: 38.09
Exhaust in: 449.22 C, Exhaust out: 411.62 C, Fluid in: 25.39 C, Fluid out: 44.92 C
Fan duty: 62 %, Pump duty: 38 %
Objective: 37.60
185.0 | 450.0 | 412.2 | 25.0 | 45.0 | 0.0 | 0.0 | 0.0
Exhaust in: 449.71 C, Exhaust out: 411.62 C, Fluid in: 25.39 C, Fluid out: 46.88 C
Fan duty: 62 %, Pump duty: 38 %
Objective: 38.09
Exhaust in: 449.71 C, Exhaust out: 412.60 C, Fluid in: 24.41 C, Fluid out: 47.85 C
Fan duty: 62 %, Pump duty: 38 %
Objective: 37.11
Exhaust in: 449.22 C, Exhaust out: 413.09 C, Fluid in: 24.90 C, Fluid out: 49.32 C
Fan duty: 62 %, Pump duty: 38 %
Objective: 36.13
Exhaust in: 450.20 C, Exhaust out: 413.09 C, Fluid in: 24.41 C, Fluid out: 49.80 C
Fan duty: 62 %, Pump duty: 38 %
Objective: 37.11
Average for current parameter: 34.96
Best parameter: 10, Best average: 34.96
Current parameter: 0.62
Exhaust in: 450.20 C, Exhaust out: 412.60 C, Fluid in: 24.41 C, Fluid out: 50.78 C
Fan duty: 62 %, Pump duty: 37 %
Objective: 37.60
190.0 | 450.0 | 412.9 | 25.0 | 51.5 | 0.0 | 0.0 | 0.0
Exhaust in: 450.20 C, Exhaust out: 412.11 C, Fluid in: 24.41 C, Fluid out: 51.76 C
Fan duty: 62 %, Pump duty: 37 %
Objective: 38.09
Exhaust in: 449.71 C, Exhaust out: 412.60 C, Fluid in: 24.41 C, Fluid out: 53.71 C
Fan duty: 62 %, Pump duty: 37 %
Objective: 37.11
Exhaust in: 449.22 C, Exhaust out: 413.57 C, Fluid in: 24.90 C, Fluid out: 53.71 C
Fan duty: 62 %, Pump duty: 37 %
Objective: 35.64
Exhaust in: 450.20 C, Exhaust out: 412.60 C, Fluid in: 24.41 C, Fluid out: 55.18 C
Fan duty: 62 %, Pump duty: 37 %
Objective: 37.60
Exhaust in: 449.71 C, Exhaust out: 413.09 C, Fluid in: 25.39 C, Fluid out: 55.18 C
Fan duty: 62 %, Pump duty: 37 %
Objective: 36.62
195.0 | 450.0 | 413.3 | 25.0 | 55.3 | 0.0 | 0.0 | 0.0
Exhaust in: 449.22 C, Exhaust out: 412.60 C, Fluid in: 24.41 C, Fluid out: 55.18 C
Fan duty: 62 %, Pump duty: 37 %
Objective: 36.62
Exhaust in: 450.20 C, Exhaust out: 412.60 C, Fluid in: 24.41 C, Fluid out: 56.15 C
Fan duty: 62 %, Pump duty: 37 %
Objective: 37.60
Exhaust in: 450.20 C, Exhaust out: 412.60 C, Fluid in: 24.90 C, Fluid out: 57.13 C
Fan duty: 62 %, Pump duty: 37 %
Objective: 37.60
Exhaust in: 449.71 C, Exhaust out: 413.09 C, Fluid in: 25.39 C, Fluid out: 57.13 C
Fan duty: 62 %, Pump duty: 37 %
Objective: 36.62
Average for current parameter: 37.11
Best parameter: 10, Best average: 37.11
Current parameter: 0.63
