=== SCENARIO: EXTENDED EFFICIENCY AND AGING TEST ===
Time(s) | Tin | Tout | Fin | Fout | Power | FanDuty | PumpDuty
-------------------------------------------------------------------
Input Temp: 399.90 C, Output Temp: 399.90 C, Fluid Temp: 24.41 C, Power: 0.00 W
Fan Duty: 50.01 %, Pump Duty: 50.01 %
[DATA] 0.0 | 400.0 | 400.0 | 25.0 | 49.7 | 0.0 | 0.0 | 0.0
Input Temp: 399.90 C, Output Temp: 399.41 C, Fluid Temp: 24.90 C, Power: 0.59 W
Fan Duty: 50.02 %, Pump Duty: 50.02 %
Input Temp: 397.95 C, Output Temp: 398.44 C, Fluid Temp: 25.39 C, Power: -0.59 W
Fan Duty: 50.01 %, Pump Duty: 50.01 %
Input Temp: 396.97 C, Output Temp: 396.48 C, Fluid Temp: 25.39 C, Power: 0.59 W
Fan Duty: 50.00 %, Pump Duty: 50.00 %
Input Temp: 393.07 C, Output Temp: 393.07 C, Fluid Temp: 24.90 C, Power: 0.00 W
Fan Duty: 50.01 %, Pump Duty: 50.01 %
Input Temp: 390.62 C, Output Temp: 390.62 C, Fluid Temp: 24.41 C, Power: 0.00 W
Fan Duty: 50.02 %, Pump Duty: 50.02 %
[DATA] 5.0 | 390.5 | 390.5 | 25.0 | 48.2 | 0.0 | 0.0 | 0.0
Input Temp: 386.72 C, Output Temp: 386.72 C, Fluid Temp: 25.39 C, Power: 0.00 W
Fan Duty: 50.03 %, Pump Duty: 50.03 %
Input Temp: 381.84 C, Output Temp: 381.84 C, Fluid Temp: 25.39 C, Power: 0.00 W
Fan Duty: 50.04 %, Pump Duty: 50.04 %
Input Temp: 376.46 C, Output Temp: 376.46 C, Fluid Temp: 25.39 C, Power: 0.00 W
Fan Duty: 50.05 %, Pump Duty: 50.05 %
Input Temp: 371.09 C, Output Temp: 371.09 C, Fluid Temp: 24.90 C, Power: 0.00 W
Fan Duty: 50.06 %, Pump Duty: 50.06 %
Input Temp: 365.23 C, Output Temp: 365.23 C, Fluid Temp: 24.41 C, Power: 0.00 W
Fan Duty: 50.07 %, Pump Duty: 50.07 %
[DATA] 10.0 | 365.8 | 365.8 | 25.0 | 46.9 | 0.0 | 0.0 | 0.0
Input Temp: 359.86 C, Output Temp: 359.38 C, Fluid Temp: 25.39 C, Power: 0.59 W
Fan Duty: 50.08 %, Pump Duty: 50.08 %
Input Temp: 354.00 C, Output Temp: 353.03 C, Fluid Temp: 25.39 C, Power: 1.17 W
Fan Duty: 50.09 %, Pump Duty: 50.09 %
Input Temp: 347.17 C, Output Temp: 347.66 C, Fluid Temp: 25.39 C, Power: -0.59 W
Fan Duty: 50.08 %, Pump Duty: 50.08 %
Input Temp: 341.31 C, Output Temp: 341.31 C, Fluid Temp: 24.90 C, Power: 0.00 W
Fan Duty: 50.07 %, Pump Duty: 50.07 %
Input Temp: 334.47 C, Output Temp: 334.47 C, Fluid Temp: 25.39 C, Power: 0.00 W
Fan Duty: 50.06 %, Pump Duty: 50.06 %
[DATA] 15.0 | 335.0 | 335.0 | 25.0 | 45.5 | 0.0 | 0.0 | 0.0
Input Temp: 329.59 C, Output Temp: 329.59 C, Fluid Temp: 24.90 C, Power: 0.00 W
Fan Duty: 50.05 %, Pump Duty: 50.05 %
Input Temp: 323.24 C, Output Temp: 323.73 C, Fluid Temp: 24.41 C, Power: -0.59 W
Fan Duty: 50.06 %, Pump Duty: 50.06 %
Input Temp: 317.87 C, Output Temp: 317.87 C, Fluid Temp: 25.39 C, Power: 0.00 W
Fan Duty: 50.07 %, Pump Duty: 50.07 %
Input Temp: 314.45 C, Output Temp: 314.45 C, Fluid Temp: 24.41 C, Power: 0.00 W
Fan Duty: 50.08 %, Pump Duty: 50.08 %
Input Temp: 309.57 C, Output Temp: 309.08 C, Fluid Temp: 24.41 C, Power: 0.59 W
Fan Duty: 50.09 %, Pump Duty: 50.09 %
[DATA] 20.0 | 309.9 | 309.9 | 25.0 | 44.3 | 0.0 | 0.0 | 0.0
Input Temp: 306.64 C, Output Temp: 305.66 C, Fluid Temp: 24.41 C, Power: 1.17 W
Fan Duty: 50.10 %, Pump Duty: 50.10 %
Input Temp: 304.20 C, Output Temp: 303.71 C, Fluid Temp: 24.41 C, Power: 0.59 W
Fan Duty: 50.09 %, Pump Duty: 50.09 %
Input Temp: 302.25 C, Output Temp: 301.27 C, Fluid Temp: 24.90 C, Power: 1.17 W
Fan Duty: 50.08 %, Pump Duty: 50.08 %
Input Temp: 300.29 C, Output Temp: 299.80 C, Fluid Temp: 24.41 C, Power: 0.59 W
Fan Duty: 50.09 %, Pump Duty: 50.09 %
Input Temp: 299.32 C, Output Temp: 299.80 C, Fluid Temp: 25.39 C, Power: -0.59 W
Fan Duty: 50.08 %, Pump Duty: 50.08 %
[DATA] 25.0 | 300.0 | 300.0 | 25.0 | 43.1 | 0.0 | 0.0 | 0.0
Input Temp: 300.78 C, Output Temp: 299.80 C, Fluid Temp: 25.39 C, Power: 1.17 W
Fan Duty: 50.07 %, Pump Duty: 50.07 %
Input Temp: 300.78 C, Output Temp: 300.78 C, Fluid Temp: 24.90 C, Power: 0.00 W
Fan Duty: 50.08 %, Pump Duty: 50.08 %
Input Temp: 302.73 C, Output Temp: 303.22 C, Fluid Temp: 25.39 C, Power: -0.59 W
Fan Duty: 50.07 %, Pump Duty: 50.07 %
Input Temp: 305.18 C, Output Temp: 306.15 C, Fluid Temp: 24.90 C, Power: -1.17 W
Fan Duty: 50.08 %, Pump Duty: 50.08 %
Input Temp: 308.59 C, Output Temp: 308.11 C, Fluid Temp: 24.41 C, Power: 0.59 W
Fan Duty: 50.09 %, Pump Duty: 50.09 %
[DATA] 30.0 | 309.0 | 309.0 | 25.0 | 42.0 | 0.0 | 0.0 | 0.0
Input Temp: 312.01 C, Output Temp: 312.99 C, Fluid Temp: 24.41 C, Power: -1.17 W
Fan Duty: 50.08 %, Pump Duty: 50.08 %
Input Temp: 316.41 C, Output Temp: 316.89 C, Fluid Temp: 24.41 C, Power: -0.59 W
Fan Duty: 50.07 %, Pump Duty: 50.07 %
Input Temp: 322.75 C, Output Temp: 321.78 C, Fluid Temp: 24.41 C, Power: 1.17 W
Fan Duty: 50.06 %, Pump Duty: 50.06 %
Input Temp: 327.64 C, Output Temp: 328.12 C, Fluid Temp: 25.39 C, Power: -0.59 W
Fan Duty: 50.07 %, Pump Duty: 50.07 %
Input Temp: 333.01 C, Output Temp: 332.52 C, Fluid Temp: 25.39 C, Power: 0.59 W
Fan Duty: 50.08 %, Pump Duty: 50.08 %
[DATA] 35.0 | 333.4 | 333.4 | 25.0 | 40.9 | 0.0 | 0.0 | 0.0
Input Temp: 338.87 C, Output Temp: 339.84 C, Fluid Temp: 24.41 C, Power: -1.17 W
Fan Duty: 50.07 %, Pump Duty: 50.07 %
Input Temp: 345.21 C, Output Temp: 345.70 C, Fluid Temp: 24.90 C, Power: -0.59 W
Fan Duty: 50.06 %, Pump Duty: 50.06 %
Input Temp: 351.07 C, Output Temp: 352.05 C, Fluid Temp: 25.39 C, Power: -1.17 W
Fan Duty: 50.07 %, Pump Duty: 50.07 %
Input Temp: 358.40 C, Output Temp: 357.42 C, Fluid Temp: 24.90 C, Power: 1.17 W
Fan Duty: 50.08 %, Pump Duty: 50.08 %
Input Temp: 364.26 C, Output Temp: 363.77 C, Fluid Temp: 25.39 C, Power: 0.59 W
Fan Duty: 50.07 %, Pump Duty: 50.07 %
[DATA] 40.0 | 364.2 | 364.2 | 25.0 | 39.9 | 0.0 | 0.0 | 0.0
Input Temp: 369.63 C, Output Temp: 370.12 C, Fluid Temp: 24.90 C, Power: -0.59 W
Fan Duty: 50.08 %, Pump Duty: 50.08 %
Input Temp: 375.98 C, Output Temp: 375.49 C, Fluid Temp: 24.41 C, Power: 0.59 W
Fan Duty: 50.09 %, Pump Duty: 50.09 %
Input Temp: 380.86 C, Output Temp: 380.86 C, Fluid Temp: 24.41 C, Power: 0.00 W
Fan Duty: 50.08 %, Pump Duty: 50.08 %
Input Temp: 385.74 C, Output Temp: 385.25 C, Fluid Temp: 24.41 C, Power: 0.59 W
Fan Duty: 50.07 %, Pump Duty: 50.07 %
Input Temp: 389.16 C, Output Temp: 389.65 C, Fluid Temp: 25.39 C, Power: -0.59 W
Fan Duty: 50.08 %, Pump Duty: 50.08 %
[DATA] 45.0 | 389.6 | 389.6 | 25.0 | 38.9 | 0.0 | 0.0 | 0.0
Input Temp: 393.07 C, Output Temp: 393.07 C, Fluid Temp: 24.41 C, Power: 0.00 W
Fan Duty: 50.09 %, Pump Duty: 50.09 %
Input Temp: 396.00 C, Output Temp: 395.51 C, Fluid Temp: 25.39 C, Power: 0.59 W
Fan Duty: 50.10 %, Pump Duty: 50.10 %
Input Temp: 397.46 C, Output Temp: 397.95 C, Fluid Temp: 25.39 C, Power: -0.59 W
Fan Duty: 50.09 %, Pump Duty: 50.09 %
Input Temp: 398.44 C, Output Temp: 398.44 C, Fluid Temp: 24.41 C, Power: 0.00 W
Fan Duty: 50.08 %, Pump Duty: 50.08 %
Input Temp: 400.39 C, Output Temp: 399.90 C, Fluid Temp: 24.90 C, Power: 0.59 W
Fan Duty: 50.07 %, Pump Duty: 50.07 %
[DATA] 50.0 | 400.0 | 400.0 | 25.0 | 38.0 | 0.0 | 0.0 | 0.0
Input Temp: 399.90 C, Output Temp: 399.90 C, Fluid Temp: 25.39 C, Power: 0.00 W
Fan Duty: 50.08 %, Pump Duty: 50.08 %
Input Temp: 398.44 C, Output Temp: 398.44 C, Fluid Temp: 24.41 C, Power: 0.00 W
Fan Duty: 50.09 %, Pump Duty: 50.09 %
Input Temp: 396.48 C, Output Temp: 396.48 C, Fluid Temp: 25.39 C, Power: 0.00 W
Fan Duty: 50.10 %, Pump Duty: 50.10 %
Input Temp: 395.02 C, Output Temp: 394.04 C, Fluid Temp: 24.41 C, Power: 1.17 W
Fan Duty: 50.11 %, Pump Duty: 50.11 %
Input Temp: 391.60 C, Output Temp: 391.60 C, Fluid Temp: 24.90 C, Power: 0.00 W
Fan Duty: 50.10 %, Pump Duty: 50.10 %
[DATA] 55.0 | 391.5 | 391.5 | 25.0 | 37.1 | 0.0 | 0.0 | 0.0
Input Temp: 387.21 C, Output Temp: 386.72 C, Fluid Temp: 25.39 C, Power: 0.59 W
Fan Duty: 50.09 %, Pump Duty: 50.09 %
Input Temp: 383.79 C, Output Temp: 383.30 C, Fluid Temp: 24.41 C, Power: 0.59 W
Fan Duty: 50.08 %, Pump Duty: 50.08 %
Input Temp: 377.44 C, Output Temp: 378.42 C, Fluid Temp: 24.90 C, Power: -1.17 W
Fan Duty: 50.09 %, Pump Duty: 50.09 %
Input Temp: 372.07 C, Output Temp: 372.56 C, Fluid Temp: 25.39 C, Power: -0.59 W
Fan Duty: 50.10 %, Pump Duty: 50.10 %
Input Temp: 367.68 C, Output Temp: 366.70 C, Fluid Temp: 25.39 C, Power: 1.17 W
Fan Duty: 50.11 %, Pump Duty: 50.11 %
[DATA] 60.0 | 367.3 | 367.3 | 25.0 | 36.3 | 0.0 | 0.0 | 0.0
Input Temp: 361.33 C, Output Temp: 361.82 C, Fluid Temp: 24.90 C, Power: -0.59 W
Fan Duty: 50.10 %, Pump Duty: 50.10 %
Input Temp: 355.47 C, Output Temp: 354.98 C, Fluid Temp: 24.41 C, Power: 0.59 W
Fan Duty: 50.09 %, Pump Duty: 50.09 %
Input Temp: 348.63 C, Output Temp: 348.14 C, Fluid Temp: 24.90 C, Power: 0.59 W
Fan Duty: 50.08 %, Pump Duty: 50.08 %
Input Temp: 341.80 C, Output Temp: 342.77 C, Fluid Temp: 24.90 C, Power: -1.17 W
Fan Duty: 50.09 %, Pump Duty: 50.09 %
Input Temp: 335.94 C, Output Temp: 336.91 C, Fluid Temp: 25.39 C, Power: -1.17 W
Fan Duty: 50.10 %, Pump Duty: 50.10 %
[DATA] 65.0 | 336.6 | 336.6 | 25.0 | 35.5 | 0.0 | 0.0 | 0.0
Input Temp: 330.08 C, Output Temp: 331.05 C, Fluid Temp: 25.39 C, Power: -1.17 W
Fan Duty: 50.11 %, Pump Duty: 50.11 %
Input Temp: 324.22 C, Output Temp: 325.20 C, Fluid Temp: 24.41 C, Power: -1.17 W
Fan Duty: 50.12 %, Pump Duty: 50.12 %
Input Temp: 320.31 C, Output Temp: 320.31 C, Fluid Temp: 24.41 C, Power: 0.00 W
Fan Duty: 50.13 %, Pump Duty: 50.13 %
Input Temp: 315.43 C, Output Temp: 315.43 C, Fluid Temp: 24.41 C, Power: 0.00 W
Fan Duty: 50.14 %, Pump Duty: 50.14 %
Input Temp: 310.06 C, Output Temp: 310.55 C, Fluid Temp: 24.90 C, Power: -0.59 W
Fan Duty: 50.13 %, Pump Duty: 50.13 %
[DATA] 70.0 | 311.0 | 311.0 | 25.0 | 34.7 | 0.0 | 0.0 | 0.0
Input Temp: 307.13 C, Output Temp: 306.64 C, Fluid Temp: 24.90 C, Power: 0.59 W
Fan Duty: 50.12 %, Pump Duty: 50.12 %
Input Temp: 304.69 C, Output Temp: 304.20 C, Fluid Temp: 24.41 C, Power: 0.59 W
Fan Duty: 50.11 %, Pump Duty: 50.11 %
Input Temp: 301.76 C, Output Temp: 301.27 C, Fluid Temp: 25.39 C, Power: 0.59 W
Fan Duty: 50.10 %, Pump Duty: 50.10 %
Input Temp: 300.78 C, Output Temp: 300.78 C, Fluid Temp: 25.39 C, Power: 0.00 W
Fan Duty: 50.11 %, Pump Duty: 50.11 %
Input Temp: 299.80 C, Output Temp: 300.29 C, Fluid Temp: 24.41 C, Power: -0.59 W
Fan Duty: 50.10 %, Pump Duty: 50.10 %
[DATA] 75.0 | 300.1 | 300.1 | 25.0 | 34.0 | 0.0 | 0.0 | 0.0
Input Temp: 299.32 C, Output Temp: 299.80 C, Fluid Temp: 24.41 C, Power: -0.59 W
Fan Duty: 50.09 %, Pump Duty: 50.09 %
Input Temp: 300.78 C, Output Temp: 300.29 C, Fluid Temp: 25.39 C, Power: 0.59 W
Fan Duty: 50.08 %, Pump Duty: 50.08 %
Input Temp: 302.25 C, Output Temp: 302.25 C, Fluid Temp: 24.41 C, Power: 0.00 W
Fan Duty: 50.09 %, Pump Duty: 50.09 %
Input Temp: 305.18 C, Output Temp: 305.18 C, Fluid Temp: 24.41 C, Power: 0.00 W
Fan Duty: 50.10 %, Pump Duty: 50.10 %
Input Temp: 307.13 C, Output Temp: 307.13 C, Fluid Temp: 24.90 C, Power: 0.00 W
Fan Duty: 50.11 %, Pump Duty: 50.11 %
[DATA] 80.0 | 308.0 | 308.0 | 25.0 | 33.3 | 0.0 | 0.0 | 0.0
Input Temp: 311.52 C, Output Temp: 311.52 C, Fluid Temp: 25.39 C, Power: 0.00 W
Fan Duty: 50.12 %, Pump Duty: 50.12 %
Input Temp: 315.43 C, Output Temp: 316.41 C, Fluid Temp: 24.90 C, Power: -1.17 W
Fan Duty: 50.11 %, Pump Duty: 50.11 %
Input Temp: 321.29 C, Output Temp: 321.29 C, Fluid Temp: 25.39 C, Power: 0.00 W
Fan Duty: 50.10 %, Pump Duty: 50.10 %
Input Temp: 326.66 C, Output Temp: 326.66 C, Fluid Temp: 24.41 C, Power: 0.00 W
Fan Duty: 50.09 %, Pump Duty: 50.09 %
Input Temp: 331.05 C, Output Temp: 331.54 C, Fluid Temp: 24.90 C, Power: -0.59 W
Fan Duty: 50.10 %, Pump Duty: 50.10 %
[DATA] 85.0 | 331.9 | 331.9 | 25.0 | 32.6 | 0.0 | 0.0 | 0.0
Input Temp: 337.89 C, Output Temp: 337.40 C, Fluid Temp: 24.41 C, Power: 0.59 W
Fan Duty: 50.11 %, Pump Duty: 50.11 %
Input Temp: 343.75 C, Output Temp: 343.26 C, Fluid Temp: 25.39 C, Power: 0.59 W
Fan Duty: 50.12 %, Pump Duty: 50.12 %
Input Temp: 350.10 C, Output Temp: 349.61 C, Fluid Temp: 25.39 C, Power: 0.59 W
Fan Duty: 50.13 %, Pump Duty: 50.13 %
Input Temp: 356.45 C, Output Temp: 356.93 C, Fluid Temp: 25.39 C, Power: -0.59 W
Fan Duty: 50.12 %, Pump Duty: 50.12 %
Input Temp: 362.79 C, Output Temp: 362.79 C, Fluid Temp: 24.41 C, Power: 0.00 W
Fan Duty: 50.11 %, Pump Duty: 50.11 %
[DATA] 90.0 | 362.6 | 362.6 | 25.0 | 32.0 | 0.0 | 0.0 | 0.0
Input Temp: 368.65 C, Output Temp: 367.68 C, Fluid Temp: 24.41 C, Power: 1.17 W
Fan Duty: 50.10 %, Pump Duty: 50.10 %
Input Temp: 373.54 C, Output Temp: 374.02 C, Fluid Temp: 25.39 C, Power: -0.59 W
Fan Duty: 50.11 %, Pump Duty: 50.11 %
Input Temp: 379.88 C, Output Temp: 379.88 C, Fluid Temp: 24.41 C, Power: 0.00 W
Fan Duty: 50.12 %, Pump Duty: 50.12 %
Input Temp: 383.30 C, Output Temp: 383.79 C, Fluid Temp: 24.90 C, Power: -0.59 W
Fan Duty: 50.11 %, Pump Duty: 50.11 %
Input Temp: 388.67 C, Output Temp: 388.18 C, Fluid Temp: 24.90 C, Power: 0.59 W
Fan Duty: 50.10 %, Pump Duty: 50.10 %
[DATA] 95.0 | 388.5 | 388.5 | 25.0 | 31.4 | 0.0 | 0.0 | 0.0
Input Temp: 392.58 C, Output Temp: 392.09 C, Fluid Temp: 25.39 C, Power: 0.59 W
Fan Duty: 50.09 %, Pump Duty: 50.09 %
Input Temp: 395.02 C, Output Temp: 395.51 C, Fluid Temp: 24.41 C, Power: -0.59 W
Fan Duty: 50.10 %, Pump Duty: 50.10 %
Input Temp: 397.46 C, Output Temp: 397.46 C, Fluid Temp: 24.90 C, Power: 0.00 W
Fan Duty: 50.11 %, Pump Duty: 50.11 %
Input Temp: 399.41 C, Output Temp: 398.93 C, Fluid Temp: 24.41 C, Power: 0.59 W
Fan Duty: 50.12 %, Pump Duty: 50.12 %
Input Temp: 399.41 C, Output Temp: 399.90 C, Fluid Temp: 24.90 C, Power: -0.59 W
Fan Duty: 50.11 %, Pump Duty: 50.11 %
[DATA] 100.0 | 400.0 | 400.0 | 25.0 | 31.1 | 0.0 | 0.0 | 0.0
Input Temp: 399.41 C, Output Temp: 399.41 C, Fluid Temp: 24.41 C, Power: 0.00 W
Fan Duty: 50.10 %, Pump Duty: 50.10 %
Input Temp: 399.90 C, Output Temp: 400.39 C, Fluid Temp: 24.41 C, Power: -0.59 W
Fan Duty: 50.11 %, Pump Duty: 50.11 %
Input Temp: 399.90 C, Output Temp: 400.39 C, Fluid Temp: 24.41 C, Power: -0.59 W
Fan Duty: 50.12 %, Pump Duty: 50.12 %
Input Temp: 399.90 C, Output Temp: 399.41 C, Fluid Temp: 25.39 C, Power: 0.59 W
Fan Duty: 50.13 %, Pump Duty: 50.13 %
Input Temp: 400.39 C, Output Temp: 399.41 C, Fluid Temp: 24.41 C, Power: 1.17 W
Fan Duty: 50.14 %, Pump Duty: 50.14 %
[DATA] 105.0 | 400.0 | 400.0 | 25.0 | 31.9 | 0.0 | 0.0 | 0.0
Input Temp: 400.39 C, Output Temp: 399.90 C, Fluid Temp: 24.90 C, Power: 0.59 W
Fan Duty: 50.13 %, Pump Duty: 50.13 %
Input Temp: 399.41 C, Output Temp: 400.39 C, Fluid Temp: 25.39 C, Power: -1.17 W
Fan Duty: 50.14 %, Pump Duty: 50.14 %
Input Temp: 399.41 C, Output Temp: 399.41 C, Fluid Temp: 25.39 C, Power: 0.00 W
Fan Duty: 50.15 %, Pump Duty: 50.15 %
Input Temp: 399.90 C, Output Temp: 400.39 C, Fluid Temp: 24.41 C, Power: -0.59 W
Fan Duty: 50.14 %, Pump Duty: 50.14 %
Input Temp: 399.90 C, Output Temp: 399.41 C, Fluid Temp: 25.39 C, Power: 0.59 W
Fan Duty: 50.13 %, Pump Duty: 50.13 %
[DATA] 110.0 | 400.0 | 400.0 | 25.0 | 32.5 | 0.0 | 0.0 | 0.0
Input Temp: 399.41 C, Output Temp: 400.39 C, Fluid Temp: 25.39 C, Power: -1.17 W
Fan Duty: 50.14 %, Pump Duty: 50.14 %
Input Temp: 400.39 C, Output Temp: 400.39 C, Fluid Temp: 24.90 C, Power: 0.00 W
Fan Duty: 50.15 %, Pump Duty: 50.15 %
Input Temp: 400.39 C, Output Temp: 399.41 C, Fluid Temp: 24.90 C, Power: 1.17 W
Fan Duty: 50.16 %, Pump Duty: 50.16 %
Input Temp: 400.39 C, Output Temp: 400.39 C, Fluid Temp: 24.41 C, Power: 0.00 W
Fan Duty: 50.15 %, Pump Duty: 50.15 %
Input Temp: 400.39 C, Output Temp: 400.39 C, Fluid Temp: 25.39 C, Power: 0.00 W
Fan Duty: 50.14 %, Pump Duty: 50.14 %
[DATA] 115.0 | 400.0 | 400.0 | 25.0 | 33.1 | 0.0 | 0.0 | 0.0
Input Temp: 399.90 C, Output Temp: 400.39 C, Fluid Temp: 25.39 C, Power: -0.59 W
Fan Duty: 50.15 %, Pump Duty: 50.15 %
Input Temp: 399.90 C, Output Temp: 400.39 C, Fluid Temp: 24.41 C, Power: -0.59 W
Fan Duty: 50.16 %, Pump Duty: 50.16 %
Input Temp: 399.41 C, Output Temp: 400.39 C, Fluid Temp: 24.90 C, Power: -1.17 W
Fan Duty: 50.15 %, Pump Duty: 50.15 %
Input Temp: 400.39 C, Output Temp: 399.90 C, Fluid Temp: 25.39 C, Power: 0.59 W
Fan Duty: 50.14 %, Pump Duty: 50.14 %
Input Temp: 399.41 C, Output Temp: 399.90 C, Fluid Temp: 24.90 C, Power: -0.59 W
Fan Duty: 50.15 %, Pump Duty: 50.15 %
[DATA] 120.0 | 400.0 | 400.0 | 25.0 | 33.4 | 0.0 | 0.0 | 0.0
Input Temp: 400.39 C, Output Temp: 399.41 C, Fluid Temp: 25.39 C, Power: 1.17 W
Fan Duty: 50.16 %, Pump Duty: 50.16 %
Input Temp: 399.41 C, Output Temp: 400.39 C, Fluid Temp: 25.39 C, Power: -1.17 W
Fan Duty: 50.15 %, Pump Duty: 50.15 %
Input Temp: 399.41 C, Output Temp: 399.90 C, Fluid Temp: 24.41 C, Power: -0.59 W
Fan Duty: 50.14 %, Pump Duty: 50.14 %
Input Temp: 399.41 C, Output Temp: 399.41 C, Fluid Temp: 25.39 C, Power: 0.00 W
Fan Duty: 50.13 %, Pump Duty: 50.13 %
Input Temp: 400.39 C, Output Temp: 399.41 C, Fluid Temp: 24.41 C, Power: 1.17 W
Fan Duty: 50.12 %, Pump Duty: 50.12 %
[DATA] 125.0 | 400.0 | 400.0 | 25.0 | 33.7 | 0.0 | 0.0 | 0.0
Input Temp: 399.41 C, Output Temp: 400.39 C, Fluid Temp: 24.41 C, Power: -1.17 W
Fan Duty: 50.13 %, Pump Duty: 50.13 %
Input Temp: 399.41 C, Output Temp: 399.41 C, Fluid Temp: 25.39 C, Power: 0.00 W
Fan Duty: 50.14 %, Pump Duty: 50.14 %
Input Temp: 400.39 C, Output Temp: 399.41 C, Fluid Temp: 24.41 C, Power: 1.17 W
Fan Duty: 50.15 %, Pump Duty: 50.15 %
Input Temp: 399.90 C, Output Temp: 400.39 C, Fluid Temp: 25.39 C, Power: -0.59 W
Fan Duty: 50.14 %, Pump Duty: 50.14 %
Input Temp: 399.41 C, Output Temp: 400.39 C, Fluid Temp: 25.39 C, Power: -1.17 W
Fan Duty: 50.15 %, Pump Duty: 50.15 %
[DATA] 130.0 | 400.0 | 400.0 | 25.0 | 33.8 | 0.0 | 0.0 | 0.0
Input Temp: 399.90 C, Output Temp: 399.41 C, Fluid Temp: 24.41 C, Power: 0.59 W
Fan Duty: 50.16 %, Pump Duty: 50.16 %
Input Temp: 399.90 C, Output Temp: 400.39 C, Fluid Temp: 24.41 C, Power: -0.59 W
Fan Duty: 50.15 %, Pump Duty: 50.15 %
Input Temp: 399.41 C, Output Temp: 399.90 C, Fluid Temp: 25.39 C, Power: -0.59 W
Fan Duty: 50.14 %, Pump Duty: 50.14 %
Input Temp: 399.41 C, Output Temp: 399.41 C, Fluid Temp: 25.39 C, Power: 0.00 W
Fan Duty: 50.13 %, Pump Duty: 50.13 %
Input Temp: 399.90 C, Output Temp: 399.90 C, Fluid Temp: 25.39 C, Power: 0.00 W
Fan Duty: 50.12 %, Pump Duty: 50.12 %
[DATA] 135.0 | 400.0 | 400.0 | 25.0 | 33.9 | 0.0 | 0.0 | 0.0
Input Temp: 399.41 C, Output Temp: 399.90 C, Fluid Temp: 25.39 C, Power: -0.59 W
Fan Duty: 50.13 %, Pump Duty: 50.13 %
Input Temp: 399.41 C, Output Temp: 399.41 C, Fluid Temp: 25.39 C, Power: 0.00 W
Fan Duty: 50.14 %, Pump Duty: 50.14 %
Input Temp: 399.41 C, Output Temp: 400.39 C, Fluid Temp: 25.39 C, Power: -1.17 W
Fan Duty: 50.13 %, Pump Duty: 50.13 %
Input Temp: 400.39 C, Output Temp: 399.41 C, Fluid Temp: 24.41 C, Power: 1.17 W
Fan Duty: 50.12 %, Pump Duty: 50.12 %
Input Temp: 399.90 C, Output Temp: 399.90 C, Fluid Temp: 24.90 C, Power: 0.00 W
Fan Duty: 50.13 %, Pump Duty: 50.13 %
[DATA] 140.0 | 400.0 | 400.0 | 25.0 | 33.7 | 0.0 | 0.0 | 0.0
Input Temp: 400.39 C, Output Temp: 399.41 C, Fluid Temp: 24.41 C, Power: 1.17 W
Fan Duty: 50.14 %, Pump Duty: 50.14 %
Input Temp: 399.90 C, Output Temp: 400.39 C, Fluid Temp: 24.41 C, Power: -0.59 W
Fan Duty: 50.13 %, Pump Duty: 50.13 %
Input Temp: 400.39 C, Output Temp: 399.41 C, Fluid Temp: 25.39 C, Power: 1.17 W
Fan Duty: 50.12 %, Pump Duty: 50.12 %
Input Temp: 399.90 C, Output Temp: 400.39 C, Fluid Temp: 25.39 C, Power: -0.59 W
Fan Duty: 50.13 %, Pump Duty: 50.13 %
Input Temp: 399.41 C, Output Temp: 399.90 C, Fluid Temp: 24.90 C, Power: -0.59 W
Fan Duty: 50.14 %, Pump Duty: 50.14 %
[DATA] 145.0 | 400.0 | 400.0 | 25.0 | 33.5 | 0.0 | 0.0 | 0.0
Input Temp: 399.41 C, Output Temp: 399.90 C, Fluid Temp: 24.41 C, Power: -0.59 W
Fan Duty: 50.15 %, Pump Duty: 50.15 %
Input Temp: 399.41 C, Output Temp: 399.90 C, Fluid Temp: 25.39 C, Power: -0.59 W
Fan Duty: 50.16 %, Pump Duty: 50.16 %
Input Temp: 400.39 C, Output Temp: 399.41 C, Fluid Temp: 24.41 C, Power: 1.17 W
Fan Duty: 50.17 %, Pump Duty: 50.17 %
Input Temp: 399.90 C, Output Temp: 399.90 C, Fluid Temp: 24.41 C, Power: 0.00 W
Fan Duty: 50.16 %, Pump Duty: 50.16 %
Input Temp: 399.90 C, Output Temp: 399.90 C, Fluid Temp: 24.90 C, Power: 0.00 W
Fan Duty: 50.15 %, Pump Duty: 50.15 %
[DATA] 150.0 | 400.0 | 400.0 | 25.0 | 33.1 | 0.0 | 0.0 | 0.0
Input Temp: 400.39 C, Output Temp: 399.90 C, Fluid Temp: 24.90 C, Power: 0.59 W
Fan Duty: 50.14 %, Pump Duty: 50.14 %
Input Temp: 399.90 C, Output Temp: 399.90 C, Fluid Temp: 24.41 C, Power: 0.00 W
Fan Duty: 50.15 %, Pump Duty: 50.15 %
Input Temp: 399.41 C, Output Temp: 400.39 C, Fluid Temp: 25.39 C, Power: -1.17 W
Fan Duty: 50.14 %, Pump Duty: 50.14 %
Input Temp: 400.39 C, Output Temp: 399.41 C, Fluid Temp: 25.39 C, Power: 1.17 W
Fan Duty: 50.13 %, Pump Duty: 50.13 %
Input Temp: 399.90 C, Output Temp: 400.39 C, Fluid Temp: 24.90 C, Power: -0.59 W
Fan Duty: 50.14 %, Pump Duty: 50.14 %
[DATA] 155.0 | 400.0 | 400.0 | 25.0 | 32.5 | 0.0 | 0.0 | 0.0
Input Temp: 399.41 C, Output Temp: 399.90 C, Fluid Temp: 25.39 C, Power: -0.59 W
Fan Duty: 50.15 %, Pump Duty: 50.15 %
Input Temp: 399.41 C, Output Temp: 400.39 C, Fluid Temp: 25.39 C, Power: -1.17 W
Fan Duty: 50.14 %, Pump Duty: 50.14 %
Input Temp: 399.90 C, Output Temp: 399.90 C, Fluid Temp: 24.90 C, Power: 0.00 W
Fan Duty: 50.13 %, Pump Duty: 50.13 %
Input Temp: 399.41 C, Output Temp: 399.41 C, Fluid Temp: 25.39 C, Power: 0.00 W
Fan Duty: 50.12 %, Pump Duty: 50.12 %
Input Temp: 400.39 C, Output Temp: 399.90 C, Fluid Temp: 24.41 C, Power: 0.59 W
Fan Duty: 50.11 %, Pump Duty: 50.11 %
[DATA] 160.0 | 400.0 | 400.0 | 25.0 | 31.9 | 0.0 | 0.0 | 0.0
Input Temp: 399.41 C, Output Temp: 399.41 C, Fluid Temp: 24.90 C, Power: 0.00 W
Fan Duty: 50.12 %, Pump Duty: 50.12 %
Input Temp: 399.41 C, Output Temp: 399.90 C, Fluid Temp: 25.39 C, Power: -0.59 W
Fan Duty: 50.11 %, Pump Duty: 50.11 %
Input Temp: 399.41 C, Output Temp: 399.41 C, Fluid Temp: 25.39 C, Power: 0.00 W
Fan Duty: 50.10 %, Pump Duty: 50.10 %
Input Temp: 399.41 C, Output Temp: 399.90 C, Fluid Temp: 24.41 C, Power: -0.59 W
Fan Duty: 50.11 %, Pump Duty: 50.11 %
Input Temp: 400.39 C, Output Temp: 399.90 C, Fluid Temp: 25.39 C, Power: 0.59 W
Fan Duty: 50.12 %, Pump Duty: 50.12 %
[DATA] 165.0 | 400.0 | 400.0 | 25.0 | 31.1 | 0.0 | 0.0 | 0.0
Input Temp: 399.41 C, Output Temp: 400.39 C, Fluid Temp: 24.41 C, Power: -1.17 W
Fan Duty: 50.11 %, Pump Duty: 50.11 %
Input Temp: 400.39 C, Output Temp: 399.41 C, Fluid Temp: 25.39 C, Power: 1.17 W
Fan Duty: 50.10 %, Pump Duty: 50.10 %
Input Temp: 399.90 C, Output Temp: 399.41 C, Fluid Temp: 25.39 C, Power: 0.59 W
Fan Duty: 50.11 %, Pump Duty: 50.11 %
Input Temp: 399.90 C, Output Temp: 399.90 C, Fluid Temp: 24.41 C, Power: 0.00 W
Fan Duty: 50.10 %, Pump Duty: 50.10 %
Input Temp: 399.41 C, Output Temp: 399.90 C, Fluid Temp: 25.39 C, Power: -0.59 W
Fan Duty: 50.11 %, Pump Duty: 50.11 %
[DATA] 170.0 | 400.0 | 400.0 | 25.0 | 30.3 | 0.0 | 0.0 | 0.0
Input Temp: 400.39 C, Output Temp: 400.39 C, Fluid Temp: 24.41 C, Power: 0.00 W
Fan Duty: 50.12 %, Pump Duty: 50.12 %
Input Temp: 399.90 C, Output Temp: 399.90 C, Fluid Temp: 24.41 C, Power: 0.00 W
Fan Duty: 50.13 %, Pump Duty: 50.13 %
Input Temp: 400.39 C, Output Temp: 399.41 C, Fluid Temp: 25.39 C, Power: 1.17 W
Fan Duty: 50.14 %, Pump Duty: 50.14 %
Input Temp: 400.39 C, Output Temp: 400.39 C, Fluid Temp: 24.41 C, Power: 0.00 W
Fan Duty: 50.13 %, Pump Duty: 50.13 %
Input Temp: 400.39 C, Output Temp: 399.41 C, Fluid Temp: 25.39 C, Power: 1.17 W
Fan Duty: 50.12 %, Pump Duty: 50.12 %
[DATA] 175.0 | 400.0 | 400.0 | 25.0 | 29.3 | 0.0 | 0.0 | 0.0
Input Temp: 399.41 C, Output Temp: 400.39 C, Fluid Temp: 25.39 C, Power: -1.17 W
Fan Duty: 50.13 %, Pump Duty: 50.13 %
Input Temp: 399.90 C, Output Temp: 399.41 C, Fluid Temp: 24.90 C, Power: 0.59 W
Fan Duty: 50.14 %, Pump Duty: 50.14 %
Input Temp: 399.90 C, Output Temp: 400.39 C, Fluid Temp: 24.41 C, Power: -0.59 W
Fan Duty: 50.13 %, Pump Duty: 50.13 %
Input Temp: 400.39 C, Output Temp: 399.41 C, Fluid Temp: 24.90 C, Power: 1.17 W
Fan Duty: 50.12 %, Pump Duty: 50.12 %
Input Temp: 400.39 C, Output Temp: 400.39 C, Fluid Temp: 24.90 C, Power: 0.00 W
Fan Duty: 50.13 %, Pump Duty: 50.13 %
[DATA] 180.0 | 400.0 | 400.0 | 25.0 | 28.3 | 0.0 | 0.0 | 0.0
Input Temp: 399.41 C, Output Temp: 399.41 C, Fluid Temp: 25.39 C, Power: 0.00 W
Fan Duty: 50.14 %, Pump Duty: 50.14 %
Input Temp: 399.41 C, Output Temp: 399.41 C, Fluid Temp: 24.90 C, Power: 0.00 W
Fan Duty: 50.15 %, Pump Duty: 50.15 %
Input Temp: 399.41 C, Output Temp: 399.90 C, Fluid Temp: 25.39 C, Power: -0.59 W
Fan Duty: 50.14 %, Pump Duty: 50.14 %
Input Temp: 399.41 C, Output Temp: 400.39 C, Fluid Temp: 24.41 C, Power: -1.17 W
Fan Duty: 50.15 %, Pump Duty: 50.15 %
Input Temp: 399.41 C, Output Temp: 400.39 C, Fluid Temp: 24.90 C, Power: -1.17 W
Fan Duty: 50.16 %, Pump Duty: 50.16 %
[DATA] 185.0 | 400.0 | 400.0 | 25.0 | 27.1 | 0.0 | 0.0 | 0.0
Input Temp: 399.90 C, Output Temp: 400.39 C, Fluid Temp: 24.90 C, Power: -0.59 W
Fan Duty: 50.17 %, Pump Duty: 50.17 %
Input Temp: 399.41 C, Output Temp: 399.41 C, Fluid Temp: 24.90 C, Power: 0.00 W
Fan Duty: 50.18 %, Pump Duty: 50.18 %
Input Temp: 400.39 C, Output Temp: 400.39 C, Fluid Temp: 24.41 C, Power: 0.00 W
Fan Duty: 50.19 %, Pump Duty: 50.19 %
Input Temp: 399.41 C, Output Temp: 399.41 C, Fluid Temp: 25.39 C, Power: 0.00 W
Fan Duty: 50.20 %, Pump Duty: 50.20 %
Input Temp: 399.90 C, Output Temp: 399.41 C, Fluid Temp: 25.39 C, Power: 0.59 W
Fan Duty: 50.21 %, Pump Duty: 50.21 %
[DATA] 190.0 | 400.0 | 400.0 | 25.0 | 25.9 | 0.0 | 0.0 | 0.0
Input Temp: 399.90 C, Output Temp: 400.39 C, Fluid Temp: 24.41 C, Power: -0.59 W
Fan Duty: 50.20 %, Pump Duty: 50.20 %
Input Temp: 399.41 C, Output Temp: 400.39 C, Fluid Temp: 24.90 C, Power: -1.17 W
Fan Duty: 50.21 %, Pump Duty: 50.21 %
Input Temp: 400.39 C, Output Temp: 400.39 C, Fluid Temp: 24.41 C, Power: 0.00 W
Fan Duty: 50.22 %, Pump Duty: 50.22 %
Input Temp: 399.90 C, Output Temp: 400.39 C, Fluid Temp: 24.90 C, Power: -0.59 W
Fan Duty: 50.21 %, Pump Duty: 50.21 %
Input Temp: 399.41 C, Output Temp: 400.39 C, Fluid Temp: 24.41 C, Power: -1.17 W
Fan Duty: 50.22 %, Pump Duty: 50.22 %
[DATA] 195.0 | 400.0 | 400.0 | 25.0 | 24.7 | 0.0 | 0.0 | 0.0
Input Temp: 399.41 C, Output Temp: 399.90 C, Fluid Temp: 24.90 C, Power: -0.59 W
Fan Duty: 50.23 %, Pump Duty: 50.23 %
Input Temp: 400.39 C, Output Temp: 399.41 C, Fluid Temp: 25.39 C, Power: 1.17 W
Fan Duty: 50.24 %, Pump Duty: 50.24 %
Input Temp: 399.90 C, Output Temp: 400.39 C, Fluid Temp: 24.41 C, Power: -0.59 W
Fan Duty: 50.23 %, Pump Duty: 50.23 %
Input Temp: 400.39 C, Output Temp: 399.90 C, Fluid Temp: 24.90 C, Power: 0.59 W
Fan Duty: 50.22 %, Pump Duty: 50.22 %
Input Temp: 399.90 C, Output Temp: 399.41 C, Fluid Temp: 24.41 C, Power: 0.59 W
Fan Duty: 50.21 %, Pump Duty: 50.21 %
[DATA] 200.0 | 400.0 | 400.0 | 25.0 | 23.4 | 0.0 | 0.0 | 0.0
Input Temp: 399.41 C, Output Temp: 400.39 C, Fluid Temp: 24.41 C, Power: -1.17 W
Fan Duty: 50.22 %, Pump Duty: 50.22 %
Input Temp: 399.90 C, Output Temp: 400.39 C, Fluid Temp: 24.41 C, Power: -0.59 W
Fan Duty: 50.23 %, Pump Duty: 50.23 %
Input Temp: 400.39 C, Output Temp: 399.90 C, Fluid Temp: 24.90 C, Power: 0.59 W
Fan Duty: 50.24 %, Pump Duty: 50.24 %
Input Temp: 400.39 C, Output Temp: 399.41 C, Fluid Temp: 24.41 C, Power: 1.17 W
Fan Duty: 50.25 %, Pump Duty: 50.25 %
Input Temp: 399.90 C, Output Temp: 399.41 C, Fluid Temp: 24.41 C, Power: 0.59 W
Fan Duty: 50.24 %, Pump Duty: 50.24 %
[DATA] 205.0 | 400.0 | 400.0 | 25.0 | 22.0 | 0.0 | 0.0 | 0.0
Input Temp: 399.41 C, Output Temp: 399.90 C, Fluid Temp: 24.41 C, Power: -0.59 W
Fan Duty: 50.25 %, Pump Duty: 50.25 %
Input Temp: 399.41 C, Output Temp: 400.39 C, Fluid Temp: 24.41 C, Power: -1.17 W
Fan Duty: 50.24 %, Pump Duty: 50.24 %
Input Temp: 399.41 C, Output Temp: 400.39 C, Fluid Temp: 25.39 C, Power: -1.17 W
Fan Duty: 50.23 %, Pump Duty: 50.23 %
Input Temp: 399.90 C, Output Temp: 399.90 C, Fluid Temp: 24.90 C, Power: 0.00 W
Fan Duty: 50.22 %, Pump Duty: 50.22 %
Input Temp: 399.41 C, Output Temp: 399.90 C, Fluid Temp: 25.39 C, Power: -0.59 W
Fan Duty: 50.23 %, Pump Duty: 50.23 %
[DATA] 210.0 | 400.0 | 400.0 | 25.0 | 20.7 | 0.0 | 0.0 | 0.0
Input Temp: 400.39 C, Output Temp: 399.90 C, Fluid Temp: 24.41 C, Power: 0.59 W
Fan Duty: 50.24 %, Pump Duty: 50.24 %
Input Temp: 399.41 C, Output Temp: 399.90 C, Fluid Temp: 25.39 C, Power: -0.59 W
Fan Duty: 50.23 %, Pump Duty: 50.23 %
Input Temp: 399.90 C, Output Temp: 400.39 C, Fluid Temp: 25.39 C, Power: -0.59 W
Fan Duty: 50.22 %, Pump Duty: 50.22 %
Input Temp: 399.90 C, Output Temp: 399.41 C, Fluid Temp: 24.41 C, Power: 0.59 W
Fan Duty: 50.21 %, Pump Duty: 50.21 %
Input Temp: 400.39 C, Output Temp: 399.90 C, Fluid Temp: 24.41 C, Power: 0.59 W
Fan Duty: 50.20 %, Pump Duty: 50.20 %
[DATA] 215.0 | 400.0 | 400.0 | 25.0 | 19.3 | 0.0 | 0.0 | 0.0
Input Temp: 399.41 C, Output Temp: 399.41 C, Fluid Temp: 25.39 C, Power: 0.00 W
Fan Duty: 50.21 %, Pump Duty: 50.21 %
Input Temp: 399.90 C, Output Temp: 399.41 C, Fluid Temp: 25.39 C, Power: 0.59 W
Fan Duty: 50.22 %, Pump Duty: 50.22 %
Input Temp: 400.39 C, Output Temp: 400.39 C, Fluid Temp: 24.41 C, Power: 0.00 W
Fan Duty: 50.21 %, Pump Duty: 50.21 %
Input Temp: 399.90 C, Output Temp: 399.41 C, Fluid Temp: 24.90 C, Power: 0.59 W
Fan Duty: 50.20 %, Pump Duty: 50.20 %
Input Temp: 399.90 C, Output Temp: 399.41 C, Fluid Temp: 24.41 C, Power: 0.59 W
Fan Duty: 50.19 %, Pump Duty: 50.19 %
[DATA] 220.0 | 400.0 | 400.0 | 25.0 | 18.0 | 0.0 | 0.0 | 0.0
Input Temp: 399.41 C, Output Temp: 399.41 C, Fluid Temp: 24.90 C, Power: 0.00 W
Fan Duty: 50.20 %, Pump Duty: 50.20 %
Input Temp: 399.90 C, Output Temp: 400.39 C, Fluid Temp: 24.41 C, Power: -0.59 W
Fan Duty: 50.19 %, Pump Duty: 50.19 %
Input Temp: 399.41 C, Output Temp: 399.90 C, Fluid Temp: 24.41 C, Power: -0.59 W
Fan Duty: 50.18 %, Pump Duty: 50.18 %
Input Temp: 399.90 C, Output Temp: 400.39 C, Fluid Temp: 24.90 C, Power: -0.59 W
Fan Duty: 50.17 %, Pump Duty: 50.17 %
Input Temp: 399.41 C, Output Temp: 400.39 C, Fluid Temp: 24.41 C, Power: -1.17 W
Fan Duty: 50.18 %, Pump Duty: 50.18 %
[DATA] 225.0 | 400.0 | 400.0 | 25.0 | 16.7 | 0.0 | 0.0 | 0.0
Input Temp: 399.90 C, Output Temp: 399.90 C, Fluid Temp: 24.41 C, Power: 0.00 W
Fan Duty: 50.19 %, Pump Duty: 50.19 %
Input Temp: 399.90 C, Output Temp: 399.90 C, Fluid Temp: 25.39 C, Power: 0.00 W
Fan Duty: 50.20 %, Pump Duty: 50.20 %
Input Temp: 399.41 C, Output Temp: 399.41 C, Fluid Temp: 24.41 C, Power: 0.00 W
Fan Duty: 50.21 %, Pump Duty: 50.21 %
Input Temp: 399.90 C, Output Temp: 399.90 C, Fluid Temp: 24.41 C, Power: 0.00 W
Fan Duty: 50.22 %, Pump Duty: 50.22 %
Input Temp: 399.41 C, Output Temp: 399.90 C, Fluid Temp: 25.39 C, Power: -0.59 W
Fan Duty: 50.21 %, Pump Duty: 50.21 %
[DATA] 230.0 | 400.0 | 400.0 | 25.0 | 15.4 | 0.0 | 0.0 | 0.0
Input Temp: 400.39 C, Output Temp: 399.41 C, Fluid Temp: 25.39 C, Power: 1.17 W
Fan Duty: 50.20 %, Pump Duty: 50.20 %
Input Temp: 400.39 C, Output Temp: 399.90 C, Fluid Temp: 24.41 C, Power: 0.59 W
Fan Duty: 50.21 %, Pump Duty: 50.21 %
Input Temp: 399.41 C, Output Temp: 399.90 C, Fluid Temp: 24.90 C, Power: -0.59 W
Fan Duty: 50.20 %, Pump Duty: 50.20 %
Input Temp: 400.39 C, Output Temp: 399.90 C, Fluid Temp: 24.41 C, Power: 0.59 W
Fan Duty: 50.19 %, Pump Duty: 50.19 %
Input Temp: 399.41 C, Output Temp: 400.39 C, Fluid Temp: 24.41 C, Power: -1.17 W
Fan Duty: 50.20 %, Pump Duty: 50.20 %
[DATA] 235.0 | 400.0 | 400.0 | 25.0 | 14.1 | 0.0 | 0.0 | 0.0
Input Temp: 399.41 C, Output Temp: 399.41 C, Fluid Temp: 24.41 C, Power: 0.00 W
Fan Duty: 50.21 %, Pump Duty: 50.21 %
Input Temp: 400.39 C, Output Temp: 399.90 C, Fluid Temp: 24.41 C, Power: 0.59 W
Fan Duty: 50.22 %, Pump Duty: 50.22 %
Input Temp: 400.39 C, Output Temp: 399.41 C, Fluid Temp: 24.41 C, Power: 1.17 W
Fan Duty: 50.23 %, Pump Duty: 50.23 %
Input Temp: 399.41 C, Output Temp: 399.90 C, Fluid Temp: 25.39 C, Power: -0.59 W
Fan Duty: 50.22 %, Pump Duty: 50.22 %
Input Temp: 399.41 C, Output Temp: 399.41 C, Fluid Temp: 24.90 C, Power: 0.00 W
Fan Duty: 50.21 %, Pump Duty: 50.21 %
[DATA] 240.0 | 400.0 | 400.0 | 25.0 | 12.9 | 0.0 | 0.0 | 0.0
Input Temp: 399.90 C, Output Temp: 400.39 C, Fluid Temp: 24.41 C, Power: -0.59 W
Fan Duty: 50.22 %, Pump Duty: 50.22 %
Input Temp: 399.41 C, Output Temp: 399.90 C, Fluid Temp: 24.90 C, Power: -0.59 W
Fan Duty: 50.23 %, Pump Duty: 50.23 %
Input Temp: 400.39 C, Output Temp: 399.90 C, Fluid Temp: 24.41 C, Power: 0.59 W
Fan Duty: 50.24 %, Pump Duty: 50.24 %
Input Temp: 400.39 C, Output Temp: 399.41 C, Fluid Temp: 24.41 C, Power: 1.17 W
Fan Duty: 50.25 %, Pump Duty: 50.25 %
Input Temp: 399.90 C, Output Temp: 399.90 C, Fluid Temp: 25.39 C, Power: 0.00 W
Fan Duty: 50.24 %, Pump Duty: 50.24 %
[DATA] 245.0 | 400.0 | 400.0 | 25.0 | 11.8 | 0.0 | 0.0 | 0.0
Input Temp: 400.39 C, Output Temp: 400.39 C, Fluid Temp: 24.90 C, Power: 0.00 W
Fan Duty: 50.23 %, Pump Duty: 50.23 %
Input Temp: 399.90 C, Output Temp: 399.90 C, Fluid Temp: 24.41 C, Power: 0.00 W
Fan Duty: 50.22 %, Pump Duty: 50.22 %
Input Temp: 400.39 C, Output Temp: 400.39 C, Fluid Temp: 25.39 C, Power: 0.00 W
Fan Duty: 50.21 %, Pump Duty: 50.21 %
Input Temp: 399.90 C, Output Temp: 399.90 C, Fluid Temp: 24.41 C, Power: 0.00 W
Fan Duty: 50.20 %, Pump Duty: 50.20 %
Input Temp: 400.39 C, Output Temp: 399.90 C, Fluid Temp: 24.90 C, Power: 0.59 W
Fan Duty: 50.19 %, Pump Duty: 50.19 %
[DATA] 250.0 | 400.0 | 400.0 | 25.0 | 10.8 | 0.0 | 0.0 | 0.0
Input Temp: 399.41 C, Output Temp: 400.39 C, Fluid Temp: 25.39 C, Power: -1.17 W
Fan Duty: 50.20 %, Pump Duty: 50.20 %
Input Temp: 400.39 C, Output Temp: 400.39 C, Fluid Temp: 25.39 C, Power: 0.00 W
Fan Duty: 50.21 %, Pump Duty: 50.21 %
Input Temp: 399.90 C, Output Temp: 399.90 C, Fluid Temp: 24.41 C, Power: 0.00 W
Fan Duty: 50.22 %, Pump Duty: 50.22 %
Input Temp: 400.39 C, Output Temp: 400.39 C, Fluid Temp: 25.39 C, Power: 0.00 W
Fan Duty: 50.23 %, Pump Duty: 50.23 %
Input Temp: 399.41 C, Output Temp: 400.39 C, Fluid Temp: 24.41 C, Power: -1.17 W
Fan Duty: 50.22 %, Pump Duty: 50.22 %
[DATA] 255.0 | 400.0 | 400.0 | 25.0 | 9.9 | 0.0 | 0.0 | 0.0
Input Temp: 399.41 C, Output Temp: 399.41 C, Fluid Temp: 25.39 C, Power: 0.00 W
Fan Duty: 50.21 %, Pump Duty: 50.21 %
Input Temp: 399.90 C, Output Temp: 400.39 C, Fluid Temp: 25.39 C, Power: -0.59 W
Fan Duty: 50.22 %, Pump Duty: 50.22 %
Input Temp: 400.39 C, Output Temp: 399.90 C, Fluid Temp: 24.41 C, Power: 0.59 W
Fan Duty: 50.23 %, Pump Duty: 50.23 %
Input Temp: 399.41 C, Output Temp: 400.39 C, Fluid Temp: 24.90 C, Power: -1.17 W
Fan Duty: 50.22 %, Pump Duty: 50.22 %
Input Temp: 399.41 C, Output Temp: 399.41 C, Fluid Temp: 24.90 C, Power: 0.00 W
Fan Duty: 50.21 %, Pump Duty: 50.21 %
[DATA] 260.0 | 400.0 | 400.0 | 25.0 | 9.1 | 0.0 | 0.0 | 0.0
Input Temp: 400.39 C, Output Temp: 399.90 C, Fluid Temp: 25.39 C, Power: 0.59 W
Fan Duty: 50.20 %, Pump Duty: 50.20 %
Input Temp: 399.90 C, Output Temp: 400.39 C, Fluid Temp: 25.39 C, Power: -0.59 W
Fan Duty: 50.21 %, Pump Duty: 50.21 %
Input Temp: 399.41 C, Output Temp: 399.41 C, Fluid Temp: 24.41 C, Power: 0.00 W
Fan Duty: 50.22 %, Pump Duty: 50.22 %
Input Temp: 399.90 C, Output Temp: 400.39 C, Fluid Temp: 25.39 C, Power: -0.59 W
Fan Duty: 50.21 %, Pump Duty: 50.21 %
Input Temp: 399.41 C, Output Temp: 399.90 C, Fluid Temp: 25.39 C, Power: -0.59 W
Fan Duty: 50.20 %, Pump Duty: 50.20 %
[DATA] 265.0 | 400.0 | 400.0 | 25.0 | 8.3 | 0.0 | 0.0 | 0.0
Input Temp: 400.39 C, Output Temp: 399.90 C, Fluid Temp: 25.39 C, Power: 0.59 W
Fan Duty: 50.19 %, Pump Duty: 50.19 %
Input Temp: 399.90 C, Output Temp: 399.41 C, Fluid Temp: 25.39 C, Power: 0.59 W
Fan Duty: 50.18 %, Pump Duty: 50.18 %
Input Temp: 400.39 C, Output Temp: 399.41 C, Fluid Temp: 24.41 C, Power: 1.17 W
Fan Duty: 50.17 %, Pump Duty: 50.17 %
Input Temp: 400.39 C, Output Temp: 399.41 C, Fluid Temp: 24.90 C, Power: 1.17 W
Fan Duty: 50.16 %, Pump Duty: 50.16 %
Input Temp: 399.41 C, Output Temp: 399.90 C, Fluid Temp: 24.90 C, Power: -0.59 W
Fan Duty: 50.17 %, Pump Duty: 50.17 %
[DATA] 270.0 | 400.0 | 400.0 | 25.0 | 7.7 | 0.0 | 0.0 | 0.0
Input Temp: 400.39 C, Output Temp: 400.39 C, Fluid Temp: 24.90 C, Power: 0.00 W
Fan Duty: 50.18 %, Pump Duty: 50.18 %
Input Temp: 400.39 C, Output Temp: 399.41 C, Fluid Temp: 24.90 C, Power: 1.17 W
Fan Duty: 50.19 %, Pump Duty: 50.19 %
Input Temp: 400.39 C, Output Temp: 400.39 C, Fluid Temp: 25.39 C, Power: 0.00 W
Fan Duty: 50.18 %, Pump Duty: 50.18 %
Input Temp: 399.41 C, Output Temp: 400.39 C, Fluid Temp: 25.39 C, Power: -1.17 W
Fan Duty: 50.19 %, Pump Duty: 50.19 %
Input Temp: 399.90 C, Output Temp: 400.39 C, Fluid Temp: 24.90 C, Power: -0.59 W
Fan Duty: 50.20 %, Pump Duty: 50.20 %
[DATA] 275.0 | 400.0 | 400.0 | 25.0 | 7.3 | 0.0 | 0.0 | 0.0
Input Temp: 399.90 C, Output Temp: 399.90 C, Fluid Temp: 24.41 C, Power: 0.00 W
Fan Duty: 50.21 %, Pump Duty: 50.21 %
Input Temp: 400.39 C, Output Temp: 399.90 C, Fluid Temp: 24.41 C, Power: 0.59 W
Fan Duty: 50.22 %, Pump Duty: 50.22 %
Input Temp: 400.39 C, Output Temp: 400.39 C, Fluid Temp: 24.90 C, Power: 0.00 W
Fan Duty: 50.21 %, Pump Duty: 50.21 %
Input Temp: 400.39 C, Output Temp: 400.39 C, Fluid Temp: 24.41 C, Power: 0.00 W
Fan Duty: 50.20 %, Pump Duty: 50.20 %
Input Temp: 399.90 C, Output Temp: 400.39 C, Fluid Temp: 24.90 C, Power: -0.59 W
Fan Duty: 50.21 %, Pump Duty: 50.21 %
[DATA] 280.0 | 400.0 | 400.0 | 25.0 | 6.9 | 0.0 | 0.0 | 0.0
Input Temp: 400.39 C, Output Temp: 399.90 C, Fluid Temp: 24.41 C, Power: 0.59 W
Fan Duty: 50.22 %, Pump Duty: 50.22 %
Input Temp: 399.90 C, Output Temp: 399.41 C, Fluid Temp: 24.90 C, Power: 0.59 W
Fan Duty: 50.23 %, Pump Duty: 50.23 %
Input Temp: 399.41 C, Output Temp: 400.39 C, Fluid Temp: 24.41 C, Power: -1.17 W
Fan Duty: 50.22 %, Pump Duty: 50.22 %
Input Temp: 399.90 C, Output Temp: 399.41 C, Fluid Temp: 24.41 C, Power: 0.59 W
Fan Duty: 50.21 %, Pump Duty: 50.21 %
Input Temp: 400.39 C, Output Temp: 399.90 C, Fluid Temp: 25.39 C, Power: 0.59 W
Fan Duty: 50.20 %, Pump Duty: 50.20 %
[DATA] 285.0 | 400.0 | 400.0 | 25.0 | 6.7 | 0.0 | 0.0 | 0.0
Input Temp: 399.41 C, Output Temp: 400.39 C, Fluid Temp: 24.90 C, Power: -1.17 W
Fan Duty: 50.21 %, Pump Duty: 50.21 %
Input Temp: 400.39 C, Output Temp: 400.39 C, Fluid Temp: 24.90 C, Power: 0.00 W
Fan Duty: 50.22 %, Pump Duty: 50.22 %
Input Temp: 400.39 C, Output Temp: 400.39 C, Fluid Temp: 24.90 C, Power: 0.00 W
Fan Duty: 50.23 %, Pump Duty: 50.23 %
Input Temp: 399.90 C, Output Temp: 400.39 C, Fluid Temp: 24.90 C, Power: -0.59 W
Fan Duty: 50.22 %, Pump Duty: 50.22 %
Input Temp: 400.39 C, Output Temp: 399.41 C, Fluid Temp: 24.41 C, Power: 1.17 W
Fan Duty: 50.21 %, Pump Duty: 50.21 %
[DATA] 290.0 | 400.0 | 400.0 | 25.0 | 6.6 | 0.0 | 0.0 | 0.0
Input Temp: 399.41 C, Output Temp: 400.39 C, Fluid Temp: 25.39 C, Power: -1.17 W
Fan Duty: 50.22 %, Pump Duty: 50.22 %
Input Temp: 399.41 C, Output Temp: 399.41 C, Fluid Temp: 24.90 C, Power: 0.00 W
Fan Duty: 50.23 %, Pump Duty: 50.23 %
Input Temp: 399.90 C, Output Temp: 400.39 C, Fluid Temp: 24.41 C, Power: -0.59 W
Fan Duty: 50.22 %, Pump Duty: 50.22 %
Input Temp: 399.90 C, Output Temp: 399.90 C, Fluid Temp: 25.39 C, Power: 0.00 W
Fan Duty: 50.21 %, Pump Duty: 50.21 %
Input Temp: 399.90 C, Output Temp: 399.41 C, Fluid Temp: 25.39 C, Power: 0.59 W
Fan Duty: 50.20 %, Pump Duty: 50.20 %
[DATA] 295.0 | 400.0 | 400.0 | 25.0 | 6.7 | 0.0 | 0.0 | 0.0
Input Temp: 399.90 C, Output Temp: 399.90 C, Fluid Temp: 25.39 C, Power: 0.00 W
Fan Duty: 50.21 %, Pump Duty: 50.21 %
Input Temp: 399.90 C, Output Temp: 399.90 C, Fluid Temp: 25.39 C, Power: 0.00 W
Fan Duty: 50.22 %, Pump Duty: 50.22 %
Input Temp: 400.39 C, Output Temp: 399.90 C, Fluid Temp: 25.39 C, Power: 0.59 W
Fan Duty: 50.23 %, Pump Duty: 50.23 %
Input Temp: 399.41 C, Output Temp: 400.39 C, Fluid Temp: 25.39 C, Power: -1.17 W
Fan Duty: 50.22 %, Pump Duty: 50.22 %
Input Temp: 450.20 C, Output Temp: 449.71 C, Fluid Temp: 24.41 C, Power: 0.59 W
Fan Duty: 50.21 %, Pump Duty: 50.21 %
[DATA] 300.0 | 450.0 | 450.0 | 25.0 | 6.8 | 0.0 | 0.0 | 0.0
Input Temp: 449.22 C, Output Temp: 449.22 C, Fluid Temp: 24.41 C, Power: 0.00 W
Fan Duty: 50.22 %, Pump Duty: 50.22 %
Input Temp: 449.22 C, Output Temp: 449.22 C, Fluid Temp: 24.41 C, Power: 0.00 W
Fan Duty: 50.23 %, Pump Duty: 50.23 %
Input Temp: 449.71 C, Output Temp: 449.22 C, Fluid Temp: 24.41 C, Power: 0.59 W
Fan Duty: 50.24 %, Pump Duty: 50.24 %
Input Temp: 450.20 C, Output Temp: 449.22 C, Fluid Temp: 25.39 C, Power: 1.17 W
Fan Duty: 50.25 %, Pump Duty: 50.25 %
Input Temp: 450.20 C, Output Temp: 449.22 C, Fluid Temp: 25.39 C, Power: 1.17 W
Fan Duty: 50.26 %, Pump Duty: 50.26 %
[DATA] 305.0 | 450.0 | 450.0 | 25.0 | 7.1 | 0.0 | 0.0 | 0.0
Input Temp: 449.71 C, Output Temp: 449.22 C, Fluid Temp: 25.39 C, Power: 0.59 W
Fan Duty: 50.25 %, Pump Duty: 50.25 %
Input Temp: 450.20 C, Output Temp: 450.20 C, Fluid Temp: 25.39 C, Power: 0.00 W
Fan Duty: 50.26 %, Pump Duty: 50.26 %
Input Temp: 449.22 C, Output Temp: 449.71 C, Fluid Temp: 24.90 C, Power: -0.59 W
Fan Duty: 50.25 %, Pump Duty: 50.25 %
Input Temp: 450.20 C, Output Temp: 449.71 C, Fluid Temp: 24.41 C, Power: 0.59 W
Fan Duty: 50.24 %, Pump Duty: 50.24 %
Input Temp: 449.22 C, Output Temp: 450.20 C, Fluid Temp: 24.41 C, Power: -1.17 W
Fan Duty: 50.25 %, Pump Duty: 50.25 %
[DATA] 310.0 | 450.0 | 450.0 | 25.0 | 7.2 | 0.0 | 0.0 | 0.0
Input Temp: 450.20 C, Output Temp: 449.22 C, Fluid Temp: 25.39 C, Power: 1.17 W
Fan Duty: 50.26 %, Pump Duty: 50.26 %
Input Temp: 449.22 C, Output Temp: 449.71 C, Fluid Temp: 24.90 C, Power: -0.59 W
Fan Duty: 50.25 %, Pump Duty: 50.25 %
Input Temp: 450.20 C, Output Temp: 449.71 C, Fluid Temp: 24.41 C, Power: 0.59 W
Fan Duty: 50.24 %, Pump Duty: 50.24 %
Input Temp: 449.71 C, Output Temp: 450.20 C, Fluid Temp: 24.41 C, Power: -0.59 W
Fan Duty: 50.25 %, Pump Duty: 50.25 %
Input Temp: 450.20 C, Output Temp: 449.71 C, Fluid Temp: 24.41 C, Power: 0.59 W
Fan Duty: 50.26 %, Pump Duty: 50.26 %
[DATA] 315.0 | 450.0 | 450.0 | 25.0 | 7.4 | 0.0 | 0.0 | 0.0
Input Temp: 450.20 C, Output Temp: 449.71 C, Fluid Temp: 25.39 C, Power: 0.59 W
Fan Duty: 50.27 %, Pump Duty: 50.27 %
Input Temp: 449.71 C, Output Temp: 449.22 C, Fluid Temp: 24.90 C, Power: 0.59 W
Fan Duty: 50.28 %, Pump Duty: 50.28 %
Input Temp: 450.20 C, Output Temp: 449.71 C, Fluid Temp: 24.90 C, Power: 0.59 W
Fan Duty: 50.29 %, Pump Duty: 50.29 %
Input Temp: 449.71 C, Output Temp: 449.22 C, Fluid Temp: 25.39 C, Power: 0.59 W
Fan Duty: 50.30 %, Pump Duty: 50.30 %
Input Temp: 450.20 C, Output Temp: 449.71 C, Fluid Temp: 24.90 C, Power: 0.59 W
Fan Duty: 50.31 %, Pump Duty: 50.31 %
[DATA] 320.0 | 450.0 | 450.0 | 25.0 | 7.6 | 0.0 | 0.0 | 0.0
Input Temp: 449.71 C, Output Temp: 449.71 C, Fluid Temp: 24.41 C, Power: 0.00 W
Fan Duty: 50.30 %, Pump Duty: 50.30 %
Input Temp: 450.20 C, Output Temp: 449.71 C, Fluid Temp: 25.39 C, Power: 0.59 W
Fan Duty: 50.29 %, Pump Duty: 50.29 %
Input Temp: 449.22 C, Output Temp: 449.22 C, Fluid Temp: 25.39 C, Power: 0.00 W
Fan Duty: 50.30 %, Pump Duty: 50.30 %
Input Temp: 449.22 C, Output Temp: 450.20 C, Fluid Temp: 25.39 C, Power: -1.17 W
Fan Duty: 50.29 %, Pump Duty: 50.29 %
Input Temp: 449.22 C, Output Temp: 449.22 C, Fluid Temp: 24.90 C, Power: 0.00 W
Fan Duty: 50.28 %, Pump Duty: 50.28 %
[DATA] 325.0 | 450.0 | 450.0 | 25.0 | 7.8 | 0.0 | 0.0 | 0.0
Input Temp: 449.71 C, Output Temp: 450.20 C, Fluid Temp: 25.39 C, Power: -0.59 W
Fan Duty: 50.29 %, Pump Duty: 50.29 %
Input Temp: 450.20 C, Output Temp: 449.22 C, Fluid Temp: 24.90 C, Power: 1.17 W
Fan Duty: 50.30 %, Pump Duty: 50.30 %
Input Temp: 449.71 C, Output Temp: 450.20 C, Fluid Temp: 24.90 C, Power: -0.59 W
Fan Duty: 50.29 %, Pump Duty: 50.29 %
Input Temp: 449.22 C, Output Temp: 449.22 C, Fluid Temp: 24.41 C, Power: 0.00 W
Fan Duty: 50.28 %, Pump Duty: 50.28 %
Input Temp: 450.20 C, Output Temp: 450.20 C, Fluid Temp: 25.39 C, Power: 0.00 W
Fan Duty: 50.27 %, Pump Duty: 50.27 %
[DATA] 330.0 | 450.0 | 450.0 | 25.0 | 7.9 | 0.0 | 0.0 | 0.0
Input Temp: 449.22 C, Output Temp: 450.20 C, Fluid Temp: 25.39 C, Power: -1.17 W
Fan Duty: 50.28 %, Pump Duty: 50.28 %
Input Temp: 450.20 C, Output Temp: 450.20 C, Fluid Temp: 25.39 C, Power: 0.00 W
Fan Duty: 50.29 %, Pump Duty: 50.29 %
Input Temp: 449.71 C, Output Temp: 449.22 C, Fluid Temp: 25.39 C, Power: 0.59 W
Fan Duty: 50.30 %, Pump Duty: 50.30 %
Input Temp: 450.20 C, Output Temp: 450.20 C, Fluid Temp: 24.90 C, Power: 0.00 W
Fan Duty: 50.29 %, Pump Duty: 50.29 %
Input Temp: 450.20 C, Output Temp: 450.20 C, Fluid Temp: 25.39 C, Power: 0.00 W
Fan Duty: 50.28 %, Pump Duty: 50.28 %
[DATA] 335.0 | 450.0 | 450.0 | 25.0 | 8.1 | 0.0 | 0.0 | 0.0
Input Temp: 449.71 C, Output Temp: 449.71 C, Fluid Temp: 25.39 C, Power: 0.00 W
Fan Duty: 50.27 %, Pump Duty: 50.27 %
Input Temp: 449.71 C, Output Temp: 449.22 C, Fluid Temp: 24.41 C, Power: 0.59 W
Fan Duty: 50.26 %, Pump Duty: 50.26 %
Input Temp: 449.22 C, Output Temp: 449.22 C, Fluid Temp: 24.41 C, Power: 0.00 W
Fan Duty: 50.27 %, Pump Duty: 50.27 %
Input Temp: 450.20 C, Output Temp: 449.22 C, Fluid Temp: 24.90 C, Power: 1.17 W
Fan Duty: 50.28 %, Pump Duty: 50.28 %
Input Temp: 449.22 C, Output Temp: 449.71 C, Fluid Temp: 25.39 C, Power: -0.59 W
Fan Duty: 50.27 %, Pump Duty: 50.27 %
[DATA] 340.0 | 450.0 | 450.0 | 25.0 | 8.2 | 0.0 | 0.0 | 0.0
Input Temp: 449.71 C, Output Temp: 450.20 C, Fluid Temp: 24.90 C, Power: -0.59 W
Fan Duty: 50.26 %, Pump Duty: 50.26 %
Input Temp: 450.20 C, Output Temp: 449.22 C, Fluid Temp: 24.90 C, Power: 1.17 W
Fan Duty: 50.25 %, Pump Duty: 50.25 %
Input Temp: 450.20 C, Output Temp: 449.71 C, Fluid Temp: 25.39 C, Power: 0.59 W
Fan Duty: 50.26 %, Pump Duty: 50.26 %
Input Temp: 449.22 C, Output Temp: 450.20 C, Fluid Temp: 24.90 C, Power: -1.17 W
Fan Duty: 50.25 %, Pump Duty: 50.25 %
Input Temp: 450.20 C, Output Temp: 450.20 C, Fluid Temp: 24.90 C, Power: 0.00 W
Fan Duty: 50.24 %, Pump Duty: 50.24 %
[DATA] 345.0 | 450.0 | 450.0 | 25.0 | 8.4 | 0.0 | 0.0 | 0.0
Input Temp: 450.20 C, Output Temp: 450.20 C, Fluid Temp: 24.90 C, Power: 0.00 W
Fan Duty: 50.23 %, Pump Duty: 50.23 %
Input Temp: 449.71 C, Output Temp: 450.20 C, Fluid Temp: 24.41 C, Power: -0.59 W
Fan Duty: 50.24 %, Pump Duty: 50.24 %
Input Temp: 449.71 C, Output Temp: 450.20 C, Fluid Temp: 24.41 C, Power: -0.59 W
Fan Duty: 50.25 %, Pump Duty: 50.25 %
Input Temp: 449.22 C, Output Temp: 450.20 C, Fluid Temp: 25.39 C, Power: -1.17 W
Fan Duty: 50.24 %, Pump Duty: 50.24 %
Input Temp: 449.22 C, Output Temp: 449.71 C, Fluid Temp: 25.39 C, Power: -0.59 W
Fan Duty: 50.23 %, Pump Duty: 50.23 %
[DATA] 350.0 | 450.0 | 450.0 | 25.0 | 8.5 | 0.0 | 0.0 | 0.0
Input Temp: 449.71 C, Output Temp: 450.20 C, Fluid Temp: 24.90 C, Power: -0.59 W
Fan Duty: 50.22 %, Pump Duty: 50.22 %
Input Temp: 449.71 C, Output Temp: 449.22 C, Fluid Temp: 24.90 C, Power: 0.59 W
Fan Duty: 50.21 %, Pump Duty: 50.21 %
Input Temp: 450.20 C, Output Temp: 449.22 C, Fluid Temp: 24.90 C, Power: 1.17 W
Fan Duty: 50.20 %, Pump Duty: 50.20 %
Input Temp: 449.71 C, Output Temp: 449.22 C, Fluid Temp: 25.39 C, Power: 0.59 W
Fan Duty: 50.21 %, Pump Duty: 50.21 %
Input Temp: 449.71 C, Output Temp: 450.20 C, Fluid Temp: 24.90 C, Power: -0.59 W
Fan Duty: 50.20 %, Pump Duty: 50.20 %
[DATA] 355.0 | 450.0 | 450.0 | 25.0 | 8.6 | 0.0 | 0.0 | 0.0
Input Temp: 449.22 C, Output Temp: 449.71 C, Fluid Temp: 25.39 C, Power: -0.59 W
Fan Duty: 50.19 %, Pump Duty: 50.19 %
Input Temp: 449.22 C, Output Temp: 450.20 C, Fluid Temp: 24.41 C, Power: -1.17 W
Fan Duty: 50.20 %, Pump Duty: 50.20 %
Input Temp: 450.20 C, Output Temp: 450.20 C, Fluid Temp: 24.41 C, Power: 0.00 W
Fan Duty: 50.21 %, Pump Duty: 50.21 %
Input Temp: 450.20 C, Output Temp: 450.20 C, Fluid Temp: 25.39 C, Power: 0.00 W
Fan Duty: 50.22 %, Pump Duty: 50.22 %
Input Temp: 450.20 C, Output Temp: 449.22 C, Fluid Temp: 24.41 C, Power: 1.17 W
Fan Duty: 50.23 %, Pump Duty: 50.23 %
[DATA] 360.0 | 450.0 | 450.0 | 25.0 | 8.7 | 0.0 | 0.0 | 0.0
Input Temp: 450.20 C, Output Temp: 450.20 C, Fluid Temp: 24.90 C, Power: 0.00 W
Fan Duty: 50.22 %, Pump Duty: 50.22 %
Input Temp: 449.71 C, Output Temp: 450.20 C, Fluid Temp: 24.41 C, Power: -0.59 W
Fan Duty: 50.23 %, Pump Duty: 50.23 %
Input Temp: 449.71 C, Output Temp: 449.71 C, Fluid Temp: 24.90 C, Power: 0.00 W
Fan Duty: 50.24 %, Pump Duty: 50.24 %
Input Temp: 450.20 C, Output Temp: 450.20 C, Fluid Temp: 24.41 C, Power: 0.00 W
Fan Duty: 50.25 %, Pump Duty: 50.25 %
Input Temp: 450.20 C, Output Temp: 449.71 C, Fluid Temp: 25.39 C, Power: 0.59 W
Fan Duty: 50.26 %, Pump Duty: 50.26 %
[DATA] 365.0 | 450.0 | 450.0 | 25.0 | 8.9 | 0.0 | 0.0 | 0.0
Input Temp: 450.20 C, Output Temp: 449.22 C, Fluid Temp: 24.90 C, Power: 1.17 W
Fan Duty: 50.27 %, Pump Duty: 50.27 %
Input Temp: 450.20 C, Output Temp: 449.22 C, Fluid Temp: 24.41 C, Power: 1.17 W
Fan Duty: 50.28 %, Pump Duty: 50.28 %
Input Temp: 450.20 C, Output Temp: 449.71 C, Fluid Temp: 24.90 C, Power: 0.59 W
Fan Duty: 50.27 %, Pump Duty: 50.27 %
Input Temp: 449.22 C, Output Temp: 449.22 C, Fluid Temp: 24.41 C, Power: 0.00 W
Fan Duty: 50.28 %, Pump Duty: 50.28 %
Input Temp: 450.20 C, Output Temp: 449.22 C, Fluid Temp: 24.90 C, Power: 1.17 W
Fan Duty: 50.29 %, Pump Duty: 50.29 %
[DATA] 370.0 | 450.0 | 450.0 | 25.0 | 9.0 | 0.0 | 0.0 | 0.0
Input Temp: 449.71 C, Output Temp: 449.22 C, Fluid Temp: 25.39 C, Power: 0.59 W
Fan Duty: 50.28 %, Pump Duty: 50.28 %
Input Temp: 449.22 C, Output Temp: 449.22 C, Fluid Temp: 25.39 C, Power: 0.00 W
Fan Duty: 50.29 %, Pump Duty: 50.29 %
Input Temp: 449.71 C, Output Temp: 449.71 C, Fluid Temp: 24.90 C, Power: 0.00 W
Fan Duty: 50.30 %, Pump Duty: 50.30 %
Input Temp: 449.71 C, Output Temp: 449.22 C, Fluid Temp: 24.41 C, Power: 0.59 W
Fan Duty: 50.31 %, Pump Duty: 50.31 %
Input Temp: 449.71 C, Output Temp: 449.22 C, Fluid Temp: 24.41 C, Power: 0.59 W
Fan Duty: 50.32 %, Pump Duty: 50.32 %
[DATA] 375.0 | 450.0 | 450.0 | 25.0 | 9.1 | 0.0 | 0.0 | 0.0
Input Temp: 449.71 C, Output Temp: 450.20 C, Fluid Temp: 24.41 C, Power: -0.59 W
Fan Duty: 50.31 %, Pump Duty: 50.31 %
Input Temp: 449.22 C, Output Temp: 449.22 C, Fluid Temp: 25.39 C, Power: 0.00 W
Fan Duty: 50.30 %, Pump Duty: 50.30 %
Input Temp: 449.22 C, Output Temp: 449.22 C, Fluid Temp: 25.39 C, Power: 0.00 W
Fan Duty: 50.29 %, Pump Duty: 50.29 %
Input Temp: 449.71 C, Output Temp: 450.20 C, Fluid Temp: 24.90 C, Power: -0.59 W
Fan Duty: 50.30 %, Pump Duty: 50.30 %
Input Temp: 450.20 C, Output Temp: 449.71 C, Fluid Temp: 25.39 C, Power: 0.59 W
Fan Duty: 50.31 %, Pump Duty: 50.31 %
[DATA] 380.0 | 450.0 | 450.0 | 25.0 | 9.2 | 0.0 | 0.0 | 0.0
Input Temp: 449.22 C, Output Temp: 449.22 C, Fluid Temp: 24.41 C, Power: 0.00 W
Fan Duty: 50.30 %, Pump Duty: 50.30 %
Input Temp: 449.22 C, Output Temp: 449.22 C, Fluid Temp: 24.90 C, Power: 0.00 W
Fan Duty: 50.29 %, Pump Duty: 50.29 %
Input Temp: 449.71 C, Output Temp: 449.71 C, Fluid Temp: 24.41 C, Power: 0.00 W
Fan Duty: 50.28 %, Pump Duty: 50.28 %
Input Temp: 450.20 C, Output Temp: 449.22 C, Fluid Temp: 25.39 C, Power: 1.17 W
Fan Duty: 50.27 %, Pump Duty: 50.27 %
Input Temp: 449.71 C, Output Temp: 450.20 C, Fluid Temp: 25.39 C, Power: -0.59 W
Fan Duty: 50.28 %, Pump Duty: 50.28 %
[DATA] 385.0 | 450.0 | 450.0 | 25.0 | 9.3 | 0.0 | 0.0 | 0.0
Input Temp: 449.71 C, Output Temp: 449.22 C, Fluid Temp: 24.90 C, Power: 0.59 W
Fan Duty: 50.29 %, Pump Duty: 50.29 %
Input Temp: 450.20 C, Output Temp: 449.22 C, Fluid Temp: 25.39 C, Power: 1.17 W
Fan Duty: 50.30 %, Pump Duty: 50.30 %
Input Temp: 450.20 C, Output Temp: 449.71 C, Fluid Temp: 24.41 C, Power: 0.59 W
Fan Duty: 50.29 %, Pump Duty: 50.29 %
Input Temp: 449.71 C, Output Temp: 449.71 C, Fluid Temp: 24.41 C, Power: 0.00 W
Fan Duty: 50.30 %, Pump Duty: 50.30 %
Input Temp: 449.71 C, Output Temp: 449.71 C, Fluid Temp: 24.41 C, Power: 0.00 W
Fan Duty: 50.31 %, Pump Duty: 50.31 %
[DATA] 390.0 | 450.0 | 450.0 | 25.0 | 9.3 | 0.0 | 0.0 | 0.0
Input Temp: 449.71 C, Output Temp: 449.22 C, Fluid Temp: 24.41 C, Power: 0.59 W
Fan Duty: 50.32 %, Pump Duty: 50.32 %
Input Temp: 450.20 C, Output Temp: 449.71 C, Fluid Temp: 24.41 C, Power: 0.59 W
Fan Duty: 50.33 %, Pump Duty: 50.33 %
Input Temp: 449.22 C, Output Temp: 449.22 C, Fluid Temp: 24.90 C, Power: 0.00 W
Fan Duty: 50.32 %, Pump Duty: 50.32 %
Input Temp: 449.22 C, Output Temp: 450.20 C, Fluid Temp: 25.39 C, Power: -1.17 W
Fan Duty: 50.33 %, Pump Duty: 50.33 %
Input Temp: 449.71 C, Output Temp: 449.71 C, Fluid Temp: 25.39 C, Power: 0.00 W
Fan Duty: 50.34 %, Pump Duty: 50.34 %
[DATA] 395.0 | 450.0 | 450.0 | 25.0 | 9.4 | 0.0 | 0.0 | 0.0
Input Temp: 449.22 C, Output Temp: 449.71 C, Fluid Temp: 25.39 C, Power: -0.59 W
Fan Duty: 50.33 %, Pump Duty: 50.33 %
Input Temp: 450.20 C, Output Temp: 450.20 C, Fluid Temp: 24.90 C, Power: 0.00 W
Fan Duty: 50.32 %, Pump Duty: 50.32 %
Input Temp: 449.71 C, Output Temp: 449.71 C, Fluid Temp: 25.39 C, Power: 0.00 W
Fan Duty: 50.31 %, Pump Duty: 50.31 %
Input Temp: 449.22 C, Output Temp: 449.22 C, Fluid Temp: 24.90 C, Power: 0.00 W
Fan Duty: 50.30 %, Pump Duty: 50.30 %
Input Temp: 449.71 C, Output Temp: 449.71 C, Fluid Temp: 24.90 C, Power: 0.00 W
Fan Duty: 50.29 %, Pump Duty: 50.29 %
[DATA] 400.0 | 450.0 | 450.0 | 25.0 | 9.5 | 0.0 | 0.0 | 0.0
Input Temp: 450.20 C, Output Temp: 450.20 C, Fluid Temp: 24.90 C, Power: 0.00 W
Fan Duty: 50.28 %, Pump Duty: 50.28 %
Input Temp: 449.22 C, Output Temp: 449.71 C, Fluid Temp: 24.41 C, Power: -0.59 W
Fan Duty: 50.29 %, Pump Duty: 50.29 %
Input Temp: 449.22 C, Output Temp: 449.22 C, Fluid Temp: 24.41 C, Power: 0.00 W
Fan Duty: 50.30 %, Pump Duty: 50.30 %
Input Temp: 449.71 C, Output Temp: 450.20 C, Fluid Temp: 25.39 C, Power: -0.59 W
Fan Duty: 50.29 %, Pump Duty: 50.29 %
Input Temp: 450.20 C, Output Temp: 449.71 C, Fluid Temp: 24.41 C, Power: 0.59 W
Fan Duty: 50.28 %, Pump Duty: 50.28 %
[DATA] 405.0 | 450.0 | 450.0 | 25.0 | 9.6 | 0.0 | 0.0 | 0.0
Input Temp: 449.22 C, Output Temp: 449.22 C, Fluid Temp: 24.90 C, Power: 0.00 W
Fan Duty: 50.29 %, Pump Duty: 50.29 %
Input Temp: 449.22 C, Output Temp: 450.20 C, Fluid Temp: 25.39 C, Power: -1.17 W
Fan Duty: 50.28 %, Pump Duty: 50.28 %
Input Temp: 449.71 C, Output Temp: 449.22 C, Fluid Temp: 24.41 C, Power: 0.59 W
Fan Duty: 50.27 %, Pump Duty: 50.27 %
Input Temp: 449.71 C, Output Temp: 450.20 C, Fluid Temp: 24.41 C, Power: -0.59 W
Fan Duty: 50.28 %, Pump Duty: 50.28 %
Input Temp: 449.71 C, Output Temp: 449.22 C, Fluid Temp: 24.90 C, Power: 0.59 W
Fan Duty: 50.29 %, Pump Duty: 50.29 %
[DATA] 410.0 | 450.0 | 450.0 | 25.0 | 9.7 | 0.0 | 0.0 | 0.0
Input Temp: 449.71 C, Output Temp: 449.71 C, Fluid Temp: 24.90 C, Power: 0.00 W
Fan Duty: 50.28 %, Pump Duty: 50.28 %
Input Temp: 449.71 C, Output Temp: 449.22 C, Fluid Temp: 25.39 C, Power: 0.59 W
Fan Duty: 50.27 %, Pump Duty: 50.27 %
Input Temp: 450.20 C, Output Temp: 450.20 C, Fluid Temp: 24.41 C, Power: 0.00 W
Fan Duty: 50.28 %, Pump Duty: 50.28 %
Input Temp: 450.20 C, Output Temp: 449.71 C, Fluid Temp: 25.39 C, Power: 0.59 W
Fan Duty: 50.29 %, Pump Duty: 50.29 %
Input Temp: 450.20 C, Output Temp: 449.71 C, Fluid Temp: 25.39 C, Power: 0.59 W
Fan Duty: 50.30 %, Pump Duty: 50.30 %
[DATA] 415.0 | 450.0 | 450.0 | 25.0 | 9.7 | 0.0 | 0.0 | 0.0
Input Temp: 450.20 C, Output Temp: 449.71 C, Fluid Temp: 24.90 C, Power: 0.59 W
Fan Duty: 50.31 %, Pump Duty: 50.31 %
Input Temp: 449.22 C, Output Temp: 449.71 C, Fluid Temp: 25.39 C, Power: -0.59 W
Fan Duty: 50.30 %, Pump Duty: 50.30 %
Input Temp: 449.22 C, Output Temp: 449.71 C, Fluid Temp: 24.90 C, Power: -0.59 W
Fan Duty: 50.29 %, Pump Duty: 50.29 %
Input Temp: 449.22 C, Output Temp: 449.71 C, Fluid Temp: 24.41 C, Power: -0.59 W
Fan Duty: 50.28 %, Pump Duty: 50.28 %
Input Temp: 450.20 C, Output Temp: 450.20 C, Fluid Temp: 24.41 C, Power: 0.00 W
Fan Duty: 50.27 %, Pump Duty: 50.27 %
[DATA] 420.0 | 450.0 | 450.0 | 25.0 | 9.8 | 0.0 | 0.0 | 0.0
Input Temp: 450.20 C, Output Temp: 449.71 C, Fluid Temp: 25.39 C, Power: 0.59 W
Fan Duty: 50.26 %, Pump Duty: 50.26 %
Input Temp: 449.22 C, Output Temp: 450.20 C, Fluid Temp: 24.41 C, Power: -1.17 W
Fan Duty: 50.27 %, Pump Duty: 50.27 %
Input Temp: 449.71 C, Output Temp: 449.22 C, Fluid Temp: 25.39 C, Power: 0.59 W
Fan Duty: 50.28 %, Pump Duty: 50.28 %
Input Temp: 449.71 C, Output Temp: 449.22 C, Fluid Temp: 25.39 C, Power: 0.59 W
Fan Duty: 50.29 %, Pump Duty: 50.29 %
Input Temp: 449.22 C, Output Temp: 449.22 C, Fluid Temp: 24.41 C, Power: 0.00 W
Fan Duty: 50.28 %, Pump Duty: 50.28 %
[DATA] 425.0 | 450.0 | 450.0 | 25.0 | 9.8 | 0.0 | 0.0 | 0.0
Input Temp: 449.71 C, Output Temp: 450.20 C, Fluid Temp: 25.39 C, Power: -0.59 W
Fan Duty: 50.29 %, Pump Duty: 50.29 %
Input Temp: 449.71 C, Output Temp: 450.20 C, Fluid Temp: 24.90 C, Power: -0.59 W
Fan Duty: 50.30 %, Pump Duty: 50.30 %
Input Temp: 450.20 C, Output Temp: 450.20 C, Fluid Temp: 24.41 C, Power: 0.00 W
Fan Duty: 50.31 %, Pump Duty: 50.31 %
Input Temp: 449.22 C, Output Temp: 449.22 C, Fluid Temp: 24.41 C, Power: 0.00 W
Fan Duty: 50.32 %, Pump Duty: 50.32 %
Input Temp: 449.71 C, Output Temp: 449.71 C, Fluid Temp: 24.90 C, Power: 0.00 W
Fan Duty: 50.33 %, Pump Duty: 50.33 %
[DATA] 430.0 | 450.0 | 450.0 | 25.0 | 9.9 | 0.0 | 0.0 | 0.0
Input Temp: 449.71 C, Output Temp: 449.71 C, Fluid Temp: 24.41 C, Power: 0.00 W
Fan Duty: 50.34 %, Pump Duty: 50.34 %
Input Temp: 450.20 C, Output Temp: 449.22 C, Fluid Temp: 24.90 C, Power: 1.17 W
Fan Duty: 50.35 %, Pump Duty: 50.35 %
Input Temp: 449.71 C, Output Temp: 450.20 C, Fluid Temp: 24.41 C, Power: -0.59 W
Fan Duty: 50.34 %, Pump Duty: 50.34 %
Input Temp: 450.20 C, Output Temp: 450.20 C, Fluid Temp: 25.39 C, Power: 0.00 W
Fan Duty: 50.33 %, Pump Duty: 50.33 %
Input Temp: 450.20 C, Output Temp: 449.71 C, Fluid Temp: 24.90 C, Power: 0.59 W
Fan Duty: 50.32 %, Pump Duty: 50.32 %
[DATA] 435.0 | 450.0 | 450.0 | 25.0 | 10.0 | 0.0 | 0.0 | 0.0
Input Temp: 449.71 C, Output Temp: 450.20 C, Fluid Temp: 24.90 C, Power: -0.59 W
Fan Duty: 50.33 %, Pump Duty: 50.33 %
Input Temp: 450.20 C, Output Temp: 449.71 C, Fluid Temp: 24.90 C, Power: 0.59 W
Fan Duty: 50.34 %, Pump Duty: 50.34 %
Input Temp: 449.22 C, Output Temp: 450.20 C, Fluid Temp: 24.90 C, Power: -1.17 W
Fan Duty: 50.33 %, Pump Duty: 50.33 %
Input Temp: 449.71 C, Output Temp: 449.71 C, Fluid Temp: 24.90 C, Power: 0.00 W
Fan Duty: 50.32 %, Pump Duty: 50.32 %
Input Temp: 450.20 C, Output Temp: 449.22 C, Fluid Temp: 24.90 C, Power: 1.17 W
Fan Duty: 50.31 %, Pump Duty: 50.31 %
[DATA] 440.0 | 450.0 | 450.0 | 25.0 | 10.0 | 0.0 | 0.0 | 0.0
Input Temp: 450.20 C, Output Temp: 449.71 C, Fluid Temp: 24.90 C, Power: 0.59 W
Fan Duty: 50.32 %, Pump Duty: 50.32 %
Input Temp: 449.22 C, Output Temp: 449.22 C, Fluid Temp: 24.41 C, Power: 0.00 W
Fan Duty: 50.31 %, Pump Duty: 50.31 %
Input Temp: 450.20 C, Output Temp: 449.71 C, Fluid Temp: 24.41 C, Power: 0.59 W
Fan Duty: 50.30 %, Pump Duty: 50.30 %
Input Temp: 449.71 C, Output Temp: 449.71 C, Fluid Temp: 24.90 C, Power: 0.00 W
Fan Duty: 50.31 %, Pump Duty: 50.31 %
Input Temp: 449.71 C, Output Temp: 450.20 C, Fluid Temp: 24.41 C, Power: -0.59 W
Fan Duty: 50.30 %, Pump Duty: 50.30 %
[DATA] 445.0 | 450.0 | 450.0 | 25.0 | 10.1 | 0.0 | 0.0 | 0.0
Input Temp: 450.20 C, Output Temp: 449.71 C, Fluid Temp: 25.39 C, Power: 0.59 W
Fan Duty: 50.29 %, Pump Duty: 50.29 %
Input Temp: 449.22 C, Output Temp: 449.22 C, Fluid Temp: 24.41 C, Power: 0.00 W
Fan Duty: 50.30 %, Pump Duty: 50.30 %
Input Temp: 449.71 C, Output Temp: 449.71 C, Fluid Temp: 25.39 C, Power: 0.00 W
Fan Duty: 50.31 %, Pump Duty: 50.31 %
Input Temp: 449.22 C, Output Temp: 449.71 C, Fluid Temp: 25.39 C, Power: -0.59 W
Fan Duty: 50.30 %, Pump Duty: 50.30 %
Input Temp: 450.20 C, Output Temp: 450.20 C, Fluid Temp: 25.39 C, Power: 0.00 W
Fan Duty: 50.29 %, Pump Duty: 50.29 %
[DATA] 450.0 | 450.0 | 450.0 | 25.0 | 10.1 | 0.0 | 0.0 | 0.0
Input Temp: 450.20 C, Output Temp: 450.20 C, Fluid Temp: 24.90 C, Power: 0.00 W
Fan Duty: 50.28 %, Pump Duty: 50.28 %
Input Temp: 450.20 C, Output Temp: 450.20 C, Fluid Temp: 25.39 C, Power: 0.00 W
Fan Duty: 50.27 %, Pump Duty: 50.27 %
Input Temp: 450.20 C, Output Temp: 449.22 C, Fluid Temp: 25.39 C, Power: 1.17 W
Fan Duty: 50.26 %, Pump Duty: 50.26 %
Input Temp: 449.71 C, Output Temp: 449.71 C, Fluid Temp: 24.90 C, Power: 0.00 W
Fan Duty: 50.27 %, Pump Duty: 50.27 %
Input Temp: 449.22 C, Output Temp: 449.71 C, Fluid Temp: 24.90 C, Power: -0.59 W
Fan Duty: 50.26 %, Pump Duty: 50.26 %
[DATA] 455.0 | 450.0 | 450.0 | 25.0 | 10.2 | 0.0 | 0.0 | 0.0
Input Temp: 449.71 C, Output Temp: 449.22 C, Fluid Temp: 24.90 C, Power: 0.59 W
Fan Duty: 50.25 %, Pump Duty: 50.25 %
Input Temp: 450.20 C, Output Temp: 449.22 C, Fluid Temp: 24.90 C, Power: 1.17 W
Fan Duty: 50.24 %, Pump Duty: 50.24 %
Input Temp: 449.22 C, Output Temp: 449.71 C, Fluid Temp: 24.90 C, Power: -0.59 W
Fan Duty: 50.25 %, Pump Duty: 50.25 %
Input Temp: 449.71 C, Output Temp: 450.20 C, Fluid Temp: 24.41 C, Power: -0.59 W
Fan Duty: 50.26 %, Pump Duty: 50.26 %
Input Temp: 450.20 C, Output Temp: 449.22 C, Fluid Temp: 24.90 C, Power: 1.17 W
Fan Duty: 50.27 %, Pump Duty: 50.27 %
[DATA] 460.0 | 450.0 | 450.0 | 25.0 | 10.2 | 0.0 | 0.0 | 0.0
Input Temp: 449.71 C, Output Temp: 449.22 C, Fluid Temp: 25.39 C, Power: 0.59 W
Fan Duty: 50.26 %, Pump Duty: 50.26 %
Input Temp: 449.22 C, Output Temp: 449.22 C, Fluid Temp: 24.41 C, Power: 0.00 W
Fan Duty: 50.27 %, Pump Duty: 50.27 %
Input Temp: 450.20 C, Output Temp: 449.71 C, Fluid Temp: 24.41 C, Power: 0.59 W
Fan Duty: 50.28 %, Pump Duty: 50.28 %
Input Temp: 450.20 C, Output Temp: 449.22 C, Fluid Temp: 24.41 C, Power: 1.17 W
Fan Duty: 50.29 %, Pump Duty: 50.29 %
Input Temp: 449.71 C, Output Temp: 449.71 C, Fluid Temp: 25.39 C, Power: 0.00 W
Fan Duty: 50.28 %, Pump Duty: 50.28 %
[DATA] 465.0 | 450.0 | 450.0 | 25.0 | 10.2 | 0.0 | 0.0 | 0.0
Input Temp: 449.22 C, Output Temp: 449.71 C, Fluid Temp: 25.39 C, Power: -0.59 W
Fan Duty: 50.29 %, Pump Duty: 50.29 %
Input Temp: 449.71 C, Output Temp: 449.22 C, Fluid Temp: 24.41 C, Power: 0.59 W
Fan Duty: 50.30 %, Pump Duty: 50.30 %
Input Temp: 449.71 C, Output Temp: 450.20 C, Fluid Temp: 24.41 C, Power: -0.59 W
Fan Duty: 50.29 %, Pump Duty: 50.29 %
Input Temp: 449.22 C, Output Temp: 449.22 C, Fluid Temp: 25.39 C, Power: 0.00 W
Fan Duty: 50.28 %, Pump Duty: 50.28 %
Input Temp: 449.22 C, Output Temp: 450.20 C, Fluid Temp: 25.39 C, Power: -1.17 W
Fan Duty: 50.29 %, Pump Duty: 50.29 %
[DATA] 470.0 | 450.0 | 450.0 | 25.0 | 10.3 | 0.0 | 0.0 | 0.0
Input Temp: 449.71 C, Output Temp: 449.71 C, Fluid Temp: 24.90 C, Power: 0.00 W
Fan Duty: 50.30 %, Pump Duty: 50.30 %
Input Temp: 449.71 C, Output Temp: 450.20 C, Fluid Temp: 25.39 C, Power: -0.59 W
Fan Duty: 50.29 %, Pump Duty: 50.29 %
Input Temp: 450.20 C, Output Temp: 450.20 C, Fluid Temp: 25.39 C, Power: 0.00 W
Fan Duty: 50.28 %, Pump Duty: 50.28 %
Input Temp: 449.71 C, Output Temp: 449.71 C, Fluid Temp: 24.41 C, Power: 0.00 W
Fan Duty: 50.27 %, Pump Duty: 50.27 %
Input Temp: 450.20 C, Output Temp: 449.71 C, Fluid Temp: 25.39 C, Power: 0.59 W
Fan Duty: 50.26 %, Pump Duty: 50.26 %
[DATA] 475.0 | 450.0 | 450.0 | 25.0 | 10.3 | 0.0 | 0.0 | 0.0
Input Temp: 449.71 C, Output Temp: 449.71 C, Fluid Temp: 25.39 C, Power: 0.00 W
Fan Duty: 50.27 %, Pump Duty: 50.27 %
Input Temp: 449.71 C, Output Temp: 450.20 C, Fluid Temp: 24.90 C, Power: -0.59 W
Fan Duty: 50.26 %, Pump Duty: 50.26 %
Input Temp: 450.20 C, Output Temp: 449.22 C, Fluid Temp: 24.90 C, Power: 1.17 W
Fan Duty: 50.25 %, Pump Duty: 50.25 %
Input Temp: 450.20 C, Output Temp: 449.22 C, Fluid Temp: 24.90 C, Power: 1.17 W
Fan Duty: 50.24 %, Pump Duty: 50.24 %
Input Temp: 449.22 C, Output Temp: 449.71 C, Fluid Temp: 24.90 C, Power: -0.59 W
Fan Duty: 50.25 %, Pump Duty: 50.25 %
[DATA] 480.0 | 450.0 | 450.0 | 25.0 | 10.4 | 0.0 | 0.0 | 0.0
Input Temp: 449.71 C, Output Temp: 449.71 C, Fluid Temp: 24.41 C, Power: 0.00 W
Fan Duty: 50.26 %, Pump Duty: 50.26 %
Input Temp: 449.22 C, Output Temp: 450.20 C, Fluid Temp: 24.41 C, Power: -1.17 W
Fan Duty: 50.25 %, Pump Duty: 50.25 %
Input Temp: 449.71 C, Output Temp: 449.71 C, Fluid Temp: 24.41 C, Power: 0.00 W
Fan Duty: 50.24 %, Pump Duty: 50.24 %
Input Temp: 450.20 C, Output Temp: 449.71 C, Fluid Temp: 24.90 C, Power: 0.59 W
Fan Duty: 50.23 %, Pump Duty: 50.23 %
Input Temp: 449.22 C, Output Temp: 449.22 C, Fluid Temp: 24.41 C, Power: 0.00 W
Fan Duty: 50.24 %, Pump Duty: 50.24 %
[DATA] 485.0 | 450.0 | 450.0 | 25.0 | 10.4 | 0.0 | 0.0 | 0.0
Input Temp: 449.71 C, Output Temp: 449.71 C, Fluid Temp: 24.41 C, Power: 0.00 W
Fan Duty: 50.25 %, Pump Duty: 50.25 %
Input Temp: 450.20 C, Output Temp: 449.22 C, Fluid Temp: 24.41 C, Power: 1.17 W
Fan Duty: 50.26 %, Pump Duty: 50.26 %
Input Temp: 450.20 C, Output Temp: 450.20 C, Fluid Temp: 24.90 C, Power: 0.00 W
Fan Duty: 50.25 %, Pump Duty: 50.25 %
Input Temp: 449.22 C, Output Temp: 450.20 C, Fluid Temp: 24.90 C, Power: -1.17 W
Fan Duty: 50.26 %, Pump Duty: 50.26 %
Input Temp: 449.71 C, Output Temp: 450.20 C, Fluid Temp: 24.90 C, Power: -0.59 W
Fan Duty: 50.27 %, Pump Duty: 50.27 %
[DATA] 490.0 | 450.0 | 450.0 | 25.0 | 10.4 | 0.0 | 0.0 | 0.0
Input Temp: 449.22 C, Output Temp: 449.22 C, Fluid Temp: 25.39 C, Power: 0.00 W
Fan Duty: 50.28 %, Pump Duty: 50.28 %
Input Temp: 449.71 C, Output Temp: 450.20 C, Fluid Temp: 24.41 C, Power: -0.59 W
Fan Duty: 50.27 %, Pump Duty: 50.27 %
Input Temp: 450.20 C, Output Temp: 449.71 C, Fluid Temp: 24.90 C, Power: 0.59 W
Fan Duty: 50.26 %, Pump Duty: 50.26 %
Input Temp: 449.22 C, Output Temp: 449.22 C, Fluid Temp: 24.41 C, Power: 0.00 W
Fan Duty: 50.27 %, Pump Duty: 50.27 %
Input Temp: 449.22 C, Output Temp: 449.71 C, Fluid Temp: 24.90 C, Power: -0.59 W
Fan Duty: 50.26 %, Pump Duty: 50.26 %
[DATA] 495.0 | 450.0 | 450.0 | 25.0 | 10.5 | 0.0 | 0.0 | 0.0
Input Temp: 449.22 C, Output Temp: 450.20 C, Fluid Temp: 24.41 C, Power: -1.17 W
Fan Duty: 50.27 %, Pump Duty: 50.27 %
Input Temp: 449.71 C, Output Temp: 450.20 C, Fluid Temp: 24.90 C, Power: -0.59 W
Fan Duty: 50.28 %, Pump Duty: 50.28 %
Input Temp: 449.71 C, Output Temp: 449.71 C, Fluid Temp: 24.90 C, Power: 0.00 W
Fan Duty: 50.29 %, Pump Duty: 50.29 %
Input Temp: 449.71 C, Output Temp: 450.20 C, Fluid Temp: 24.90 C, Power: -0.59 W
Fan Duty: 50.28 %, Pump Duty: 50.28 %
Input Temp: 500.49 C, Output Temp: 500.49 C, Fluid Temp: 24.90 C, Power: 0.00 W
Fan Duty: 50.27 %, Pump Duty: 50.27 %
[DATA] 500.0 | 500.0 | 500.0 | 25.0 | 10.5 | 0.0 | 0.0 | 0.0
Input Temp: 500.00 C, Output Temp: 500.49 C, Fluid Temp: 24.90 C, Power: -0.59 W
Fan Duty: 50.28 %, Pump Duty: 50.28 %
Input Temp: 499.51 C, Output Temp: 500.49 C, Fluid Temp: 25.39 C, Power: -1.17 W
Fan Duty: 50.27 %, Pump Duty: 50.27 %
Input Temp: 500.00 C, Output Temp: 499.51 C, Fluid Temp: 24.41 C, Power: 0.59 W
Fan Duty: 50.26 %, Pump Duty: 50.26 %
Input Temp: 499.51 C, Output Temp: 500.00 C, Fluid Temp: 25.39 C, Power: -0.59 W
Fan Duty: 50.27 %, Pump Duty: 50.27 %
Input Temp: 499.51 C, Output Temp: 500.00 C, Fluid Temp: 24.41 C, Power: -0.59 W
Fan Duty: 50.28 %, Pump Duty: 50.28 %
[DATA] 505.0 | 500.0 | 500.0 | 25.0 | 10.5 | 0.0 | 0.0 | 0.0
Input Temp: 500.49 C, Output Temp: 500.49 C, Fluid Temp: 25.39 C, Power: 0.00 W
Fan Duty: 50.29 %, Pump Duty: 50.29 %
Input Temp: 500.00 C, Output Temp: 499.51 C, Fluid Temp: 24.41 C, Power: 0.59 W
Fan Duty: 50.30 %, Pump Duty: 50.30 %
Input Temp: 499.51 C, Output Temp: 500.49 C, Fluid Temp: 25.39 C, Power: -1.17 W
Fan Duty: 50.29 %, Pump Duty: 50.29 %
Input Temp: 500.49 C, Output Temp: 500.00 C, Fluid Temp: 24.90 C, Power: 0.59 W
Fan Duty: 50.28 %, Pump Duty: 50.28 %
Input Temp: 500.00 C, Output Temp: 499.51 C, Fluid Temp: 24.90 C, Power: 0.59 W
Fan Duty: 50.27 %, Pump Duty: 50.27 %
[DATA] 510.0 | 500.0 | 500.0 | 25.0 | 10.5 | 0.0 | 0.0 | 0.0
Input Temp: 500.00 C, Output Temp: 500.49 C, Fluid Temp: 24.41 C, Power: -0.59 W
Fan Duty: 50.28 %, Pump Duty: 50.28 %
Input Temp: 500.49 C, Output Temp: 499.51 C, Fluid Temp: 24.41 C, Power: 1.17 W
Fan Duty: 50.29 %, Pump Duty: 50.29 %
Input Temp: 500.49 C, Output Temp: 500.00 C, Fluid Temp: 25.39 C, Power: 0.59 W
Fan Duty: 50.28 %, Pump Duty: 50.28 %
Input Temp: 500.00 C, Output Temp: 500.00 C, Fluid Temp: 24.41 C, Power: 0.00 W
Fan Duty: 50.29 %, Pump Duty: 50.29 %
Input Temp: 499.51 C, Output Temp: 500.00 C, Fluid Temp: 24.41 C, Power: -0.59 W
Fan Duty: 50.28 %, Pump Duty: 50.28 %
[DATA] 515.0 | 500.0 | 500.0 | 25.0 | 10.6 | 0.0 | 0.0 | 0.0
Input Temp: 500.00 C, Output Temp: 500.49 C, Fluid Temp: 24.41 C, Power: -0.59 W
Fan Duty: 50.27 %, Pump Duty: 50.27 %
Input Temp: 500.49 C, Output Temp: 500.00 C, Fluid Temp: 24.90 C, Power: 0.59 W
Fan Duty: 50.26 %, Pump Duty: 50.26 %
Input Temp: 500.49 C, Output Temp: 499.51 C, Fluid Temp: 24.90 C, Power: 1.17 W
Fan Duty: 50.25 %, Pump Duty: 50.25 %
Input Temp: 499.51 C, Output Temp: 500.49 C, Fluid Temp: 25.39 C, Power: -1.17 W
Fan Duty: 50.26 %, Pump Duty: 50.26 %
Input Temp: 499.51 C, Output Temp: 500.49 C, Fluid Temp: 25.39 C, Power: -1.17 W
Fan Duty: 50.27 %, Pump Duty: 50.27 %
[DATA] 520.0 | 500.0 | 500.0 | 25.0 | 10.6 | 0.0 | 0.0 | 0.0
Input Temp: 500.00 C, Output Temp: 499.51 C, Fluid Temp: 24.90 C, Power: 0.59 W
Fan Duty: 50.28 %, Pump Duty: 50.28 %
Input Temp: 500.49 C, Output Temp: 500.00 C, Fluid Temp: 25.39 C, Power: 0.59 W
Fan Duty: 50.29 %, Pump Duty: 50.29 %
Input Temp: 500.00 C, Output Temp: 500.49 C, Fluid Temp: 24.41 C, Power: -0.59 W
Fan Duty: 50.28 %, Pump Duty: 50.28 %
Input Temp: 499.51 C, Output Temp: 499.51 C, Fluid Temp: 24.90 C, Power: 0.00 W
Fan Duty: 50.27 %, Pump Duty: 50.27 %
Input Temp: 500.49 C, Output Temp: 499.51 C, Fluid Temp: 24.90 C, Power: 1.17 W
Fan Duty: 50.26 %, Pump Duty: 50.26 %
[DATA] 525.0 | 500.0 | 500.0 | 25.0 | 10.6 | 0.0 | 0.0 | 0.0
Input Temp: 500.00 C, Output Temp: 500.49 C, Fluid Temp: 24.90 C, Power: -0.59 W
Fan Duty: 50.27 %, Pump Duty: 50.27 %
Input Temp: 499.51 C, Output Temp: 500.00 C, Fluid Temp: 25.39 C, Power: -0.59 W
Fan Duty: 50.28 %, Pump Duty: 50.28 %
Input Temp: 500.49 C, Output Temp: 500.49 C, Fluid Temp: 24.41 C, Power: 0.00 W
Fan Duty: 50.29 %, Pump Duty: 50.29 %
Input Temp: 499.51 C, Output Temp: 500.00 C, Fluid Temp: 24.90 C, Power: -0.59 W
Fan Duty: 50.28 %, Pump Duty: 50.28 %
Input Temp: 500.00 C, Output Temp: 500.00 C, Fluid Temp: 24.41 C, Power: 0.00 W
Fan Duty: 50.27 %, Pump Duty: 50.27 %
[DATA] 530.0 | 500.0 | 500.0 | 25.0 | 10.6 | 0.0 | 0.0 | 0.0
Input Temp: 500.00 C, Output Temp: 500.00 C, Fluid Temp: 25.39 C, Power: 0.00 W
Fan Duty: 50.26 %, Pump Duty: 50.26 %
Input Temp: 500.49 C, Output Temp: 499.51 C, Fluid Temp: 25.39 C, Power: 1.17 W
Fan Duty: 50.25 %, Pump Duty: 50.25 %
Input Temp: 499.51 C, Output Temp: 500.00 C, Fluid Temp: 24.90 C, Power: -0.59 W
Fan Duty: 50.26 %, Pump Duty: 50.26 %
Input Temp: 500.00 C, Output Temp: 500.00 C, Fluid Temp: 24.90 C, Power: 0.00 W
Fan Duty: 50.27 %, Pump Duty: 50.27 %
Input Temp: 500.49 C, Output Temp: 500.00 C, Fluid Temp: 25.39 C, Power: 0.59 W
Fan Duty: 50.28 %, Pump Duty: 50.28 %
[DATA] 535.0 | 500.0 | 500.0 | 25.0 | 10.6 | 0.0 | 0.0 | 0.0
Input Temp: 500.49 C, Output Temp: 500.49 C, Fluid Temp: 24.41 C, Power: 0.00 W
Fan Duty: 50.27 %, Pump Duty: 50.27 %
Input Temp: 499.51 C, Output Temp: 500.49 C, Fluid Temp: 25.39 C, Power: -1.17 W
Fan Duty: 50.28 %, Pump Duty: 50.28 %
Input Temp: 499.51 C, Output Temp: 499.51 C, Fluid Temp: 24.90 C, Power: 0.00 W
Fan Duty: 50.29 %, Pump Duty: 50.29 %
Input Temp: 500.49 C, Output Temp: 499.51 C, Fluid Temp: 24.90 C, Power: 1.17 W
Fan Duty: 50.30 %, Pump Duty: 50.30 %
Input Temp: 500.00 C, Output Temp: 500.00 C, Fluid Temp: 25.39 C, Power: 0.00 W
Fan Duty: 50.29 %, Pump Duty: 50.29 %
[DATA] 540.0 | 500.0 | 500.0 | 25.0 | 10.7 | 0.0 | 0.0 | 0.0
Input Temp: 499.51 C, Output Temp: 500.49 C, Fluid Temp: 25.39 C, Power: -1.17 W
Fan Duty: 50.30 %, Pump Duty: 50.30 %
Input Temp: 499.51 C, Output Temp: 500.49 C, Fluid Temp: 24.90 C, Power: -1.17 W
Fan Duty: 50.31 %, Pump Duty: 50.31 %
Input Temp: 500.00 C, Output Temp: 499.51 C, Fluid Temp: 25.39 C, Power: 0.59 W
Fan Duty: 50.32 %, Pump Duty: 50.32 %
Input Temp: 499.51 C, Output Temp: 499.51 C, Fluid Temp: 24.41 C, Power: 0.00 W
Fan Duty: 50.31 %, Pump Duty: 50.31 %
Input Temp: 500.49 C, Output Temp: 499.51 C, Fluid Temp: 24.41 C, Power: 1.17 W
Fan Duty: 50.30 %, Pump Duty: 50.30 %
[DATA] 545.0 | 500.0 | 500.0 | 25.0 | 10.7 | 0.0 | 0.0 | 0.0
Input Temp: 500.00 C, Output Temp: 500.49 C, Fluid Temp: 25.39 C, Power: -0.59 W
Fan Duty: 50.31 %, Pump Duty: 50.31 %
Input Temp: 499.51 C, Output Temp: 499.51 C, Fluid Temp: 24.90 C, Power: 0.00 W
Fan Duty: 50.32 %, Pump Duty: 50.32 %
Input Temp: 499.51 C, Output Temp: 499.51 C, Fluid Temp: 24.90 C, Power: 0.00 W
Fan Duty: 50.33 %, Pump Duty: 50.33 %
Input Temp: 499.51 C, Output Temp: 500.49 C, Fluid Temp: 25.39 C, Power: -1.17 W
Fan Duty: 50.32 %, Pump Duty: 50.32 %
Input Temp: 500.49 C, Output Temp: 499.51 C, Fluid Temp: 24.90 C, Power: 1.17 W
Fan Duty: 50.31 %, Pump Duty: 50.31 %
[DATA] 550.0 | 500.0 | 500.0 | 25.0 | 10.7 | 0.0 | 0.0 | 0.0
Input Temp: 500.00 C, Output Temp: 500.00 C, Fluid Temp: 24.90 C, Power: 0.00 W
Fan Duty: 50.32 %, Pump Duty: 50.32 %
Input Temp: 500.49 C, Output Temp: 500.49 C, Fluid Temp: 25.39 C, Power: 0.00 W
Fan Duty: 50.33 %, Pump Duty: 50.33 %
Input Temp: 500.49 C, Output Temp: 499.51 C, Fluid Temp: 24.90 C, Power: 1.17 W
Fan Duty: 50.34 %, Pump Duty: 50.34 %
Input Temp: 499.51 C, Output Temp: 499.51 C, Fluid Temp: 25.39 C, Power: 0.00 W
Fan Duty: 50.33 %, Pump Duty: 50.33 %
Input Temp: 500.49 C, Output Temp: 499.51 C, Fluid Temp: 25.39 C, Power: 1.17 W
Fan Duty: 50.32 %, Pump Duty: 50.32 %
[DATA] 555.0 | 500.0 | 500.0 | 25.0 | 10.7 | 0.0 | 0.0 | 0.0
Input Temp: 500.49 C, Output Temp: 500.49 C, Fluid Temp: 24.41 C, Power: 0.00 W
Fan Duty: 50.33 %, Pump Duty: 50.33 %
Input Temp: 500.49 C, Output Temp: 499.51 C, Fluid Temp: 24.90 C, Power: 1.17 W
Fan Duty: 50.34 %, Pump Duty: 50.34 %
Input Temp: 499.51 C, Output Temp: 499.51 C, Fluid Temp: 25.39 C, Power: 0.00 W
Fan Duty: 50.33 %, Pump Duty: 50.33 %
Input Temp: 500.49 C, Output Temp: 499.51 C, Fluid Temp: 24.41 C, Power: 1.17 W
Fan Duty: 50.32 %, Pump Duty: 50.32 %
Input Temp: 500.49 C, Output Temp: 499.51 C, Fluid Temp: 25.39 C, Power: 1.17 W
Fan Duty: 50.31 %, Pump Duty: 50.31 %
[DATA] 560.0 | 500.0 | 500.0 | 25.0 | 10.7 | 0.0 | 0.0 | 0.0
Input Temp: 500.49 C, Output Temp: 500.00 C, Fluid Temp: 25.39 C, Power: 0.59 W
Fan Duty: 50.32 %, Pump Duty: 50.32 %
Input Temp: 499.51 C, Output Temp: 500.00 C, Fluid Temp: 24.41 C, Power: -0.59 W
Fan Duty: 50.31 %, Pump Duty: 50.31 %
Input Temp: 499.51 C, Output Temp: 499.51 C, Fluid Temp: 24.41 C, Power: 0.00 W
Fan Duty: 50.30 %, Pump Duty: 50.30 %
Input Temp: 499.51 C, Output Temp: 499.51 C, Fluid Temp: 25.39 C, Power: 0.00 W
Fan Duty: 50.29 %, Pump Duty: 50.29 %
Input Temp: 499.51 C, Output Temp: 500.00 C, Fluid Temp: 24.90 C, Power: -0.59 W
Fan Duty: 50.30 %, Pump Duty: 50.30 %
[DATA] 565.0 | 500.0 | 500.0 | 25.0 | 10.8 | 0.0 | 0.0 | 0.0
Input Temp: 500.00 C, Output Temp: 500.00 C, Fluid Temp: 24.41 C, Power: 0.00 W
Fan Duty: 50.31 %, Pump Duty: 50.31 %
Input Temp: 500.49 C, Output Temp: 500.00 C, Fluid Temp: 25.39 C, Power: 0.59 W
Fan Duty: 50.32 %, Pump Duty: 50.32 %
Input Temp: 500.49 C, Output Temp: 500.49 C, Fluid Temp: 24.90 C, Power: 0.00 W
Fan Duty: 50.31 %, Pump Duty: 50.31 %
Input Temp: 500.00 C, Output Temp: 499.51 C, Fluid Temp: 24.90 C, Power: 0.59 W
Fan Duty: 50.30 %, Pump Duty: 50.30 %
Input Temp: 500.00 C, Output Temp: 500.49 C, Fluid Temp: 24.90 C, Power: -0.59 W
Fan Duty: 50.31 %, Pump Duty: 50.31 %
[DATA] 570.0 | 500.0 | 500.0 | 25.0 | 10.8 | 0.0 | 0.0 | 0.0
Input Temp: 499.51 C, Output Temp: 500.00 C, Fluid Temp: 24.90 C, Power: -0.59 W
Fan Duty: 50.32 %, Pump Duty: 50.32 %
Input Temp: 500.49 C, Output Temp: 500.49 C, Fluid Temp: 25.39 C, Power: 0.00 W
Fan Duty: 50.33 %, Pump Duty: 50.33 %
Input Temp: 499.51 C, Output Temp: 500.00 C, Fluid Temp: 24.90 C, Power: -0.59 W
Fan Duty: 50.32 %, Pump Duty: 50.32 %
Input Temp: 499.51 C, Output Temp: 500.49 C, Fluid Temp: 24.90 C, Power: -1.17 W
Fan Duty: 50.33 %, Pump Duty: 50.33 %
Input Temp: 499.51 C, Output Temp: 500.00 C, Fluid Temp: 24.90 C, Power: -0.59 W
Fan Duty: 50.34 %, Pump Duty: 50.34 %
[DATA] 575.0 | 500.0 | 500.0 | 25.0 | 10.8 | 0.0 | 0.0 | 0.0
Input Temp: 500.00 C, Output Temp: 500.49 C, Fluid Temp: 25.39 C, Power: -0.59 W
Fan Duty: 50.35 %, Pump Duty: 50.35 %
Input Temp: 500.49 C, Output Temp: 499.51 C, Fluid Temp: 24.90 C, Power: 1.17 W
Fan Duty: 50.36 %, Pump Duty: 50.36 %
Input Temp: 499.51 C, Output Temp: 499.51 C, Fluid Temp: 24.90 C, Power: 0.00 W
Fan Duty: 50.35 %, Pump Duty: 50.35 %
Input Temp: 500.49 C, Output Temp: 500.49 C, Fluid Temp: 24.41 C, Power: 0.00 W
Fan Duty: 50.34 %, Pump Duty: 50.34 %
Input Temp: 500.49 C, Output Temp: 500.49 C, Fluid Temp: 24.90 C, Power: 0.00 W
Fan Duty: 50.33 %, Pump Duty: 50.33 %
[DATA] 580.0 | 500.0 | 500.0 | 25.0 | 10.8 | 0.0 | 0.0 | 0.0
Input Temp: 500.49 C, Output Temp: 499.51 C, Fluid Temp: 25.39 C, Power: 1.17 W
Fan Duty: 50.32 %, Pump Duty: 50.32 %
Input Temp: 500.49 C, Output Temp: 499.51 C, Fluid Temp: 24.41 C, Power: 1.17 W
Fan Duty: 50.31 %, Pump Duty: 50.31 %
Input Temp: 500.49 C, Output Temp: 500.00 C, Fluid Temp: 24.41 C, Power: 0.59 W
Fan Duty: 50.32 %, Pump Duty: 50.32 %
Input Temp: 500.00 C, Output Temp: 499.51 C, Fluid Temp: 24.90 C, Power: 0.59 W
Fan Duty: 50.33 %, Pump Duty: 50.33 %
Input Temp: 499.51 C, Output Temp: 499.51 C, Fluid Temp: 24.41 C, Power: 0.00 W
Fan Duty: 50.32 %, Pump Duty: 50.32 %
[DATA] 585.0 | 500.0 | 500.0 | 25.0 | 10.8 | 0.0 | 0.0 | 0.0
Input Temp: 500.00 C, Output Temp: 500.00 C, Fluid Temp: 24.41 C, Power: 0.00 W
Fan Duty: 50.31 %, Pump Duty: 50.31 %
Input Temp: 500.00 C, Output Temp: 500.00 C, Fluid Temp: 24.41 C, Power: 0.00 W
Fan Duty: 50.30 %, Pump Duty: 50.30 %
Input Temp: 500.00 C, Output Temp: 499.51 C, Fluid Temp: 25.39 C, Power: 0.59 W
Fan Duty: 50.29 %, Pump Duty: 50.29 %
Input Temp: 499.51 C, Output Temp: 500.00 C, Fluid Temp: 24.90 C, Power: -0.59 W
Fan Duty: 50.30 %, Pump Duty: 50.30 %
Input Temp: 500.49 C, Output Temp: 500.00 C, Fluid Temp: 24.90 C, Power: 0.59 W
Fan Duty: 50.31 %, Pump Duty: 50.31 %
[DATA] 590.0 | 500.0 | 500.0 | 25.0 | 10.8 | 0.0 | 0.0 | 0.0
Input Temp: 500.00 C, Output Temp: 500.49 C, Fluid Temp: 24.90 C, Power: -0.59 W
Fan Duty: 50.30 %, Pump Duty: 50.30 %
Input Temp: 500.49 C, Output Temp: 499.51 C, Fluid Temp: 25.39 C, Power: 1.17 W
Fan Duty: 50.29 %, Pump Duty: 50.29 %
Input Temp: 499.51 C, Output Temp: 500.49 C, Fluid Temp: 25.39 C, Power: -1.17 W
Fan Duty: 50.30 %, Pump Duty: 50.30 %
Input Temp: 499.51 C, Output Temp: 499.51 C, Fluid Temp: 24.90 C, Power: 0.00 W
Fan Duty: 50.31 %, Pump Duty: 50.31 %
Input Temp: 500.49 C, Output Temp: 500.49 C, Fluid Temp: 25.39 C, Power: 0.00 W
Fan Duty: 50.32 %, Pump Duty: 50.32 %
[DATA] 595.0 | 500.0 | 500.0 | 25.0 | 10.8 | 0.0 | 0.0 | 0.0
Input Temp: 500.49 C, Output Temp: 500.49 C, Fluid Temp: 25.39 C, Power: 0.00 W
Fan Duty: 50.33 %, Pump Duty: 50.33 %
Input Temp: 500.00 C, Output Temp: 499.51 C, Fluid Temp: 25.39 C, Power: 0.59 W
Fan Duty: 50.34 %, Pump Duty: 50.34 %
Input Temp: 500.49 C, Output Temp: 500.00 C, Fluid Temp: 24.90 C, Power: 0.59 W
Fan Duty: 50.35 %, Pump Duty: 50.35 %
Input Temp: 500.00 C, Output Temp: 499.51 C, Fluid Temp: 25.39 C, Power: 0.59 W
Fan Duty: 50.36 %, Pump Duty: 50.36 %

Metrics: Avg Power = 18.70 W, Total Energy = 11223.0 J
